#
# There is insufficient memory for the Java Runtime Environment to continue.
# Native memory allocation (malloc) failed to allocate 32744 bytes for ChunkPool::allocate
# Possible reasons:
#   The system is out of physical RAM or swap space
#   The process is running with CompressedOops enabled, and the Java Heap may be blocking the growth of the native heap
# Possible solutions:
#   Reduce memory load on the system
#   Increase physical memory or swap space
#   Check if swap backing store is full
#   Decrease Java heap size (-Xmx/-Xms)
#   Decrease number of Java threads
#   Decrease Java thread stack sizes (-Xss)
#   Set larger code cache with -XX:ReservedCodeCacheSize=
#   JVM is running with Unscaled Compressed Oops mode in which the Java heap is
#     placed in the first 4GB address space. The Java Heap base address is the
#     maximum limit for the native heap growth. Please use -XX:HeapBaseMinAddress
#     to set the Java Heap base and to place the Java Heap above 4GB virtual address.
# This output file may be truncated or incomplete.
#
#  Out of Memory Error (./src/hotspot/share/memory/arena.cpp:81), pid=8908, tid=11444
#
# JRE version: OpenJDK Runtime Environment (11.0.10) (build 11.0.10+0-b96-7249189)
# Java VM: OpenJDK 64-Bit Server VM (11.0.10+0-b96-7249189, mixed mode, tiered, compressed oops, g1 gc, windows-amd64)
# No core dump will be written. Minidumps are not enabled by default on client versions of Windows
#

---------------  S U M M A R Y ------------

Command Line: --add-opens=java.base/java.util=ALL-UNNAMED --add-opens=java.base/java.lang=ALL-UNNAMED --add-opens=java.base/java.lang.invoke=ALL-UNNAMED --add-opens=java.base/java.util=ALL-UNNAMED --add-opens=java.prefs/java.util.prefs=ALL-UNNAMED --add-opens=java.prefs/java.util.prefs=ALL-UNNAMED --add-opens=java.base/java.nio.charset=ALL-UNNAMED --add-opens=java.base/java.net=ALL-UNNAMED --add-opens=java.base/java.util.concurrent.atomic=ALL-UNNAMED -Xmx2048m -Dfile.encoding=UTF-8 -Duser.country=US -Duser.language=en -Duser.variant org.gradle.launcher.daemon.bootstrap.GradleDaemon 7.0.2

Host: Intel(R) Core(TM) i5-10210U CPU @ 1.60GHz, 8 cores, 7G,  Windows 10 , 64 bit Build 19041 (10.0.19041.1202)
Time: Thu Sep 23 23:39:37 2021 Sri Lanka Standard Time elapsed time: 161.773588 seconds (0d 0h 2m 41s)

---------------  T H R E A D  ---------------

Current thread (0x0000027e26c04000):  JavaThread "C2 CompilerThread0" daemon [_thread_in_native, id=11444, stack(0x000000a6a2700000,0x000000a6a2800000)]


Current CompileTask:
C2: 161773 12247       4       java.lang.String::split (324 bytes)

Stack: [0x000000a6a2700000,0x000000a6a2800000]
Native frames: (J=compiled Java code, j=interpreted, Vv=VM code, C=native code)
V  [jvm.dll+0x5ecfaa]
V  [jvm.dll+0x722bd5]
V  [jvm.dll+0x72412d]
V  [jvm.dll+0x7247e3]
V  [jvm.dll+0x242928]
V  [jvm.dll+0xbc75b]
V  [jvm.dll+0xbca0c]
V  [jvm.dll+0xbc608]
V  [jvm.dll+0x5cd2ee]
V  [jvm.dll+0x58b9ff]
V  [jvm.dll+0x332b99]
V  [jvm.dll+0x5ffc7e]
V  [jvm.dll+0x5ff532]
V  [jvm.dll+0x185d3c]
V  [jvm.dll+0x2b40b3]
V  [jvm.dll+0x60a0f9]
V  [jvm.dll+0x601fea]
V  [jvm.dll+0x601653]
V  [jvm.dll+0x5ff6a2]
V  [jvm.dll+0x185d3c]
V  [jvm.dll+0x2b40b3]
V  [jvm.dll+0x60a0f9]
V  [jvm.dll+0x601fea]
V  [jvm.dll+0x601653]
V  [jvm.dll+0x5ff6a2]
V  [jvm.dll+0x185d3c]
V  [jvm.dll+0x2b40b3]
V  [jvm.dll+0x60a0f9]
V  [jvm.dll+0x601fea]
V  [jvm.dll+0x601653]
V  [jvm.dll+0x5ff6a2]
V  [jvm.dll+0x185d3c]
V  [jvm.dll+0x2b40b3]
V  [jvm.dll+0x60a0f9]
V  [jvm.dll+0x601fea]
V  [jvm.dll+0x601653]
V  [jvm.dll+0x5ff6a2]
V  [jvm.dll+0x185d3c]
V  [jvm.dll+0x1fa515]
V  [jvm.dll+0x18354c]
V  [jvm.dll+0x208ee7]
V  [jvm.dll+0x207731]
V  [jvm.dll+0x6eb1cf]
V  [jvm.dll+0x6e3d45]
V  [jvm.dll+0x5ebe96]
C  [ucrtbase.dll+0x21bb2]
C  [KERNEL32.DLL+0x17034]
C  [ntdll.dll+0x52651]


---------------  P R O C E S S  ---------------

Threads class SMR info:
_java_thread_list=0x0000027e32371090, length=45, elements={
0x0000027e0c779800, 0x0000027e26be4800, 0x0000027e26be6000, 0x0000027e26bfb000,
0x0000027e26bfc800, 0x0000027e26bfd800, 0x0000027e26c04000, 0x0000027e26c07000,
0x0000027e26c13000, 0x0000027e276c6000, 0x0000027e28d74000, 0x0000027e296be800,
0x0000027e279a4800, 0x0000027e297c1800, 0x0000027e297c5800, 0x0000027e297c3000,
0x0000027e297c4800, 0x0000027e297c7000, 0x0000027e2aac5800, 0x0000027e2aac7000,
0x0000027e2aac9800, 0x0000027e2aac9000, 0x0000027e27e62800, 0x0000027e27e66000,
0x0000027e27e6c800, 0x0000027e27e6a800, 0x0000027e27e67800, 0x0000027e27e66800,
0x0000027e27e6d000, 0x0000027e27e69000, 0x0000027e28aab000, 0x0000027e27e5e800,
0x0000027e297c8000, 0x0000027e297c4000, 0x0000027e297c6000, 0x0000027e28aa5000,
0x0000027e28aab800, 0x0000027e28aaa000, 0x0000027e28aa8800, 0x0000027e28aa9000,
0x0000027e28aa6000, 0x0000027e28aac800, 0x0000027e28aa7000, 0x0000027e293c5800,
0x0000027e28aad800
}

Java Threads: ( => current thread )
  0x0000027e0c779800 JavaThread "main" [_thread_blocked, id=10256, stack(0x000000a6a1b00000,0x000000a6a1c00000)]
  0x0000027e26be4800 JavaThread "Reference Handler" daemon [_thread_blocked, id=5740, stack(0x000000a6a2200000,0x000000a6a2300000)]
  0x0000027e26be6000 JavaThread "Finalizer" daemon [_thread_blocked, id=8084, stack(0x000000a6a2300000,0x000000a6a2400000)]
  0x0000027e26bfb000 JavaThread "Signal Dispatcher" daemon [_thread_blocked, id=11820, stack(0x000000a6a2400000,0x000000a6a2500000)]
  0x0000027e26bfc800 JavaThread "Attach Listener" daemon [_thread_blocked, id=296, stack(0x000000a6a2500000,0x000000a6a2600000)]
  0x0000027e26bfd800 JavaThread "Service Thread" daemon [_thread_blocked, id=6628, stack(0x000000a6a2600000,0x000000a6a2700000)]
=>0x0000027e26c04000 JavaThread "C2 CompilerThread0" daemon [_thread_in_native, id=11444, stack(0x000000a6a2700000,0x000000a6a2800000)]
  0x0000027e26c07000 JavaThread "C1 CompilerThread0" daemon [_thread_blocked, id=6060, stack(0x000000a6a2800000,0x000000a6a2900000)]
  0x0000027e26c13000 JavaThread "Sweeper thread" daemon [_thread_blocked, id=8188, stack(0x000000a6a2900000,0x000000a6a2a00000)]
  0x0000027e276c6000 JavaThread "Common-Cleaner" daemon [_thread_blocked, id=1916, stack(0x000000a6a2a00000,0x000000a6a2b00000)]
  0x0000027e28d74000 JavaThread "Daemon health stats" [_thread_blocked, id=7148, stack(0x000000a6a3000000,0x000000a6a3100000)]
  0x0000027e296be800 JavaThread "Incoming local TCP Connector on port 51624" [_thread_in_native, id=6780, stack(0x000000a6a2c00000,0x000000a6a2d00000)]
  0x0000027e279a4800 JavaThread "Daemon periodic checks" [_thread_blocked, id=10588, stack(0x000000a6a2d00000,0x000000a6a2e00000)]
  0x0000027e297c1800 JavaThread "Cache worker for file hash cache (C:\Users\Dutlitha\.gradle\caches\7.0.2\fileHashes)" [_thread_blocked, id=13128, stack(0x000000a6a3d00000,0x000000a6a3e00000)]
  0x0000027e297c5800 JavaThread "File lock request listener" [_thread_in_native, id=10512, stack(0x000000a6a3e00000,0x000000a6a3f00000)]
  0x0000027e297c3000 JavaThread "Cache worker for journal cache (C:\Users\Dutlitha\.gradle\caches\journal-1)" [_thread_blocked, id=3112, stack(0x000000a6a4000000,0x000000a6a4100000)]
  0x0000027e297c4800 JavaThread "File watcher server" daemon [_thread_in_native, id=13612, stack(0x000000a6a4300000,0x000000a6a4400000)]
  0x0000027e297c7000 JavaThread "File watcher consumer" daemon [_thread_blocked, id=9400, stack(0x000000a6a4400000,0x000000a6a4500000)]
  0x0000027e2aac5800 JavaThread "Cache worker for execution history cache (C:\Users\Dutlitha\.gradle\caches\7.0.2\executionHistory)" [_thread_blocked, id=4036, stack(0x000000a6a4900000,0x000000a6a4a00000)]
  0x0000027e2aac7000 JavaThread "jar transforms" [_thread_blocked, id=13864, stack(0x000000a6a4a00000,0x000000a6a4b00000)]
  0x0000027e2aac9800 JavaThread "jar transforms Thread 2" [_thread_blocked, id=3968, stack(0x000000a6a4b00000,0x000000a6a4c00000)]
  0x0000027e2aac9000 JavaThread "Cache worker for file content cache (C:\Users\Dutlitha\.gradle\caches\7.0.2\fileContent)" [_thread_blocked, id=9448, stack(0x000000a6a4c00000,0x000000a6a4d00000)]
  0x0000027e27e62800 JavaThread "jar transforms Thread 3" [_thread_blocked, id=13844, stack(0x000000a6a4e00000,0x000000a6a4f00000)]
  0x0000027e27e66000 JavaThread "jar transforms Thread 4" [_thread_blocked, id=3792, stack(0x000000a6a5800000,0x000000a6a5900000)]
  0x0000027e27e6c800 JavaThread "jar transforms Thread 5" [_thread_blocked, id=8224, stack(0x000000a6a5900000,0x000000a6a5a00000)]
  0x0000027e27e6a800 JavaThread "jar transforms Thread 6" [_thread_blocked, id=4016, stack(0x000000a6a5a00000,0x000000a6a5b00000)]
  0x0000027e27e67800 JavaThread "jar transforms Thread 7" [_thread_blocked, id=12256, stack(0x000000a6a5b00000,0x000000a6a5c00000)]
  0x0000027e27e66800 JavaThread "jar transforms Thread 8" [_thread_blocked, id=3096, stack(0x000000a6a5c00000,0x000000a6a5d00000)]
  0x0000027e27e6d000 JavaThread "Memory manager" [_thread_blocked, id=9316, stack(0x000000a6a5d00000,0x000000a6a5e00000)]
  0x0000027e27e69000 JavaThread "pool-3-thread-1" [_thread_blocked, id=4676, stack(0x000000a6a5f00000,0x000000a6a6000000)]
  0x0000027e28aab000 JavaThread "pool-6-thread-1" [_thread_blocked, id=6496, stack(0x000000a6a5700000,0x000000a6a5800000)]
  0x0000027e27e5e800 JavaThread "pool-9-thread-1" [_thread_blocked, id=8260, stack(0x000000a6a6000000,0x000000a6a6100000)]
  0x0000027e297c8000 JavaThread "Daemon Thread 2" [_thread_blocked, id=8068, stack(0x000000a6a1800000,0x000000a6a1900000)]
  0x0000027e297c4000 JavaThread "Handler for socket connection from /127.0.0.1:51624 to /127.0.0.1:57952" [_thread_in_native, id=7292, stack(0x000000a6a1900000,0x000000a6a1a00000)]
  0x0000027e297c6000 JavaThread "Cancel handler" [_thread_blocked, id=16052, stack(0x000000a6a1a00000,0x000000a6a1b00000)]
  0x0000027e28aa5000 JavaThread "Daemon worker Thread 2" [_thread_in_vm, id=10236, stack(0x000000a6a3100000,0x000000a6a3200000)]
  0x0000027e28aab800 JavaThread "Asynchronous log dispatcher for DefaultDaemonConnection: socket connection from /127.0.0.1:51624 to /127.0.0.1:57952" [_thread_blocked, id=12504, stack(0x000000a6a3200000,0x000000a6a3300000)]
  0x0000027e28aaa000 JavaThread "Stdin handler" [_thread_blocked, id=12380, stack(0x000000a6a3300000,0x000000a6a3400000)]
  0x0000027e28aa8800 JavaThread "Daemon client event forwarder" [_thread_in_Java, id=8732, stack(0x000000a6a3400000,0x000000a6a3500000)]
  0x0000027e28aa9000 JavaThread "Cache worker for file hash cache (C:\Users\Dutlitha\AndroidStudioProjects\Wartersy\.gradle\7.0.2\fileHashes)" [_thread_blocked, id=3004, stack(0x000000a6a3500000,0x000000a6a3600000)]
  0x0000027e28aa6000 JavaThread "Cache worker for checksums cache (C:\Users\Dutlitha\AndroidStudioProjects\Wartersy\.gradle\checksums)" [_thread_blocked, id=6356, stack(0x000000a6a3600000,0x000000a6a3700000)]
  0x0000027e28aac800 JavaThread "Cache worker for cache directory md-supplier (C:\Users\Dutlitha\.gradle\caches\7.0.2\md-supplier)" [_thread_blocked, id=8428, stack(0x000000a6a3700000,0x000000a6a3800000)]
  0x0000027e28aa7000 JavaThread "Cache worker for cache directory md-rule (C:\Users\Dutlitha\.gradle\caches\7.0.2\md-rule)" [_thread_blocked, id=11384, stack(0x000000a6a4100000,0x000000a6a4200000)]
  0x0000027e293c5800 JavaThread "C2 CompilerThread1" daemon [_thread_in_native, id=14956, stack(0x000000a6a4200000,0x000000a6a4300000)]
  0x0000027e28aad800 JavaThread "Cache worker for dependencies-accessors (C:\Users\Dutlitha\AndroidStudioProjects\Wartersy\.gradle\7.0.2\dependencies-accessors)" [_thread_blocked, id=12632, stack(0x000000a6a4500000,0x000000a6a4600000)]

Other Threads:
  0x0000027e26bdc800 VMThread "VM Thread" [stack: 0x000000a6a2100000,0x000000a6a2200000] [id=15160]
  0x0000027e2770a800 WatcherThread [stack: 0x000000a6a2b00000,0x000000a6a2c00000] [id=3160]
  0x0000027e0c794000 GCTaskThread "GC Thread#0" [stack: 0x000000a6a1c00000,0x000000a6a1d00000] [id=15584]
  0x0000027e28716800 GCTaskThread "GC Thread#1" [stack: 0x000000a6a2e00000,0x000000a6a2f00000] [id=14424]
  0x0000027e28321800 GCTaskThread "GC Thread#2" [stack: 0x000000a6a2f00000,0x000000a6a3000000] [id=680]
  0x0000027e28320800 GCTaskThread "GC Thread#3" [stack: 0x000000a6a3800000,0x000000a6a3900000] [id=11872]
  0x0000027e28d31800 GCTaskThread "GC Thread#4" [stack: 0x000000a6a3900000,0x000000a6a3a00000] [id=12460]
  0x0000027e29762800 GCTaskThread "GC Thread#5" [stack: 0x000000a6a3a00000,0x000000a6a3b00000] [id=12344]
  0x0000027e29763000 GCTaskThread "GC Thread#6" [stack: 0x000000a6a3b00000,0x000000a6a3c00000] [id=7440]
  0x0000027e29b94800 GCTaskThread "GC Thread#7" [stack: 0x000000a6a3c00000,0x000000a6a3d00000] [id=1316]
  0x0000027e0c7c3800 ConcurrentGCThread "G1 Main Marker" [stack: 0x000000a6a1d00000,0x000000a6a1e00000] [id=9852]
  0x0000027e0c7c5000 ConcurrentGCThread "G1 Conc#0" [stack: 0x000000a6a1e00000,0x000000a6a1f00000] [id=13928]
  0x0000027e2a7d1000 ConcurrentGCThread "G1 Conc#1" [stack: 0x000000a6a3f00000,0x000000a6a4000000] [id=1892]
  0x0000027e0c856800 ConcurrentGCThread "G1 Refine#0" [stack: 0x000000a6a1f00000,0x000000a6a2000000] [id=15668]
  0x0000027e0c857800 ConcurrentGCThread "G1 Young RemSet Sampling" [stack: 0x000000a6a2000000,0x000000a6a2100000] [id=6748]

Threads with active compile tasks:
C2 CompilerThread0 161817 12247       4       java.lang.String::split (324 bytes)
C2 CompilerThread1 161817 12272       4       org.gradle.api.internal.DefaultMutationGuard::isMutationAllowed (21 bytes)

VM state:not at safepoint (normal execution)

VM Mutex/Monitor currently owned by a thread:  ([mutex/lock_event])
[0x0000027e0c777150] Safepoint_lock - owner thread: 0x0000027e26bdc800
[0x0000027e0c775410] Threads_lock - owner thread: 0x0000027e26bdc800

OutOfMemory and StackOverflow Exception counts:
OutOfMemoryError java_heap_errors=1
LinkageErrors=129

Heap address: 0x0000000080000000, size: 2048 MB, Compressed Oops mode: 32-bit
Narrow klass base: 0x0000000000000000, Narrow klass shift: 3
Compressed class space size: 1073741824 Address: 0x0000000100000000

Heap:
 garbage-first heap   total 187392K, used 88932K [0x0000000080000000, 0x0000000100000000)
  region size 1024K, 22 young (22528K), 8 survivors (8192K)
 Metaspace       used 87916K, capacity 90333K, committed 90572K, reserved 1128448K
  class space    used 10990K, capacity 11874K, committed 11980K, reserved 1048576K
Heap Regions: E=young(eden), S=young(survivor), O=old, HS=humongous(starts), HC=humongous(continues), CS=collection set, F=free, A=archive, TAMS=top-at-mark-start (previous, next)
|   0|0x0000000080000000, 0x0000000080100000, 0x0000000080100000|100%| O|  |TAMS 0x0000000080100000, 0x0000000080000000| Untracked 
|   1|0x0000000080100000, 0x0000000080200000, 0x0000000080200000|100%| O|  |TAMS 0x0000000080200000, 0x0000000080100000| Untracked 
|   2|0x0000000080200000, 0x0000000080300000, 0x0000000080300000|100%| O|  |TAMS 0x0000000080300000, 0x0000000080200000| Untracked 
|   3|0x0000000080300000, 0x0000000080400000, 0x0000000080400000|100%|HS|  |TAMS 0x0000000080400000, 0x0000000080300000| Complete 
|   4|0x0000000080400000, 0x0000000080500000, 0x0000000080500000|100%|HC|  |TAMS 0x0000000080500000, 0x0000000080400000| Complete 
|   5|0x0000000080500000, 0x0000000080600000, 0x0000000080600000|100%|HC|  |TAMS 0x0000000080600000, 0x0000000080500000| Complete 
|   6|0x0000000080600000, 0x0000000080700000, 0x0000000080700000|100%| O|  |TAMS 0x0000000080700000, 0x0000000080600000| Untracked 
|   7|0x0000000080700000, 0x0000000080800000, 0x0000000080800000|100%| O|  |TAMS 0x0000000080800000, 0x0000000080700000| Untracked 
|   8|0x0000000080800000, 0x0000000080900000, 0x0000000080900000|100%| O|  |TAMS 0x0000000080900000, 0x0000000080800000| Untracked 
|   9|0x0000000080900000, 0x0000000080a00000, 0x0000000080a00000|100%| O|  |TAMS 0x0000000080a00000, 0x0000000080900000| Untracked 
|  10|0x0000000080a00000, 0x0000000080b00000, 0x0000000080b00000|100%| O|  |TAMS 0x0000000080b00000, 0x0000000080a00000| Untracked 
|  11|0x0000000080b00000, 0x0000000080c00000, 0x0000000080c00000|100%| O|  |TAMS 0x0000000080c00000, 0x0000000080b00000| Untracked 
|  12|0x0000000080c00000, 0x0000000080d00000, 0x0000000080d00000|100%| O|  |TAMS 0x0000000080d00000, 0x0000000080c00000| Untracked 
|  13|0x0000000080d00000, 0x0000000080e00000, 0x0000000080e00000|100%| O|  |TAMS 0x0000000080e00000, 0x0000000080d00000| Untracked 
|  14|0x0000000080e00000, 0x0000000080f00000, 0x0000000080f00000|100%| O|  |TAMS 0x0000000080f00000, 0x0000000080e00000| Untracked 
|  15|0x0000000080f00000, 0x0000000081000000, 0x0000000081000000|100%| O|  |TAMS 0x0000000081000000, 0x0000000080f00000| Untracked 
|  16|0x0000000081000000, 0x0000000081100000, 0x0000000081100000|100%| O|  |TAMS 0x0000000081100000, 0x0000000081000000| Untracked 
|  17|0x0000000081100000, 0x0000000081200000, 0x0000000081200000|100%| O|  |TAMS 0x0000000081200000, 0x0000000081100000| Untracked 
|  18|0x0000000081200000, 0x0000000081300000, 0x0000000081300000|100%| O|  |TAMS 0x0000000081300000, 0x0000000081200000| Untracked 
|  19|0x0000000081300000, 0x0000000081400000, 0x0000000081400000|100%|HS|  |TAMS 0x0000000081400000, 0x0000000081300000| Complete 
|  20|0x0000000081400000, 0x0000000081500000, 0x0000000081500000|100%| O|  |TAMS 0x0000000081500000, 0x0000000081400000| Untracked 
|  21|0x0000000081500000, 0x0000000081600000, 0x0000000081600000|100%| O|  |TAMS 0x0000000081600000, 0x0000000081500000| Untracked 
|  22|0x0000000081600000, 0x0000000081700000, 0x0000000081700000|100%| O|  |TAMS 0x0000000081700000, 0x0000000081600000| Untracked 
|  23|0x0000000081700000, 0x0000000081800000, 0x0000000081800000|100%|HS|  |TAMS 0x0000000081800000, 0x0000000081700000| Complete 
|  24|0x0000000081800000, 0x0000000081900000, 0x0000000081900000|100%|HS|  |TAMS 0x0000000081900000, 0x0000000081800000| Complete 
|  25|0x0000000081900000, 0x0000000081a00000, 0x0000000081a00000|100%|HC|  |TAMS 0x0000000081a00000, 0x0000000081900000| Complete 
|  26|0x0000000081a00000, 0x0000000081b00000, 0x0000000081b00000|100%| O|  |TAMS 0x0000000081b00000, 0x0000000081a00000| Untracked 
|  27|0x0000000081b00000, 0x0000000081c00000, 0x0000000081c00000|100%| O|  |TAMS 0x0000000081c00000, 0x0000000081b00000| Untracked 
|  28|0x0000000081c00000, 0x0000000081d00000, 0x0000000081d00000|100%| O|  |TAMS 0x0000000081d00000, 0x0000000081c00000| Untracked 
|  29|0x0000000081d00000, 0x0000000081e00000, 0x0000000081e00000|100%| O|  |TAMS 0x0000000081e00000, 0x0000000081d00000| Untracked 
|  30|0x0000000081e00000, 0x0000000081f00000, 0x0000000081f00000|100%| O|  |TAMS 0x0000000081f00000, 0x0000000081e00000| Untracked 
|  31|0x0000000081f00000, 0x0000000082000000, 0x0000000082000000|100%| O|  |TAMS 0x0000000082000000, 0x0000000081f00000| Untracked 
|  32|0x0000000082000000, 0x0000000082100000, 0x0000000082100000|100%| O|  |TAMS 0x0000000082100000, 0x0000000082000000| Untracked 
|  33|0x0000000082100000, 0x0000000082200000, 0x0000000082200000|100%| O|  |TAMS 0x0000000082200000, 0x0000000082100000| Untracked 
|  34|0x0000000082200000, 0x0000000082300000, 0x0000000082300000|100%| O|  |TAMS 0x0000000082300000, 0x0000000082200000| Untracked 
|  35|0x0000000082300000, 0x0000000082400000, 0x0000000082400000|100%| O|  |TAMS 0x0000000082400000, 0x0000000082300000| Untracked 
|  36|0x0000000082400000, 0x0000000082500000, 0x0000000082500000|100%| O|  |TAMS 0x0000000082500000, 0x0000000082400000| Untracked 
|  37|0x0000000082500000, 0x0000000082600000, 0x0000000082600000|100%| O|  |TAMS 0x0000000082600000, 0x0000000082500000| Untracked 
|  38|0x0000000082600000, 0x0000000082700000, 0x0000000082700000|100%| O|  |TAMS 0x0000000082700000, 0x0000000082600000| Untracked 
|  39|0x0000000082700000, 0x0000000082800000, 0x0000000082800000|100%| O|  |TAMS 0x0000000082800000, 0x0000000082700000| Untracked 
|  40|0x0000000082800000, 0x0000000082900000, 0x0000000082900000|100%| O|  |TAMS 0x0000000082893a00, 0x0000000082800000| Untracked 
|  41|0x0000000082900000, 0x0000000082a00000, 0x0000000082a00000|100%| O|  |TAMS 0x0000000082900000, 0x0000000082900000| Untracked 
|  42|0x0000000082a00000, 0x0000000082b00000, 0x0000000082b00000|100%| O|  |TAMS 0x0000000082a00000, 0x0000000082a00000| Untracked 
|  43|0x0000000082b00000, 0x0000000082c00000, 0x0000000082c00000|100%| O|  |TAMS 0x0000000082b00000, 0x0000000082b00000| Untracked 
|  44|0x0000000082c00000, 0x0000000082d00000, 0x0000000082d00000|100%| O|  |TAMS 0x0000000082c00000, 0x0000000082c00000| Untracked 
|  45|0x0000000082d00000, 0x0000000082e00000, 0x0000000082e00000|100%| O|  |TAMS 0x0000000082d00000, 0x0000000082d00000| Untracked 
|  46|0x0000000082e00000, 0x0000000082f00000, 0x0000000082f00000|100%| O|  |TAMS 0x0000000082e00000, 0x0000000082e00000| Untracked 
|  47|0x0000000082f00000, 0x0000000083000000, 0x0000000083000000|100%| O|  |TAMS 0x0000000082f00000, 0x0000000082f00000| Untracked 
|  48|0x0000000083000000, 0x0000000083100000, 0x0000000083100000|100%| O|  |TAMS 0x0000000083000000, 0x0000000083000000| Untracked 
|  49|0x0000000083100000, 0x0000000083200000, 0x0000000083200000|100%| O|  |TAMS 0x0000000083100000, 0x0000000083100000| Untracked 
|  50|0x0000000083200000, 0x0000000083300000, 0x0000000083300000|100%| O|  |TAMS 0x0000000083200000, 0x0000000083200000| Untracked 
|  51|0x0000000083300000, 0x0000000083400000, 0x0000000083400000|100%| O|  |TAMS 0x0000000083300000, 0x0000000083300000| Untracked 
|  52|0x0000000083400000, 0x0000000083500000, 0x0000000083500000|100%| O|  |TAMS 0x0000000083400000, 0x0000000083400000| Untracked 
|  53|0x0000000083500000, 0x0000000083600000, 0x0000000083600000|100%| O|  |TAMS 0x0000000083500000, 0x0000000083500000| Untracked 
|  54|0x0000000083600000, 0x0000000083700000, 0x0000000083700000|100%| O|  |TAMS 0x0000000083600000, 0x0000000083600000| Untracked 
|  55|0x0000000083700000, 0x0000000083800000, 0x0000000083800000|100%| O|  |TAMS 0x0000000083700000, 0x0000000083700000| Untracked 
|  56|0x0000000083800000, 0x0000000083900000, 0x0000000083900000|100%| O|  |TAMS 0x0000000083800000, 0x0000000083800000| Untracked 
|  57|0x0000000083900000, 0x0000000083a00000, 0x0000000083a00000|100%| O|  |TAMS 0x0000000083900000, 0x0000000083900000| Untracked 
|  58|0x0000000083a00000, 0x0000000083b00000, 0x0000000083b00000|100%| O|  |TAMS 0x0000000083a00000, 0x0000000083a00000| Untracked 
|  59|0x0000000083b00000, 0x0000000083c00000, 0x0000000083c00000|100%| O|  |TAMS 0x0000000083b00000, 0x0000000083b00000| Untracked 
|  60|0x0000000083c00000, 0x0000000083d00000, 0x0000000083d00000|100%| O|  |TAMS 0x0000000083c00000, 0x0000000083c00000| Untracked 
|  61|0x0000000083d00000, 0x0000000083e00000, 0x0000000083e00000|100%| O|  |TAMS 0x0000000083d00000, 0x0000000083d00000| Untracked 
|  62|0x0000000083e00000, 0x0000000083f00000, 0x0000000083f00000|100%| O|  |TAMS 0x0000000083e00000, 0x0000000083e00000| Untracked 
|  63|0x0000000083f00000, 0x0000000084000000, 0x0000000084000000|100%| O|  |TAMS 0x0000000083f00000, 0x0000000083f00000| Untracked 
|  64|0x0000000084000000, 0x0000000084100000, 0x0000000084100000|100%| O|  |TAMS 0x0000000084000000, 0x0000000084000000| Untracked 
|  65|0x0000000084100000, 0x0000000084200000, 0x0000000084200000|100%| O|  |TAMS 0x0000000084100000, 0x0000000084100000| Untracked 
|  66|0x0000000084200000, 0x0000000084271800, 0x0000000084300000| 44%| O|  |TAMS 0x0000000084200000, 0x0000000084200000| Untracked 
|  67|0x0000000084300000, 0x0000000084300000, 0x0000000084400000|  0%| F|  |TAMS 0x0000000084300000, 0x0000000084300000| Untracked 
|  68|0x0000000084400000, 0x0000000084400000, 0x0000000084500000|  0%| F|  |TAMS 0x0000000084400000, 0x0000000084400000| Untracked 
|  69|0x0000000084500000, 0x0000000084500000, 0x0000000084600000|  0%| F|  |TAMS 0x0000000084500000, 0x0000000084500000| Untracked 
|  70|0x0000000084600000, 0x0000000084600000, 0x0000000084700000|  0%| F|  |TAMS 0x0000000084600000, 0x0000000084600000| Untracked 
|  71|0x0000000084700000, 0x0000000084700000, 0x0000000084800000|  0%| F|  |TAMS 0x0000000084700000, 0x0000000084700000| Untracked 
|  72|0x0000000084800000, 0x0000000084800000, 0x0000000084900000|  0%| F|  |TAMS 0x0000000084800000, 0x0000000084800000| Untracked 
|  73|0x0000000084900000, 0x0000000084900000, 0x0000000084a00000|  0%| F|  |TAMS 0x0000000084900000, 0x0000000084900000| Untracked 
|  74|0x0000000084a00000, 0x0000000084a00000, 0x0000000084b00000|  0%| F|  |TAMS 0x0000000084a00000, 0x0000000084a00000| Untracked 
|  75|0x0000000084b00000, 0x0000000084b00000, 0x0000000084c00000|  0%| F|  |TAMS 0x0000000084b00000, 0x0000000084b00000| Untracked 
|  76|0x0000000084c00000, 0x0000000084c00000, 0x0000000084d00000|  0%| F|  |TAMS 0x0000000084c00000, 0x0000000084c00000| Untracked 
|  77|0x0000000084d00000, 0x0000000084d00000, 0x0000000084e00000|  0%| F|  |TAMS 0x0000000084d00000, 0x0000000084d00000| Untracked 
|  78|0x0000000084e00000, 0x0000000084e00000, 0x0000000084f00000|  0%| F|  |TAMS 0x0000000084e00000, 0x0000000084e00000| Untracked 
|  79|0x0000000084f00000, 0x0000000084f00000, 0x0000000085000000|  0%| F|  |TAMS 0x0000000084f00000, 0x0000000084f00000| Untracked 
|  80|0x0000000085000000, 0x0000000085000000, 0x0000000085100000|  0%| F|  |TAMS 0x0000000085000000, 0x0000000085000000| Untracked 
|  81|0x0000000085100000, 0x0000000085100000, 0x0000000085200000|  0%| F|  |TAMS 0x0000000085100000, 0x0000000085100000| Untracked 
|  82|0x0000000085200000, 0x0000000085200000, 0x0000000085300000|  0%| F|  |TAMS 0x0000000085200000, 0x0000000085200000| Untracked 
|  83|0x0000000085300000, 0x0000000085300000, 0x0000000085400000|  0%| F|  |TAMS 0x0000000085300000, 0x0000000085300000| Untracked 
|  84|0x0000000085400000, 0x0000000085400000, 0x0000000085500000|  0%| F|  |TAMS 0x0000000085400000, 0x0000000085400000| Untracked 
|  85|0x0000000085500000, 0x0000000085500000, 0x0000000085600000|  0%| F|  |TAMS 0x0000000085500000, 0x0000000085500000| Untracked 
|  86|0x0000000085600000, 0x0000000085600000, 0x0000000085700000|  0%| F|  |TAMS 0x0000000085600000, 0x0000000085600000| Untracked 
|  87|0x0000000085700000, 0x0000000085700000, 0x0000000085800000|  0%| F|  |TAMS 0x0000000085700000, 0x0000000085700000| Untracked 
|  88|0x0000000085800000, 0x0000000085800000, 0x0000000085900000|  0%| F|  |TAMS 0x0000000085800000, 0x0000000085800000| Untracked 
|  89|0x0000000085900000, 0x0000000085900000, 0x0000000085a00000|  0%| F|  |TAMS 0x0000000085900000, 0x0000000085900000| Untracked 
|  90|0x0000000085a00000, 0x0000000085a00000, 0x0000000085b00000|  0%| F|  |TAMS 0x0000000085a00000, 0x0000000085a00000| Untracked 
|  91|0x0000000085b00000, 0x0000000085b00000, 0x0000000085c00000|  0%| F|  |TAMS 0x0000000085b00000, 0x0000000085b00000| Untracked 
|  92|0x0000000085c00000, 0x0000000085c00000, 0x0000000085d00000|  0%| F|  |TAMS 0x0000000085c00000, 0x0000000085c00000| Untracked 
|  93|0x0000000085d00000, 0x0000000085d00000, 0x0000000085e00000|  0%| F|  |TAMS 0x0000000085d00000, 0x0000000085d00000| Untracked 
|  94|0x0000000085e00000, 0x0000000085e00000, 0x0000000085f00000|  0%| F|  |TAMS 0x0000000085e00000, 0x0000000085e00000| Untracked 
|  95|0x0000000085f00000, 0x0000000085f00000, 0x0000000086000000|  0%| F|  |TAMS 0x0000000085f00000, 0x0000000085f00000| Untracked 
|  96|0x0000000086000000, 0x0000000086000000, 0x0000000086100000|  0%| F|  |TAMS 0x0000000086000000, 0x0000000086000000| Untracked 
|  97|0x0000000086100000, 0x0000000086100000, 0x0000000086200000|  0%| F|  |TAMS 0x0000000086100000, 0x0000000086100000| Untracked 
|  98|0x0000000086200000, 0x0000000086200000, 0x0000000086300000|  0%| F|  |TAMS 0x0000000086200000, 0x0000000086200000| Untracked 
|  99|0x0000000086300000, 0x0000000086300000, 0x0000000086400000|  0%| F|  |TAMS 0x0000000086300000, 0x0000000086300000| Untracked 
| 100|0x0000000086400000, 0x0000000086400000, 0x0000000086500000|  0%| F|  |TAMS 0x0000000086400000, 0x0000000086400000| Untracked 
| 101|0x0000000086500000, 0x0000000086500000, 0x0000000086600000|  0%| F|  |TAMS 0x0000000086500000, 0x0000000086500000| Untracked 
| 102|0x0000000086600000, 0x0000000086600000, 0x0000000086700000|  0%| F|  |TAMS 0x0000000086600000, 0x0000000086600000| Untracked 
| 103|0x0000000086700000, 0x0000000086767960, 0x0000000086800000| 40%| S|CS|TAMS 0x0000000086700000, 0x0000000086700000| Complete 
| 104|0x0000000086800000, 0x0000000086900000, 0x0000000086900000|100%| S|CS|TAMS 0x0000000086800000, 0x0000000086800000| Complete 
| 105|0x0000000086900000, 0x0000000086a00000, 0x0000000086a00000|100%| S|CS|TAMS 0x0000000086900000, 0x0000000086900000| Complete 
| 106|0x0000000086a00000, 0x0000000086b00000, 0x0000000086b00000|100%| S|CS|TAMS 0x0000000086a00000, 0x0000000086a00000| Complete 
| 107|0x0000000086b00000, 0x0000000086c00000, 0x0000000086c00000|100%| S|CS|TAMS 0x0000000086b00000, 0x0000000086b00000| Complete 
| 108|0x0000000086c00000, 0x0000000086d00000, 0x0000000086d00000|100%| S|CS|TAMS 0x0000000086c00000, 0x0000000086c00000| Complete 
| 109|0x0000000086d00000, 0x0000000086e00000, 0x0000000086e00000|100%| S|CS|TAMS 0x0000000086d00000, 0x0000000086d00000| Complete 
| 110|0x0000000086e00000, 0x0000000086f00000, 0x0000000086f00000|100%| S|CS|TAMS 0x0000000086e00000, 0x0000000086e00000| Complete 
| 111|0x0000000086f00000, 0x0000000086f00000, 0x0000000087000000|  0%| F|  |TAMS 0x0000000086f00000, 0x0000000086f00000| Untracked 
| 112|0x0000000087000000, 0x0000000087000000, 0x0000000087100000|  0%| F|  |TAMS 0x0000000087000000, 0x0000000087000000| Untracked 
| 113|0x0000000087100000, 0x0000000087100000, 0x0000000087200000|  0%| F|  |TAMS 0x0000000087100000, 0x0000000087100000| Untracked 
| 114|0x0000000087200000, 0x0000000087200000, 0x0000000087300000|  0%| F|  |TAMS 0x0000000087200000, 0x0000000087200000| Untracked 
| 115|0x0000000087300000, 0x0000000087300000, 0x0000000087400000|  0%| F|  |TAMS 0x0000000087300000, 0x0000000087300000| Untracked 
| 116|0x0000000087400000, 0x0000000087400000, 0x0000000087500000|  0%| F|  |TAMS 0x0000000087400000, 0x0000000087400000| Untracked 
| 117|0x0000000087500000, 0x0000000087500000, 0x0000000087600000|  0%| F|  |TAMS 0x0000000087500000, 0x0000000087500000| Untracked 
| 118|0x0000000087600000, 0x0000000087600000, 0x0000000087700000|  0%| F|  |TAMS 0x0000000087600000, 0x0000000087600000| Untracked 
| 119|0x0000000087700000, 0x0000000087700000, 0x0000000087800000|  0%| F|  |TAMS 0x0000000087700000, 0x0000000087700000| Untracked 
| 120|0x0000000087800000, 0x0000000087800000, 0x0000000087900000|  0%| F|  |TAMS 0x0000000087800000, 0x0000000087800000| Untracked 
| 121|0x0000000087900000, 0x0000000087900000, 0x0000000087a00000|  0%| F|  |TAMS 0x0000000087900000, 0x0000000087900000| Untracked 
| 122|0x0000000087a00000, 0x0000000087a00000, 0x0000000087b00000|  0%| F|  |TAMS 0x0000000087a00000, 0x0000000087a00000| Untracked 
| 123|0x0000000087b00000, 0x0000000087b00000, 0x0000000087c00000|  0%| F|  |TAMS 0x0000000087b00000, 0x0000000087b00000| Untracked 
| 124|0x0000000087c00000, 0x0000000087c00000, 0x0000000087d00000|  0%| F|  |TAMS 0x0000000087c00000, 0x0000000087c00000| Untracked 
| 125|0x0000000087d00000, 0x0000000087d00000, 0x0000000087e00000|  0%| F|  |TAMS 0x0000000087d00000, 0x0000000087d00000| Untracked 
| 126|0x0000000087e00000, 0x0000000087e00000, 0x0000000087f00000|  0%| F|  |TAMS 0x0000000087e00000, 0x0000000087e00000| Untracked 
| 127|0x0000000087f00000, 0x0000000087f00000, 0x0000000088000000|  0%| F|  |TAMS 0x0000000087f00000, 0x0000000087f00000| Untracked 
| 128|0x0000000088000000, 0x0000000088000000, 0x0000000088100000|  0%| F|  |TAMS 0x0000000088000000, 0x0000000088000000| Untracked 
| 129|0x0000000088100000, 0x0000000088100000, 0x0000000088200000|  0%| F|  |TAMS 0x0000000088100000, 0x0000000088100000| Untracked 
| 130|0x0000000088200000, 0x0000000088200000, 0x0000000088300000|  0%| F|  |TAMS 0x0000000088200000, 0x0000000088200000| Untracked 
| 131|0x0000000088300000, 0x0000000088300000, 0x0000000088400000|  0%| F|  |TAMS 0x0000000088300000, 0x0000000088300000| Untracked 
| 132|0x0000000088400000, 0x0000000088400000, 0x0000000088500000|  0%| F|  |TAMS 0x0000000088400000, 0x0000000088400000| Untracked 
| 133|0x0000000088500000, 0x0000000088500000, 0x0000000088600000|  0%| F|  |TAMS 0x0000000088500000, 0x0000000088500000| Untracked 
| 134|0x0000000088600000, 0x0000000088600000, 0x0000000088700000|  0%| F|  |TAMS 0x0000000088600000, 0x0000000088600000| Untracked 
| 135|0x0000000088700000, 0x0000000088700000, 0x0000000088800000|  0%| F|  |TAMS 0x0000000088700000, 0x0000000088700000| Untracked 
| 136|0x0000000088800000, 0x0000000088800000, 0x0000000088900000|  0%| F|  |TAMS 0x0000000088800000, 0x0000000088800000| Untracked 
| 137|0x0000000088900000, 0x0000000088900000, 0x0000000088a00000|  0%| F|  |TAMS 0x0000000088900000, 0x0000000088900000| Untracked 
| 138|0x0000000088a00000, 0x0000000088a00000, 0x0000000088b00000|  0%| F|  |TAMS 0x0000000088a00000, 0x0000000088a00000| Untracked 
| 139|0x0000000088b00000, 0x0000000088b00000, 0x0000000088c00000|  0%| F|  |TAMS 0x0000000088b00000, 0x0000000088b00000| Untracked 
| 140|0x0000000088c00000, 0x0000000088c00000, 0x0000000088d00000|  0%| F|  |TAMS 0x0000000088c00000, 0x0000000088c00000| Untracked 
| 141|0x0000000088d00000, 0x0000000088d00000, 0x0000000088e00000|  0%| F|  |TAMS 0x0000000088d00000, 0x0000000088d00000| Untracked 
| 142|0x0000000088e00000, 0x0000000088e00000, 0x0000000088f00000|  0%| F|  |TAMS 0x0000000088e00000, 0x0000000088e00000| Untracked 
| 143|0x0000000088f00000, 0x0000000088f00000, 0x0000000089000000|  0%| F|  |TAMS 0x0000000088f00000, 0x0000000088f00000| Untracked 
| 144|0x0000000089000000, 0x0000000089000000, 0x0000000089100000|  0%| F|  |TAMS 0x0000000089000000, 0x0000000089000000| Untracked 
| 145|0x0000000089100000, 0x0000000089100000, 0x0000000089200000|  0%| F|  |TAMS 0x0000000089100000, 0x0000000089100000| Untracked 
| 146|0x0000000089200000, 0x0000000089200000, 0x0000000089300000|  0%| F|  |TAMS 0x0000000089200000, 0x0000000089200000| Untracked 
| 147|0x0000000089300000, 0x0000000089300000, 0x0000000089400000|  0%| F|  |TAMS 0x0000000089300000, 0x0000000089300000| Untracked 
| 148|0x0000000089400000, 0x0000000089400000, 0x0000000089500000|  0%| F|  |TAMS 0x0000000089400000, 0x0000000089400000| Untracked 
| 149|0x0000000089500000, 0x0000000089500000, 0x0000000089600000|  0%| F|  |TAMS 0x0000000089500000, 0x0000000089500000| Untracked 
| 150|0x0000000089600000, 0x0000000089600000, 0x0000000089700000|  0%| F|  |TAMS 0x0000000089600000, 0x0000000089600000| Untracked 
| 151|0x0000000089700000, 0x0000000089700000, 0x0000000089800000|  0%| F|  |TAMS 0x0000000089700000, 0x0000000089700000| Untracked 
| 152|0x0000000089800000, 0x0000000089800000, 0x0000000089900000|  0%| F|  |TAMS 0x0000000089800000, 0x0000000089800000| Untracked 
| 153|0x0000000089900000, 0x0000000089900000, 0x0000000089a00000|  0%| F|  |TAMS 0x0000000089900000, 0x0000000089900000| Untracked 
| 154|0x0000000089a00000, 0x0000000089a00000, 0x0000000089b00000|  0%| F|  |TAMS 0x0000000089a00000, 0x0000000089a00000| Untracked 
| 155|0x0000000089b00000, 0x0000000089b00000, 0x0000000089c00000|  0%| F|  |TAMS 0x0000000089b00000, 0x0000000089b00000| Untracked 
| 156|0x0000000089c00000, 0x0000000089c00000, 0x0000000089d00000|  0%| F|  |TAMS 0x0000000089c00000, 0x0000000089c00000| Untracked 
| 157|0x0000000089d00000, 0x0000000089d00000, 0x0000000089e00000|  0%| F|  |TAMS 0x0000000089d00000, 0x0000000089d00000| Untracked 
| 158|0x0000000089e00000, 0x0000000089e00000, 0x0000000089f00000|  0%| F|  |TAMS 0x0000000089e00000, 0x0000000089e00000| Untracked 
| 159|0x0000000089f00000, 0x0000000089f00000, 0x000000008a000000|  0%| F|  |TAMS 0x0000000089f00000, 0x0000000089f00000| Untracked 
| 160|0x000000008a000000, 0x000000008a000000, 0x000000008a100000|  0%| F|  |TAMS 0x000000008a000000, 0x000000008a000000| Untracked 
| 161|0x000000008a100000, 0x000000008a100000, 0x000000008a200000|  0%| F|  |TAMS 0x000000008a100000, 0x000000008a100000| Untracked 
| 162|0x000000008a200000, 0x000000008a200000, 0x000000008a300000|  0%| F|  |TAMS 0x000000008a200000, 0x000000008a200000| Untracked 
| 163|0x000000008a300000, 0x000000008a300000, 0x000000008a400000|  0%| F|  |TAMS 0x000000008a300000, 0x000000008a300000| Untracked 
| 164|0x000000008a400000, 0x000000008a400000, 0x000000008a500000|  0%| F|  |TAMS 0x000000008a400000, 0x000000008a400000| Untracked 
| 165|0x000000008a500000, 0x000000008a500000, 0x000000008a600000|  0%| F|  |TAMS 0x000000008a500000, 0x000000008a500000| Untracked 
| 166|0x000000008a600000, 0x000000008a600000, 0x000000008a700000|  0%| F|  |TAMS 0x000000008a600000, 0x000000008a600000| Untracked 
| 167|0x000000008a700000, 0x000000008a700000, 0x000000008a800000|  0%| F|  |TAMS 0x000000008a700000, 0x000000008a700000| Untracked 
| 168|0x000000008a800000, 0x000000008a800000, 0x000000008a900000|  0%| F|  |TAMS 0x000000008a800000, 0x000000008a800000| Untracked 
| 169|0x000000008a900000, 0x000000008a929ed0, 0x000000008aa00000| 16%| E|  |TAMS 0x000000008a900000, 0x000000008a900000| Complete 
| 170|0x000000008aa00000, 0x000000008ab00000, 0x000000008ab00000|100%| E|CS|TAMS 0x000000008aa00000, 0x000000008aa00000| Complete 
| 171|0x000000008ab00000, 0x000000008ac00000, 0x000000008ac00000|100%| E|CS|TAMS 0x000000008ab00000, 0x000000008ab00000| Complete 
| 172|0x000000008ac00000, 0x000000008ad00000, 0x000000008ad00000|100%| E|CS|TAMS 0x000000008ac00000, 0x000000008ac00000| Complete 
| 173|0x000000008ad00000, 0x000000008ae00000, 0x000000008ae00000|100%| E|CS|TAMS 0x000000008ad00000, 0x000000008ad00000| Complete 
| 174|0x000000008ae00000, 0x000000008af00000, 0x000000008af00000|100%| E|CS|TAMS 0x000000008ae00000, 0x000000008ae00000| Complete 
| 175|0x000000008af00000, 0x000000008b000000, 0x000000008b000000|100%| E|CS|TAMS 0x000000008af00000, 0x000000008af00000| Complete 
| 176|0x000000008b000000, 0x000000008b100000, 0x000000008b100000|100%| E|CS|TAMS 0x000000008b000000, 0x000000008b000000| Complete 
| 177|0x000000008b100000, 0x000000008b200000, 0x000000008b200000|100%| E|CS|TAMS 0x000000008b100000, 0x000000008b100000| Complete 
| 178|0x000000008b200000, 0x000000008b300000, 0x000000008b300000|100%| E|CS|TAMS 0x000000008b200000, 0x000000008b200000| Complete 
| 179|0x000000008b300000, 0x000000008b400000, 0x000000008b400000|100%| E|CS|TAMS 0x000000008b300000, 0x000000008b300000| Complete 
| 180|0x000000008b400000, 0x000000008b500000, 0x000000008b500000|100%| E|CS|TAMS 0x000000008b400000, 0x000000008b400000| Complete 
| 181|0x000000008b500000, 0x000000008b600000, 0x000000008b600000|100%| E|CS|TAMS 0x000000008b500000, 0x000000008b500000| Complete 
| 182|0x000000008b600000, 0x000000008b700000, 0x000000008b700000|100%| E|CS|TAMS 0x000000008b600000, 0x000000008b600000| Complete 

Card table byte_map: [0x0000027e1f9a0000,0x0000027e1fda0000] _byte_map_base: 0x0000027e1f5a0000

Marking Bits (Prev, Next): (CMBitMap*) 0x0000027e0c7baca0, (CMBitMap*) 0x0000027e0c7bac68
 Prev Bits: [0x0000027e221a0000, 0x0000027e241a0000)
 Next Bits: [0x0000027e201a0000, 0x0000027e221a0000)

Polling page: 0x0000027e0bf60000

Metaspace:

Usage:
  Non-class:     76.63 MB capacity,    75.13 MB ( 98%) used,     1.23 MB (  2%) free+waste,   268.81 KB ( <1%) overhead. 
      Class:     11.60 MB capacity,    10.73 MB ( 93%) used,   765.05 KB (  6%) free+waste,   118.56 KB ( <1%) overhead. 
       Both:     88.22 MB capacity,    85.87 MB ( 97%) used,     1.98 MB (  2%) free+waste,   387.38 KB ( <1%) overhead. 

Virtual space:
  Non-class space:       78.00 MB reserved,      76.75 MB ( 98%) committed 
      Class space:        1.00 GB reserved,      11.70 MB (  1%) committed 
             Both:        1.08 GB reserved,      88.45 MB (  8%) committed 

Chunk freelists:
   Non-Class:  0 bytes
       Class:  0 bytes
        Both:  0 bytes

MaxMetaspaceSize: 17179869184.00 GB
CompressedClassSpaceSize: 1.00 GB

CodeHeap 'non-profiled nmethods': size=120000Kb used=7382Kb max_used=7382Kb free=112617Kb
 bounds [0x0000027e17d40000, 0x0000027e18480000, 0x0000027e1f270000]
CodeHeap 'profiled nmethods': size=120000Kb used=26122Kb max_used=26122Kb free=93877Kb
 bounds [0x0000027e10810000, 0x0000027e121a0000, 0x0000027e17d40000]
CodeHeap 'non-nmethods': size=5760Kb used=2274Kb max_used=2365Kb free=3485Kb
 bounds [0x0000027e10270000, 0x0000027e104e0000, 0x0000027e10810000]
 total_blobs=13068 nmethods=12195 adapters=784
 compilation: enabled
              stopped_count=0, restarted_count=0
 full_count=0

Compilation events (20 events):
Event: 161.747 Thread 0x0000027e26c07000 12246       3       java.util.WeakHashMap::getEntry (72 bytes)
Event: 161.748 Thread 0x0000027e26c04000 nmethod 12240 0x0000027e18471190 code [0x0000027e18471320, 0x0000027e18471398]
Event: 161.748 Thread 0x0000027e26c04000 12234       4       java.lang.String::indexOf (113 bytes)
Event: 161.749 Thread 0x0000027e26c07000 nmethod 12246 0x0000027e12181c10 code [0x0000027e12181e40, 0x0000027e12182628]
Event: 161.752 Thread 0x0000027e26c04000 nmethod 12234 0x0000027e18471410 code [0x0000027e184715c0, 0x0000027e18471cd8]
Event: 161.753 Thread 0x0000027e26c04000 12247       4       java.lang.String::split (324 bytes)
Event: 161.755 Thread 0x0000027e26c07000 12251       2       java.util.HashMap::remove (26 bytes)
Event: 161.756 Thread 0x0000027e26c07000 nmethod 12251 0x0000027e12182990 code [0x0000027e12182b60, 0x0000027e12182d18]
Event: 161.756 Thread 0x0000027e26c07000 12252       1       org.gradle.cache.internal.DefaultCacheAccess$IndexedCacheEntry::getCache (5 bytes)
Event: 161.756 Thread 0x0000027e26c07000 nmethod 12252 0x0000027e18471f10 code [0x0000027e184720c0, 0x0000027e18472178]
Event: 161.758 Thread 0x0000027e26c07000 12253       3       jdk.internal.reflect.ClassFileAssembler::opc_aaload (11 bytes)
Event: 161.758 Thread 0x0000027e26c07000 nmethod 12253 0x0000027e12182e10 code [0x0000027e12182fe0, 0x0000027e12183248]
Event: 161.767 Thread 0x0000027e26c07000 12254       3       jdk.internal.reflect.ClassFileAssembler::opc_aload_2 (24 bytes)
Event: 161.767 Thread 0x0000027e26c07000 nmethod 12254 0x0000027e12183390 code [0x0000027e12183560, 0x0000027e121838a8]
Event: 161.767 Thread 0x0000027e26c07000 12255       3       java.lang.Module::<init> (25 bytes)
Event: 161.767 Thread 0x0000027e26c07000 nmethod 12255 0x0000027e12183a10 code [0x0000027e12183bc0, 0x0000027e12183e18]
Event: 161.768 Thread 0x0000027e26c07000 12257       3       java.lang.ClassLoader::checkCreateClassLoader (35 bytes)
Event: 161.769 Thread 0x0000027e26c07000 nmethod 12257 0x0000027e12183f10 code [0x0000027e12184120, 0x0000027e12184698]
Event: 161.769 Thread 0x0000027e26c07000 12258       3       java.lang.ClassLoader::<init> (165 bytes)
Event: 161.769 Thread 0x0000027e293c5800 12256       4       jdk.internal.reflect.AccessorGenerator::add (5 bytes)

GC Heap History (20 events):
Event: 5.766 GC heap before
{Heap before GC invocations=9 (full 0):
 garbage-first heap   total 129024K, used 87581K [0x0000000080000000, 0x0000000100000000)
  region size 1024K, 67 young (68608K), 8 survivors (8192K)
 Metaspace       used 44776K, capacity 45920K, committed 46156K, reserved 1089536K
  class space    used 5757K, capacity 6148K, committed 6220K, reserved 1048576K
}
Event: 5.777 GC heap after
{Heap after GC invocations=10 (full 0):
 garbage-first heap   total 155648K, used 29278K [0x0000000080000000, 0x0000000100000000)
  region size 1024K, 7 young (7168K), 7 survivors (7168K)
 Metaspace       used 44776K, capacity 45920K, committed 46156K, reserved 1089536K
  class space    used 5757K, capacity 6148K, committed 6220K, reserved 1048576K
}
Event: 7.024 GC heap before
{Heap before GC invocations=10 (full 0):
 garbage-first heap   total 155648K, used 104030K [0x0000000080000000, 0x0000000100000000)
  region size 1024K, 77 young (78848K), 7 survivors (7168K)
 Metaspace       used 49575K, capacity 50961K, committed 51148K, reserved 1093632K
  class space    used 6324K, capacity 6809K, committed 6860K, reserved 1048576K
}
Event: 7.034 GC heap after
{Heap after GC invocations=11 (full 0):
 garbage-first heap   total 155648K, used 41869K [0x0000000080000000, 0x0000000100000000)
  region size 1024K, 10 young (10240K), 10 survivors (10240K)
 Metaspace       used 49575K, capacity 50961K, committed 51148K, reserved 1093632K
  class space    used 6324K, capacity 6809K, committed 6860K, reserved 1048576K
}
Event: 7.808 GC heap before
{Heap before GC invocations=11 (full 0):
 garbage-first heap   total 155648K, used 98189K [0x0000000080000000, 0x0000000100000000)
  region size 1024K, 66 young (67584K), 10 survivors (10240K)
 Metaspace       used 58682K, capacity 60141K, committed 60236K, reserved 1101824K
  class space    used 7417K, capacity 7967K, committed 8012K, reserved 1048576K
}
Event: 7.823 GC heap after
{Heap after GC invocations=12 (full 0):
 garbage-first heap   total 155648K, used 44369K [0x0000000080000000, 0x0000000100000000)
  region size 1024K, 3 young (3072K), 3 survivors (3072K)
 Metaspace       used 58682K, capacity 60141K, committed 60236K, reserved 1101824K
  class space    used 7417K, capacity 7967K, committed 8012K, reserved 1048576K
}
Event: 8.549 GC heap before
{Heap before GC invocations=13 (full 0):
 garbage-first heap   total 155648K, used 108881K [0x0000000080000000, 0x0000000100000000)
  region size 1024K, 66 young (67584K), 3 survivors (3072K)
 Metaspace       used 64225K, capacity 65732K, committed 65868K, reserved 1105920K
  class space    used 8129K, capacity 8684K, committed 8780K, reserved 1048576K
}
Event: 8.556 GC heap after
{Heap after GC invocations=14 (full 0):
 garbage-first heap   total 155648K, used 49742K [0x0000000080000000, 0x0000000100000000)
  region size 1024K, 8 young (8192K), 8 survivors (8192K)
 Metaspace       used 64225K, capacity 65732K, committed 65868K, reserved 1105920K
  class space    used 8129K, capacity 8684K, committed 8780K, reserved 1048576K
}
Event: 9.467 GC heap before
{Heap before GC invocations=14 (full 0):
 garbage-first heap   total 155648K, used 113230K [0x0000000080000000, 0x0000000100000000)
  region size 1024K, 70 young (71680K), 8 survivors (8192K)
 Metaspace       used 70150K, capacity 71874K, committed 72140K, reserved 1112064K
  class space    used 9040K, capacity 9655K, committed 9676K, reserved 1048576K
}
Event: 9.475 GC heap after
{Heap after GC invocations=15 (full 0):
 garbage-first heap   total 155648K, used 54202K [0x0000000080000000, 0x0000000100000000)
  region size 1024K, 5 young (5120K), 5 survivors (5120K)
 Metaspace       used 70150K, capacity 71874K, committed 72140K, reserved 1112064K
  class space    used 9040K, capacity 9655K, committed 9676K, reserved 1048576K
}
Event: 10.257 GC heap before
{Heap before GC invocations=15 (full 0):
 garbage-first heap   total 155648K, used 116666K [0x0000000080000000, 0x0000000100000000)
  region size 1024K, 66 young (67584K), 5 survivors (5120K)
 Metaspace       used 76875K, capacity 78743K, committed 79052K, reserved 1118208K
  class space    used 9967K, capacity 10624K, committed 10700K, reserved 1048576K
}
Event: 10.268 GC heap after
{Heap after GC invocations=16 (full 0):
 garbage-first heap   total 155648K, used 57877K [0x0000000080000000, 0x0000000100000000)
  region size 1024K, 9 young (9216K), 9 survivors (9216K)
 Metaspace       used 76875K, capacity 78743K, committed 79052K, reserved 1118208K
  class space    used 9967K, capacity 10624K, committed 10700K, reserved 1048576K
}
Event: 11.135 GC heap before
{Heap before GC invocations=16 (full 0):
 garbage-first heap   total 155648K, used 118293K [0x0000000080000000, 0x0000000100000000)
  region size 1024K, 69 young (70656K), 9 survivors (9216K)
 Metaspace       used 81205K, capacity 83391K, committed 83532K, reserved 1122304K
  class space    used 10533K, capacity 11316K, committed 11340K, reserved 1048576K
}
Event: 11.147 GC heap after
{Heap after GC invocations=17 (full 0):
 garbage-first heap   total 187392K, used 63365K [0x0000000080000000, 0x0000000100000000)
  region size 1024K, 9 young (9216K), 9 survivors (9216K)
 Metaspace       used 81205K, capacity 83391K, committed 83532K, reserved 1122304K
  class space    used 10533K, capacity 11316K, committed 11340K, reserved 1048576K
}
Event: 12.156 GC heap before
{Heap before GC invocations=17 (full 0):
 garbage-first heap   total 187392K, used 136069K [0x0000000080000000, 0x0000000100000000)
  region size 1024K, 81 young (82944K), 9 survivors (9216K)
 Metaspace       used 82397K, capacity 84654K, committed 84940K, reserved 1122304K
  class space    used 10620K, capacity 11424K, committed 11468K, reserved 1048576K
}
Event: 12.171 GC heap after
{Heap after GC invocations=18 (full 0):
 garbage-first heap   total 187392K, used 68319K [0x0000000080000000, 0x0000000100000000)
  region size 1024K, 11 young (11264K), 11 survivors (11264K)
 Metaspace       used 82397K, capacity 84654K, committed 84940K, reserved 1122304K
  class space    used 10620K, capacity 11424K, committed 11468K, reserved 1048576K
}
Event: 71.895 GC heap before
{Heap before GC invocations=18 (full 0):
 garbage-first heap   total 187392K, used 139999K [0x0000000080000000, 0x0000000100000000)
  region size 1024K, 82 young (83968K), 11 survivors (11264K)
 Metaspace       used 86474K, capacity 88759K, committed 88908K, reserved 1126400K
  class space    used 10940K, capacity 11762K, committed 11852K, reserved 1048576K
}
Event: 71.908 GC heap after
{Heap after GC invocations=19 (full 0):
 garbage-first heap   total 187392K, used 71919K [0x0000000080000000, 0x0000000100000000)
  region size 1024K, 9 young (9216K), 9 survivors (9216K)
 Metaspace       used 86474K, capacity 88759K, committed 88908K, reserved 1126400K
  class space    used 10940K, capacity 11762K, committed 11852K, reserved 1048576K
}
Event: 91.150 GC heap before
{Heap before GC invocations=19 (full 0):
 garbage-first heap   total 187392K, used 143599K [0x0000000080000000, 0x0000000100000000)
  region size 1024K, 80 young (81920K), 9 survivors (9216K)
 Metaspace       used 87643K, capacity 90010K, committed 90188K, reserved 1128448K
  class space    used 10963K, capacity 11798K, committed 11852K, reserved 1048576K
}
Event: 91.168 GC heap after
{Heap after GC invocations=20 (full 0):
 garbage-first heap   total 187392K, used 75620K [0x0000000080000000, 0x0000000100000000)
  region size 1024K, 8 young (8192K), 8 survivors (8192K)
 Metaspace       used 87643K, capacity 90010K, committed 90188K, reserved 1128448K
  class space    used 10963K, capacity 11798K, committed 11852K, reserved 1048576K
}

Deoptimization events (20 events):
Event: 90.509 Thread 0x0000027e2902c000 Uncommon trap: trap_request=0xffffffbe fr.pc=0x0000027e183e7008 relative=0x0000000000000be8
Event: 90.509 Thread 0x0000027e2902c000 Uncommon trap: reason=profile_predicate action=maybe_recompile pc=0x0000027e183e7008 method=com.google.common.collect.ImmutableSet.construct(I[Ljava/lang/Object;)Lcom/google/common/collect/ImmutableSet; @ 68 c2
Event: 90.509 Thread 0x0000027e2902c000 DEOPT PACKING pc=0x0000027e183e7008 sp=0x000000a6a34f64d0
Event: 90.509 Thread 0x0000027e2902c000 DEOPT UNPACKING pc=0x0000027e102978af sp=0x000000a6a34f6460 mode 2
Event: 91.179 Thread 0x0000027e27e6b800 Uncommon trap: trap_request=0xffffffdc fr.pc=0x0000027e1842fc14 relative=0x0000000000000254
Event: 91.179 Thread 0x0000027e27e6b800 Uncommon trap: reason=class_check action=make_not_entrant pc=0x0000027e1842fc14 method=java.util.ArrayDeque.toArray(Ljava/lang/Class;)[Ljava/lang/Object; @ 45 c2
Event: 91.179 Thread 0x0000027e27e6b800 DEOPT PACKING pc=0x0000027e1842fc14 sp=0x000000a6a66f9b60
Event: 91.179 Thread 0x0000027e27e6b800 DEOPT UNPACKING pc=0x0000027e102978af sp=0x000000a6a66f9b10 mode 2
Event: 91.463 Thread 0x0000027e297c6000 Uncommon trap: trap_request=0xffffffde fr.pc=0x0000027e1811fd3c relative=0x000000000000033c
Event: 91.463 Thread 0x0000027e297c6000 Uncommon trap: reason=class_check action=maybe_recompile pc=0x0000027e1811fd3c method=java.lang.ThreadLocal.setInitialValue()Ljava/lang/Object; @ 31 c2
Event: 91.463 Thread 0x0000027e297c6000 DEOPT PACKING pc=0x0000027e1811fd3c sp=0x000000a6a5efe360
Event: 91.463 Thread 0x0000027e297c6000 DEOPT UNPACKING pc=0x0000027e102978af sp=0x000000a6a5efe290 mode 2
Event: 121.990 Thread 0x0000027e279a4800 Uncommon trap: trap_request=0xffffffc6 fr.pc=0x0000027e182e3f1c relative=0x0000000000000b1c
Event: 121.990 Thread 0x0000027e279a4800 Uncommon trap: reason=bimorphic_or_optimized_type_check action=maybe_recompile pc=0x0000027e182e3f1c method=java.util.HashMap.removeNode(ILjava/lang/Object;Ljava/lang/Object;ZZ)Ljava/util/HashMap$Node; @ 283 c2
Event: 121.991 Thread 0x0000027e279a4800 DEOPT PACKING pc=0x0000027e182e3f1c sp=0x000000a6a2dfe5c0
Event: 121.991 Thread 0x0000027e279a4800 DEOPT UNPACKING pc=0x0000027e102978af sp=0x000000a6a2dfe4e8 mode 2
Event: 121.991 Thread 0x0000027e279a4800 Uncommon trap: trap_request=0xffffffc6 fr.pc=0x0000027e182e3f1c relative=0x0000000000000b1c
Event: 121.991 Thread 0x0000027e279a4800 Uncommon trap: reason=bimorphic_or_optimized_type_check action=maybe_recompile pc=0x0000027e182e3f1c method=java.util.HashMap.removeNode(ILjava/lang/Object;Ljava/lang/Object;ZZ)Ljava/util/HashMap$Node; @ 283 c2
Event: 121.991 Thread 0x0000027e279a4800 DEOPT PACKING pc=0x0000027e182e3f1c sp=0x000000a6a2dfe5c0
Event: 121.991 Thread 0x0000027e279a4800 DEOPT UNPACKING pc=0x0000027e102978af sp=0x000000a6a2dfe4e8 mode 2

Classes redefined (0 events):
No events

Internal exceptions (20 events):
Event: 72.152 Thread 0x0000027e2902c000 Exception <a 'java/lang/NoClassDefFoundError'{0x000000008b047a58}: org/jetbrains/kotlin/gradle/plugin/KotlinBasePluginWrapper> (0x000000008b047a58) thrown at [./src/hotspot/share/oops/constantPool.cpp, line 775]
Event: 72.181 Thread 0x0000027e2902c000 Exception <a 'sun/nio/fs/WindowsException'{0x000000008af13d10}> (0x000000008af13d10) thrown at [./src/hotspot/share/prims/jni.cpp, line 615]
Event: 72.205 Thread 0x0000027e2902c000 Exception <a 'sun/nio/fs/WindowsException'{0x000000008afafda0}> (0x000000008afafda0) thrown at [./src/hotspot/share/prims/jni.cpp, line 615]
Event: 72.205 Thread 0x0000027e2902c000 Exception <a 'sun/nio/fs/WindowsException'{0x000000008afb0e80}> (0x000000008afb0e80) thrown at [./src/hotspot/share/prims/jni.cpp, line 615]
Event: 72.205 Thread 0x0000027e2902c000 Exception <a 'sun/nio/fs/WindowsException'{0x000000008afb1fb0}> (0x000000008afb1fb0) thrown at [./src/hotspot/share/prims/jni.cpp, line 615]
Event: 72.205 Thread 0x0000027e2902c000 Exception <a 'sun/nio/fs/WindowsException'{0x000000008afb30e0}> (0x000000008afb30e0) thrown at [./src/hotspot/share/prims/jni.cpp, line 615]
Event: 72.396 Thread 0x0000027e2902c000 Implicit null exception at 0x0000027e1832fabd to 0x0000027e18330338
Event: 72.418 Thread 0x0000027e2902c000 Exception <a 'sun/nio/fs/WindowsException'{0x000000008ab90158}> (0x000000008ab90158) thrown at [./src/hotspot/share/prims/jni.cpp, line 615]
Event: 72.734 Thread 0x0000027e28aaa000 Exception <a 'java/lang/NoSuchMethodError'{0x000000008a6b7d20}: 'void java.lang.invoke.DirectMethodHandle$Holder.invokeVirtual(java.lang.Object, java.lang.Object)'> (0x000000008a6b7d20) thrown at [./src/hotspot/share/interpreter/linkResolver.cpp, line 773]
Event: 73.469 Thread 0x0000027e28aa5000 Exception <a 'sun/nio/fs/WindowsException'{0x000000008975ae98}> (0x000000008975ae98) thrown at [./src/hotspot/share/prims/jni.cpp, line 615]
Event: 90.181 Thread 0x0000027e2902c000 Exception <a 'sun/nio/fs/WindowsException'{0x0000000088431340}> (0x0000000088431340) thrown at [./src/hotspot/share/prims/jni.cpp, line 615]
Event: 90.329 Thread 0x0000027e2902c000 Exception <a 'java/lang/NoClassDefFoundError'{0x00000000882f3408}: org/jetbrains/kotlin/gradle/plugin/KotlinBasePluginWrapper> (0x00000000882f3408) thrown at [./src/hotspot/share/oops/constantPool.cpp, line 775]
Event: 90.337 Thread 0x0000027e2902c000 Implicit null exception at 0x0000027e183d7fd2 to 0x0000027e183d83d8
Event: 90.400 Thread 0x0000027e2902c000 Exception <a 'sun/nio/fs/WindowsException'{0x00000000881fef58}> (0x00000000881fef58) thrown at [./src/hotspot/share/prims/jni.cpp, line 615]
Event: 90.436 Thread 0x0000027e2902c000 Exception <a 'sun/nio/fs/WindowsException'{0x000000008809edf8}> (0x000000008809edf8) thrown at [./src/hotspot/share/prims/jni.cpp, line 615]
Event: 90.436 Thread 0x0000027e2902c000 Exception <a 'sun/nio/fs/WindowsException'{0x000000008809fed8}> (0x000000008809fed8) thrown at [./src/hotspot/share/prims/jni.cpp, line 615]
Event: 90.436 Thread 0x0000027e2902c000 Exception <a 'sun/nio/fs/WindowsException'{0x00000000880a1008}> (0x00000000880a1008) thrown at [./src/hotspot/share/prims/jni.cpp, line 615]
Event: 90.436 Thread 0x0000027e2902c000 Exception <a 'sun/nio/fs/WindowsException'{0x00000000880a2138}> (0x00000000880a2138) thrown at [./src/hotspot/share/prims/jni.cpp, line 615]
Event: 90.590 Thread 0x0000027e2902c000 Exception <a 'sun/nio/fs/WindowsException'{0x0000000087c26ee8}> (0x0000000087c26ee8) thrown at [./src/hotspot/share/prims/jni.cpp, line 615]
Event: 91.463 Thread 0x0000027e297c6000 Exception <a 'sun/nio/fs/WindowsException'{0x000000008af86308}> (0x000000008af86308) thrown at [./src/hotspot/share/prims/jni.cpp, line 615]

Events (20 events):
Event: 161.729 Executing VM operation: RevokeBias
Event: 161.729 Executing VM operation: RevokeBias done
Event: 161.732 Executing VM operation: RevokeBias
Event: 161.733 Executing VM operation: RevokeBias done
Event: 161.737 Thread 0x0000027e28aa9000 Thread added: 0x0000027e28aa9000
Event: 161.738 Executing VM operation: RevokeBias
Event: 161.739 Executing VM operation: RevokeBias done
Event: 161.740 Executing VM operation: RevokeBias
Event: 161.740 Executing VM operation: RevokeBias done
Event: 161.742 Executing VM operation: RevokeBias
Event: 161.742 Executing VM operation: RevokeBias done
Event: 161.742 Executing VM operation: RevokeBias
Event: 161.742 Executing VM operation: RevokeBias done
Event: 161.752 Thread 0x0000027e28aa6000 Thread added: 0x0000027e28aa6000
Event: 161.755 Thread 0x0000027e28aac800 Thread added: 0x0000027e28aac800
Event: 161.759 Thread 0x0000027e28aa7000 Thread added: 0x0000027e28aa7000
Event: 161.769 Thread 0x0000027e293c5800 Thread added: 0x0000027e293c5800
Event: 161.769 Executing VM operation: RevokeBias
Event: 161.770 Executing VM operation: RevokeBias done
Event: 161.770 Executing VM operation: RevokeBias


Dynamic libraries:
0x00007ff78f9a0000 - 0x00007ff78f9aa000 	C:\Program Files\Android\Android Studio\jre\bin\java.exe
0x00007ffd2c810000 - 0x00007ffd2ca05000 	C:\WINDOWS\SYSTEM32\ntdll.dll
0x00007ffd2b9d0000 - 0x00007ffd2ba8e000 	C:\WINDOWS\System32\KERNEL32.DLL
0x00007ffd2a1f0000 - 0x00007ffd2a4b9000 	C:\WINDOWS\System32\KERNELBASE.dll
0x00007ffd29f60000 - 0x00007ffd2a060000 	C:\WINDOWS\System32\ucrtbase.dll
0x00007ffd25ab0000 - 0x00007ffd25ac7000 	C:\Program Files\Android\Android Studio\jre\bin\VCRUNTIME140.dll
0x00007ffd0e590000 - 0x00007ffd0e5a9000 	C:\Program Files\Android\Android Studio\jre\bin\jli.dll
0x00007ffd2b200000 - 0x00007ffd2b3a1000 	C:\WINDOWS\System32\USER32.dll
0x00007ffd0cd80000 - 0x00007ffd0d01a000 	C:\WINDOWS\WinSxS\amd64_microsoft.windows.common-controls_6595b64144ccf1df_6.0.19041.1110_none_60b5254171f9507e\COMCTL32.dll
0x00007ffd2a1c0000 - 0x00007ffd2a1e2000 	C:\WINDOWS\System32\win32u.dll
0x00007ffd2b100000 - 0x00007ffd2b19e000 	C:\WINDOWS\System32\msvcrt.dll
0x00007ffd2bc90000 - 0x00007ffd2bcbb000 	C:\WINDOWS\System32\GDI32.dll
0x00007ffd2a620000 - 0x00007ffd2a72b000 	C:\WINDOWS\System32\gdi32full.dll
0x00007ffd2a4c0000 - 0x00007ffd2a55d000 	C:\WINDOWS\System32\msvcp_win.dll
0x00007ffd2bc60000 - 0x00007ffd2bc90000 	C:\WINDOWS\System32\IMM32.DLL
0x00007ffd04a30000 - 0x00007ffd04acd000 	C:\Program Files\Android\Android Studio\jre\bin\msvcp140.dll
0x00007ffccb640000 - 0x00007ffccc10f000 	C:\Program Files\Android\Android Studio\jre\bin\server\jvm.dll
0x00007ffd2a830000 - 0x00007ffd2a8dc000 	C:\WINDOWS\System32\ADVAPI32.dll
0x00007ffd2bf80000 - 0x00007ffd2c01b000 	C:\WINDOWS\System32\sechost.dll
0x00007ffd2b420000 - 0x00007ffd2b54a000 	C:\WINDOWS\System32\RPCRT4.dll
0x00007ffd2ba90000 - 0x00007ffd2ba98000 	C:\WINDOWS\System32\PSAPI.DLL
0x00007ffd153b0000 - 0x00007ffd153b9000 	C:\WINDOWS\SYSTEM32\WSOCK32.dll
0x00007ffd18810000 - 0x00007ffd18837000 	C:\WINDOWS\SYSTEM32\WINMM.dll
0x00007ffd2b3b0000 - 0x00007ffd2b41b000 	C:\WINDOWS\System32\WS2_32.dll
0x00007ffd23240000 - 0x00007ffd2324a000 	C:\WINDOWS\SYSTEM32\VERSION.dll
0x00007ffd27e00000 - 0x00007ffd27e12000 	C:\WINDOWS\SYSTEM32\kernel.appcore.dll
0x00007ffd27650000 - 0x00007ffd27661000 	C:\Program Files\Android\Android Studio\jre\bin\verify.dll
0x00007ffd147d0000 - 0x00007ffd149b4000 	C:\WINDOWS\SYSTEM32\DBGHELP.DLL
0x00007ffd14740000 - 0x00007ffd1476c000 	C:\WINDOWS\SYSTEM32\dbgcore.DLL
0x00007ffd2a560000 - 0x00007ffd2a5e3000 	C:\WINDOWS\System32\bcryptPrimitives.dll
0x00007ffd14eb0000 - 0x00007ffd14ed9000 	C:\Program Files\Android\Android Studio\jre\bin\java.dll
0x00007ffd25a90000 - 0x00007ffd25a9b000 	C:\Program Files\Android\Android Studio\jre\bin\jimage.dll
0x00007ffd0bef0000 - 0x00007ffd0bf08000 	C:\Program Files\Android\Android Studio\jre\bin\zip.dll
0x00007ffd2a9c0000 - 0x00007ffd2b0ff000 	C:\WINDOWS\System32\SHELL32.dll
0x00007ffd28000000 - 0x00007ffd28790000 	C:\WINDOWS\SYSTEM32\windows.storage.dll
0x00007ffd2c150000 - 0x00007ffd2c4a5000 	C:\WINDOWS\System32\combase.dll
0x00007ffd298e0000 - 0x00007ffd2990c000 	C:\WINDOWS\SYSTEM32\Wldp.dll
0x00007ffd2bed0000 - 0x00007ffd2bf7e000 	C:\WINDOWS\System32\SHCORE.dll
0x00007ffd2a960000 - 0x00007ffd2a9b5000 	C:\WINDOWS\System32\shlwapi.dll
0x00007ffd29e40000 - 0x00007ffd29e5f000 	C:\WINDOWS\SYSTEM32\profapi.dll
0x00007ffd04bb0000 - 0x00007ffd04bca000 	C:\Program Files\Android\Android Studio\jre\bin\net.dll
0x00007ffd23fd0000 - 0x00007ffd240d8000 	C:\WINDOWS\SYSTEM32\WINHTTP.dll
0x00007ffd295e0000 - 0x00007ffd2964a000 	C:\WINDOWS\system32\mswsock.dll
0x00007ffd04b90000 - 0x00007ffd04ba4000 	C:\Program Files\Android\Android Studio\jre\bin\nio.dll
0x00007ffcfc410000 - 0x00007ffcfc437000 	C:\Users\Dutlitha\.gradle\native\8bec1ad78214c89d9ad589b4d07fe93259594b29d510b10fafb7a158f7737e5d\windows-amd64\native-platform.dll
0x00007ffcf1070000 - 0x00007ffcf11ad000 	C:\Users\Dutlitha\.gradle\native\53dbd7edfb1c66fb8903c78663c9afc45aea4f116125fa6feffd364cf09443e8\windows-amd64\native-platform-file-events.dll
0x00007ffd25a60000 - 0x00007ffd25a6a000 	C:\Program Files\Android\Android Studio\jre\bin\management.dll
0x00007ffd187b0000 - 0x00007ffd187bc000 	C:\Program Files\Android\Android Studio\jre\bin\management_ext.dll
0x00007ffd297d0000 - 0x00007ffd297e8000 	C:\WINDOWS\SYSTEM32\CRYPTSP.dll
0x00007ffd28f60000 - 0x00007ffd28f94000 	C:\WINDOWS\system32\rsaenh.dll
0x00007ffd2a5f0000 - 0x00007ffd2a617000 	C:\WINDOWS\System32\bcrypt.dll
0x00007ffd29dc0000 - 0x00007ffd29dee000 	C:\WINDOWS\SYSTEM32\USERENV.dll
0x00007ffd297f0000 - 0x00007ffd297fc000 	C:\WINDOWS\SYSTEM32\CRYPTBASE.dll
0x00007ffd292d0000 - 0x00007ffd2930b000 	C:\WINDOWS\SYSTEM32\IPHLPAPI.DLL
0x00007ffd2bec0000 - 0x00007ffd2bec8000 	C:\WINDOWS\System32\NSI.dll
0x00007ffd225f0000 - 0x00007ffd22607000 	C:\WINDOWS\SYSTEM32\dhcpcsvc6.DLL
0x00007ffd22f90000 - 0x00007ffd22fad000 	C:\WINDOWS\SYSTEM32\dhcpcsvc.DLL
0x00007ffd29310000 - 0x00007ffd293dc000 	C:\WINDOWS\SYSTEM32\DNSAPI.dll

dbghelp: loaded successfully - version: 4.0.5 - missing functions: none
symbol engine: initialized successfully - sym options: 0x614 - pdb path: .;C:\Program Files\Android\Android Studio\jre\bin;C:\WINDOWS\SYSTEM32;C:\WINDOWS\WinSxS\amd64_microsoft.windows.common-controls_6595b64144ccf1df_6.0.19041.1110_none_60b5254171f9507e;C:\Program Files\Android\Android Studio\jre\bin\server;C:\Users\Dutlitha\.gradle\native\8bec1ad78214c89d9ad589b4d07fe93259594b29d510b10fafb7a158f7737e5d\windows-amd64;C:\Users\Dutlitha\.gradle\native\53dbd7edfb1c66fb8903c78663c9afc45aea4f116125fa6feffd364cf09443e8\windows-amd64

VM Arguments:
jvm_args: --add-opens=java.base/java.util=ALL-UNNAMED --add-opens=java.base/java.lang=ALL-UNNAMED --add-opens=java.base/java.lang.invoke=ALL-UNNAMED --add-opens=java.base/java.util=ALL-UNNAMED --add-opens=java.prefs/java.util.prefs=ALL-UNNAMED --add-opens=java.prefs/java.util.prefs=ALL-UNNAMED --add-opens=java.base/java.nio.charset=ALL-UNNAMED --add-opens=java.base/java.net=ALL-UNNAMED --add-opens=java.base/java.util.concurrent.atomic=ALL-UNNAMED -Xmx2048m -Dfile.encoding=UTF-8 -Duser.country=US -Duser.language=en -Duser.variant 
java_command: org.gradle.launcher.daemon.bootstrap.GradleDaemon 7.0.2
java_class_path (initial): C:\Users\Dutlitha\.gradle\wrapper\dists\gradle-7.0.2-bin\857tjihv64xamwrf0h14cai3r\gradle-7.0.2\lib\gradle-launcher-7.0.2.jar
Launcher Type: SUN_STANDARD

[Global flags]
     intx CICompilerCount                          = 4                                         {product} {ergonomic}
     uint ConcGCThreads                            = 2                                         {product} {ergonomic}
     uint G1ConcRefinementThreads                  = 8                                         {product} {ergonomic}
   size_t G1HeapRegionSize                         = 1048576                                   {product} {ergonomic}
    uintx GCDrainStackTargetSize                   = 64                                        {product} {ergonomic}
   size_t InitialHeapSize                          = 132120576                                 {product} {ergonomic}
   size_t MarkStackSize                            = 4194304                                   {product} {ergonomic}
   size_t MaxHeapSize                              = 2147483648                                {product} {command line}
   size_t MaxNewSize                               = 1287651328                                {product} {ergonomic}
   size_t MinHeapDeltaBytes                        = 1048576                                   {product} {ergonomic}
    uintx NonNMethodCodeHeapSize                   = 5836300                                {pd product} {ergonomic}
    uintx NonProfiledCodeHeapSize                  = 122910970                              {pd product} {ergonomic}
    uintx ProfiledCodeHeapSize                     = 122910970                              {pd product} {ergonomic}
    uintx ReservedCodeCacheSize                    = 251658240                              {pd product} {ergonomic}
     bool SegmentedCodeCache                       = true                                      {product} {ergonomic}
     bool UseCompressedClassPointers               = true                                 {lp64_product} {ergonomic}
     bool UseCompressedOops                        = true                                 {lp64_product} {ergonomic}
     bool UseG1GC                                  = true                                      {product} {ergonomic}
     bool UseLargePagesIndividualAllocation        = false                                  {pd product} {ergonomic}

Logging:
Log output configuration:
 #0: stdout all=warning uptime,level,tags
 #1: stderr all=off uptime,level,tags

Environment Variables:
PATH=C:\Program Files\Common Files\Oracle\Java\javapath;C:\Program Files (x86)\Common Files\Oracle\Java\javapath;C:\WINDOWS\system32;C:\WINDOWS;C:\WINDOWS\System32\Wbem;C:\WINDOWS\System32\WindowsPowerShell\v1.0\;C:\WINDOWS\System32\OpenSSH\;C:\Program Files\Microsoft SQL Server\Client SDK\ODBC\170\Tools\Binn\;C:\Program Files (x86)\Microsoft SQL Server\150\Tools\Binn\;C:\Program Files\Microsoft SQL Server\150\Tools\Binn\;C:\Program Files\Microsoft SQL Server\150\DTS\Binn\;C:\Program Files (x86)\Microsoft SQL Server\150\DTS\Binn\;C:\Program Files\Git\cmd;C:\Users\Dutlitha\AppData\Local\Microsoft\WindowsApps;
USERNAME=Dutlitha
OS=Windows_NT
PROCESSOR_IDENTIFIER=Intel64 Family 6 Model 142 Stepping 12, GenuineIntel



---------------  S Y S T E M  ---------------

OS: Windows 10 , 64 bit Build 19041 (10.0.19041.1202)
OS uptime: 0 days 2:48 hours

CPU:total 8 (initial active 8) (4 cores per cpu, 2 threads per core) family 6 model 142 stepping 12 microcode 0xbe, cmov, cx8, fxsr, mmx, sse, sse2, sse3, ssse3, sse4.1, sse4.2, popcnt, avx, avx2, aes, clmul, erms, 3dnowpref, lzcnt, ht, tsc, tscinvbit, bmi1, bmi2, adx, fma

Memory: 4k page, system-wide physical 8033M (556M free)
TotalPageFile size 12129M (AvailPageFile size 0M)
current process WorkingSet (physical memory assigned to process): 269M, peak: 449M
current process commit charge ("private bytes"): 444M, peak: 492M

vm_info: OpenJDK 64-Bit Server VM (11.0.10+0-b96-7249189) for windows-amd64 JRE (11.0.10+0-b96-7249189), built on Mar 31 2021 21:44:00 by "builder" with MS VC++ 14.0 (VS2015)

END.
