#
# There is insufficient memory for the Java Runtime Environment to continue.
# Native memory allocation (mmap) failed to map 32505856 bytes for Failed to commit area from 0x0000000089800000 to 0x000000008b700000 of length 32505856.
# Possible reasons:
#   The system is out of physical RAM or swap space
#   The process is running with CompressedOops enabled, and the Java Heap may be blocking the growth of the native heap
# Possible solutions:
#   Reduce memory load on the system
#   Increase physical memory or swap space
#   Check if swap backing store is full
#   Decrease Java heap size (-Xmx/-Xms)
#   Decrease number of Java threads
#   Decrease Java thread stack sizes (-Xss)
#   Set larger code cache with -XX:ReservedCodeCacheSize=
#   JVM is running with Unscaled Compressed Oops mode in which the Java heap is
#     placed in the first 4GB address space. The Java Heap base address is the
#     maximum limit for the native heap growth. Please use -XX:HeapBaseMinAddress
#     to set the Java Heap base and to place the Java Heap above 4GB virtual address.
# This output file may be truncated or incomplete.
#
#  Out of Memory Error (./src/hotspot/os/windows/os_windows.cpp:3301), pid=6656, tid=11056
#
# JRE version: OpenJDK Runtime Environment (11.0.10) (build 11.0.10+0-b96-7249189)
# Java VM: OpenJDK 64-Bit Server VM (11.0.10+0-b96-7249189, mixed mode, tiered, compressed oops, g1 gc, windows-amd64)
# No core dump will be written. Minidumps are not enabled by default on client versions of Windows
#

---------------  S U M M A R Y ------------

Command Line: --add-opens=java.base/java.util=ALL-UNNAMED --add-opens=java.base/java.lang=ALL-UNNAMED --add-opens=java.base/java.lang.invoke=ALL-UNNAMED --add-opens=java.base/java.util=ALL-UNNAMED --add-opens=java.prefs/java.util.prefs=ALL-UNNAMED --add-opens=java.prefs/java.util.prefs=ALL-UNNAMED --add-opens=java.base/java.nio.charset=ALL-UNNAMED --add-opens=java.base/java.net=ALL-UNNAMED --add-opens=java.base/java.util.concurrent.atomic=ALL-UNNAMED -Xmx2048m -Dfile.encoding=UTF-8 -Duser.country=US -Duser.language=en -Duser.variant org.gradle.launcher.daemon.bootstrap.GradleDaemon 7.0.2

Host: Intel(R) Core(TM) i5-10210U CPU @ 1.60GHz, 8 cores, 7G,  Windows 10 , 64 bit Build 19041 (10.0.19041.1202)
Time: Thu Sep 23 23:39:51 2021 Sri Lanka Standard Time elapsed time: 9.044750 seconds (0d 0h 0m 9s)

---------------  T H R E A D  ---------------

Current thread (0x000001ae7f61d800):  VMThread "VM Thread" [stack: 0x000000a211e00000,0x000000a211f00000] [id=11056]

Stack: [0x000000a211e00000,0x000000a211f00000]
[error occurred during error reporting (printing stack bounds), id 0xc0000005, EXCEPTION_ACCESS_VIOLATION (0xc0000005) at pc=0x000001ae00000f2d]

Native frames: (J=compiled Java code, j=interpreted, Vv=VM code, C=native code)
V  [jvm.dll+0x5ecfaa]
V  [jvm.dll+0x722bd5]
V  [jvm.dll+0x72412d]
V  [jvm.dll+0x724745]
V  [jvm.dll+0x7246fb]
V  [jvm.dll+0x5ec348]
V  [jvm.dll+0x5ecad8]
C  [ntdll.dll+0xa20cf]
C  [ntdll.dll+0x51454]
C  [ntdll.dll+0xa0bfe]
C  0x000001ae00000f2d

VM_Operation (0x000000a2132f41f0): G1CollectForAllocation, mode: safepoint, requested by thread 0x000001ae12f3d000


---------------  P R O C E S S  ---------------

Threads class SMR info:
_java_thread_list=0x000001ae18402920, length=51, elements={
0x000001ae759cc800, 0x000001ae7f61f800, 0x000001ae7f625000, 0x000001ae7f639000,
0x000001ae7f63b000, 0x000001ae7f63d800, 0x000001ae7f64a000, 0x000001ae7f64b000,
0x000001ae7f650800, 0x000001ae11191800, 0x000001ae132d9000, 0x000001ae12695000,
0x000001ae12927000, 0x000001ae1180a000, 0x000001ae122b8800, 0x000001ae13640000,
0x000001ae1274a800, 0x000001ae12f3d000, 0x000001ae1369a800, 0x000001ae12af5800,
0x000001ae13928800, 0x000001ae13925000, 0x000001ae13927000, 0x000001ae13922800,
0x000001ae13927800, 0x000001ae13924800, 0x000001ae13929800, 0x000001ae13923800,
0x000001ae13926000, 0x000001ae16742000, 0x000001ae16740800, 0x000001ae1673f000,
0x000001ae16743000, 0x000001ae16741800, 0x000001ae16745800, 0x000001ae16746800,
0x000001ae16747000, 0x000001ae16748000, 0x000001ae16744800, 0x000001ae16748800,
0x000001ae16749800, 0x000001ae1674d000, 0x000001ae1674a800, 0x000001ae1674b000,
0x000001ae1674c000, 0x000001ae14ecc000, 0x000001ae14ec7000, 0x000001ae14ec6800,
0x000001ae14ec8000, 0x000001ae14ecd000, 0x000001ae14eca800
}

Java Threads: ( => current thread )
  0x000001ae759cc800 JavaThread "main" [_thread_blocked, id=7364, stack(0x000000a211800000,0x000000a211900000)]
  0x000001ae7f61f800 JavaThread "Reference Handler" daemon [_thread_blocked, id=14796, stack(0x000000a211f00000,0x000000a212000000)]
  0x000001ae7f625000 JavaThread "Finalizer" daemon [_thread_blocked, id=7704, stack(0x000000a212000000,0x000000a212100000)]
  0x000001ae7f639000 JavaThread "Signal Dispatcher" daemon [_thread_blocked, id=10752, stack(0x000000a212100000,0x000000a212200000)]
  0x000001ae7f63b000 JavaThread "Attach Listener" daemon [_thread_blocked, id=10536, stack(0x000000a212200000,0x000000a212300000)]
  0x000001ae7f63d800 JavaThread "Service Thread" daemon [_thread_blocked, id=15220, stack(0x000000a212300000,0x000000a212400000)]
  0x000001ae7f64a000 JavaThread "C2 CompilerThread0" daemon [_thread_in_native, id=12876, stack(0x000000a212400000,0x000000a212500000)]
  0x000001ae7f64b000 JavaThread "C1 CompilerThread0" daemon [_thread_blocked, id=16136, stack(0x000000a212500000,0x000000a212600000)]
  0x000001ae7f650800 JavaThread "Sweeper thread" daemon [_thread_blocked, id=14684, stack(0x000000a212600000,0x000000a212700000)]
  0x000001ae11191800 JavaThread "Common-Cleaner" daemon [_thread_blocked, id=9428, stack(0x000000a212700000,0x000000a212800000)]
  0x000001ae132d9000 JavaThread "Daemon health stats" [_thread_blocked, id=10128, stack(0x000000a212d00000,0x000000a212e00000)]
  0x000001ae12695000 JavaThread "Incoming local TCP Connector on port 57962" [_thread_in_native, id=616, stack(0x000000a212900000,0x000000a212a00000)]
  0x000001ae12927000 JavaThread "Daemon periodic checks" [_thread_blocked, id=15932, stack(0x000000a212a00000,0x000000a212b00000)]
  0x000001ae1180a000 JavaThread "Daemon" [_thread_blocked, id=15840, stack(0x000000a212e00000,0x000000a212f00000)]
  0x000001ae122b8800 JavaThread "Handler for socket connection from /127.0.0.1:57962 to /127.0.0.1:57963" [_thread_in_native, id=12080, stack(0x000000a212f00000,0x000000a213000000)]
  0x000001ae13640000 JavaThread "C2 CompilerThread1" daemon [_thread_blocked, id=4192, stack(0x000000a213000000,0x000000a213100000)]
  0x000001ae1274a800 JavaThread "Cancel handler" [_thread_blocked, id=10972, stack(0x000000a213100000,0x000000a213200000)]
  0x000001ae12f3d000 JavaThread "Daemon worker" [_thread_blocked, id=6712, stack(0x000000a213200000,0x000000a213300000)]
  0x000001ae1369a800 JavaThread "Asynchronous log dispatcher for DefaultDaemonConnection: socket connection from /127.0.0.1:57962 to /127.0.0.1:57963" [_thread_blocked, id=1520, stack(0x000000a213300000,0x000000a213400000)]
  0x000001ae12af5800 JavaThread "Stdin handler" [_thread_blocked, id=12564, stack(0x000000a213400000,0x000000a213500000)]
  0x000001ae13928800 JavaThread "Daemon client event forwarder" [_thread_blocked, id=14792, stack(0x000000a213500000,0x000000a213600000)]
  0x000001ae13925000 JavaThread "Cache worker for file hash cache (C:\Users\Dutlitha\.gradle\caches\7.0.2\fileHashes)" [_thread_blocked, id=7532, stack(0x000000a213b00000,0x000000a213c00000)]
  0x000001ae13927000 JavaThread "File lock request listener" [_thread_in_native, id=14780, stack(0x000000a213c00000,0x000000a213d00000)]
  0x000001ae13922800 JavaThread "Cache worker for journal cache (C:\Users\Dutlitha\.gradle\caches\journal-1)" [_thread_blocked, id=2416, stack(0x000000a213e00000,0x000000a213f00000)]
  0x000001ae13927800 JavaThread "Cache worker for file hash cache (C:\Users\Dutlitha\AndroidStudioProjects\Wartersy\.gradle\7.0.2\fileHashes)" [_thread_blocked, id=14208, stack(0x000000a213f00000,0x000000a214000000)]
  0x000001ae13924800 JavaThread "File watcher server" daemon [_thread_in_native, id=1320, stack(0x000000a214000000,0x000000a214100000)]
  0x000001ae13929800 JavaThread "File watcher consumer" daemon [_thread_blocked, id=5572, stack(0x000000a214100000,0x000000a214200000)]
  0x000001ae13923800 JavaThread "Cache worker for checksums cache (C:\Users\Dutlitha\AndroidStudioProjects\Wartersy\.gradle\checksums)" [_thread_blocked, id=12880, stack(0x000000a214200000,0x000000a214300000)]
  0x000001ae13926000 JavaThread "Cache worker for cache directory md-supplier (C:\Users\Dutlitha\.gradle\caches\7.0.2\md-supplier)" [_thread_blocked, id=7732, stack(0x000000a214300000,0x000000a214400000)]
  0x000001ae16742000 JavaThread "Cache worker for cache directory md-rule (C:\Users\Dutlitha\.gradle\caches\7.0.2\md-rule)" [_thread_blocked, id=8784, stack(0x000000a214400000,0x000000a214500000)]
  0x000001ae16740800 JavaThread "Cache worker for execution history cache (C:\Users\Dutlitha\.gradle\caches\7.0.2\executionHistory)" [_thread_blocked, id=4896, stack(0x000000a214600000,0x000000a214700000)]
  0x000001ae1673f000 JavaThread "jar transforms" [_thread_blocked, id=2576, stack(0x000000a214700000,0x000000a214800000)]
  0x000001ae16743000 JavaThread "jar transforms Thread 2" [_thread_blocked, id=6100, stack(0x000000a214800000,0x000000a214900000)]
  0x000001ae16741800 JavaThread "Cache worker for file content cache (C:\Users\Dutlitha\.gradle\caches\7.0.2\fileContent)" [_thread_blocked, id=9356, stack(0x000000a214900000,0x000000a214a00000)]
  0x000001ae16745800 JavaThread "Cache worker for dependencies-accessors (C:\Users\Dutlitha\AndroidStudioProjects\Wartersy\.gradle\7.0.2\dependencies-accessors)" [_thread_blocked, id=11036, stack(0x000000a214a00000,0x000000a214b00000)]
  0x000001ae16746800 JavaThread "jar transforms Thread 3" [_thread_blocked, id=4412, stack(0x000000a214b00000,0x000000a214c00000)]
  0x000001ae16747000 JavaThread "Cache worker for Build Output Cleanup Cache (C:\Users\Dutlitha\AndroidStudioProjects\Wartersy\.gradle\buildOutputCleanup)" [_thread_blocked, id=3612, stack(0x000000a214c00000,0x000000a214d00000)]
  0x000001ae16748000 JavaThread "Build operations" [_thread_blocked, id=6524, stack(0x000000a214d00000,0x000000a214e00000)]
  0x000001ae16744800 JavaThread "Build operations Thread 2" [_thread_blocked, id=6220, stack(0x000000a214e00000,0x000000a214f00000)]
  0x000001ae16748800 JavaThread "Build operations Thread 3" [_thread_blocked, id=12636, stack(0x000000a214f00000,0x000000a215000000)]
  0x000001ae16749800 JavaThread "Build operations Thread 4" [_thread_blocked, id=3980, stack(0x000000a215000000,0x000000a215100000)]
  0x000001ae1674d000 JavaThread "Build operations Thread 5" [_thread_blocked, id=5536, stack(0x000000a215100000,0x000000a215200000)]
  0x000001ae1674a800 JavaThread "Build operations Thread 6" [_thread_blocked, id=4724, stack(0x000000a215200000,0x000000a215300000)]
  0x000001ae1674b000 JavaThread "Build operations Thread 7" [_thread_blocked, id=8340, stack(0x000000a215300000,0x000000a215400000)]
  0x000001ae1674c000 JavaThread "Build operations Thread 8" [_thread_blocked, id=9892, stack(0x000000a215400000,0x000000a215500000)]
  0x000001ae14ecc000 JavaThread "jar transforms Thread 4" [_thread_blocked, id=16344, stack(0x000000a215500000,0x000000a215600000)]
  0x000001ae14ec7000 JavaThread "jar transforms Thread 5" [_thread_blocked, id=11188, stack(0x000000a215600000,0x000000a215700000)]
  0x000001ae14ec6800 JavaThread "jar transforms Thread 6" [_thread_blocked, id=6348, stack(0x000000a215700000,0x000000a215800000)]
  0x000001ae14ec8000 JavaThread "jar transforms Thread 7" [_thread_blocked, id=14084, stack(0x000000a215800000,0x000000a215900000)]
  0x000001ae14ecd000 JavaThread "jar transforms Thread 8" [_thread_blocked, id=6632, stack(0x000000a215900000,0x000000a215a00000)]
  0x000001ae14eca800 JavaThread "Memory manager" [_thread_blocked, id=4936, stack(0x000000a214500000,0x000000a214600000)]

Other Threads:
=>0x000001ae7f61d800 VMThread "VM Thread" [stack: 0x000000a211e00000,0x000000a211f00000] [id=11056]
  0x000001ae1119c000 WatcherThread [stack: 0x000000a212800000,0x000000a212900000] [id=6384]
  0x000001ae759e6000 GCTaskThread "GC Thread#0" [stack: 0x000000a211900000,0x000000a211a00000] [id=7208]
  0x000001ae11ffd800 GCTaskThread "GC Thread#1" [stack: 0x000000a212b00000,0x000000a212c00000] [id=13448]
  0x000001ae11c8c800 GCTaskThread "GC Thread#2" [stack: 0x000000a212c00000,0x000000a212d00000] [id=14224]
  0x000001ae13c73800 GCTaskThread "GC Thread#3" [stack: 0x000000a213600000,0x000000a213700000] [id=5348]
  0x000001ae12431800 GCTaskThread "GC Thread#4" [stack: 0x000000a213700000,0x000000a213800000] [id=13364]
  0x000001ae12432000 GCTaskThread "GC Thread#5" [stack: 0x000000a213800000,0x000000a213900000] [id=2276]
  0x000001ae12433000 GCTaskThread "GC Thread#6" [stack: 0x000000a213900000,0x000000a213a00000] [id=11260]
  0x000001ae11d0e800 GCTaskThread "GC Thread#7" [stack: 0x000000a213a00000,0x000000a213b00000] [id=5084]
  0x000001ae75a16000 ConcurrentGCThread "G1 Main Marker" [stack: 0x000000a211a00000,0x000000a211b00000] [id=14332]
  0x000001ae75a18000 ConcurrentGCThread "G1 Conc#0" [stack: 0x000000a211b00000,0x000000a211c00000] [id=12412]
  0x000001ae12646800 ConcurrentGCThread "G1 Conc#1" [stack: 0x000000a213d00000,0x000000a213e00000] [id=5292]
  0x000001ae75aa9000 ConcurrentGCThread "G1 Refine#0" [stack: 0x000000a211c00000,0x000000a211d00000] [id=14580]
  0x000001ae7f470800 ConcurrentGCThread "G1 Young RemSet Sampling" [stack: 0x000000a211d00000,0x000000a211e00000] [id=4076]

Threads with active compile tasks:
C2 CompilerThread0   9055 6036       4       java.util.regex.Pattern::compile (498 bytes)
C2 CompilerThread1   9055 6041       4       java.util.regex.Pattern::RemoveQEQuoting (346 bytes)

VM state:at safepoint (normal execution)

VM Mutex/Monitor currently owned by a thread:  ([mutex/lock_event])
[0x000001ae759c88e0] Threads_lock - owner thread: 0x000001ae7f61d800
[0x000001ae759c72f0] Heap_lock - owner thread: 0x000001ae12f3d000

Heap address: 0x0000000080000000, size: 2048 MB, Compressed Oops mode: 32-bit
Narrow klass base: 0x0000000000000000, Narrow klass shift: 3
Compressed class space size: 1073741824 Address: 0x0000000100000000

Heap:
 garbage-first heap   total 187392K, used 49489K [0x0000000080000000, 0x0000000100000000)
  region size 1024K, 8 young (8192K), 8 survivors (8192K)
 Metaspace       used 64188K, capacity 65686K, committed 65792K, reserved 1105920K
  class space    used 8141K, capacity 8693K, committed 8704K, reserved 1048576K
Heap Regions: E=young(eden), S=young(survivor), O=old, HS=humongous(starts), HC=humongous(continues), CS=collection set, F=free, A=archive, TAMS=top-at-mark-start (previous, next)
|   0|0x0000000080000000, 0x0000000080100000, 0x0000000080100000|100%| O|  |TAMS 0x0000000080100000, 0x0000000080000000| Untracked 
|   1|0x0000000080100000, 0x0000000080200000, 0x0000000080200000|100%| O|  |TAMS 0x0000000080200000, 0x0000000080100000| Untracked 
|   2|0x0000000080200000, 0x0000000080300000, 0x0000000080300000|100%| O|  |TAMS 0x0000000080300000, 0x0000000080200000| Untracked 
|   3|0x0000000080300000, 0x0000000080400000, 0x0000000080400000|100%|HS|  |TAMS 0x0000000080400000, 0x0000000080300000| Complete 
|   4|0x0000000080400000, 0x0000000080500000, 0x0000000080500000|100%|HC|  |TAMS 0x0000000080500000, 0x0000000080400000| Complete 
|   5|0x0000000080500000, 0x0000000080600000, 0x0000000080600000|100%|HC|  |TAMS 0x0000000080600000, 0x0000000080500000| Complete 
|   6|0x0000000080600000, 0x0000000080700000, 0x0000000080700000|100%| O|  |TAMS 0x0000000080700000, 0x0000000080600000| Untracked 
|   7|0x0000000080700000, 0x0000000080800000, 0x0000000080800000|100%| O|  |TAMS 0x0000000080800000, 0x0000000080700000| Untracked 
|   8|0x0000000080800000, 0x0000000080900000, 0x0000000080900000|100%| O|  |TAMS 0x0000000080900000, 0x0000000080800000| Untracked 
|   9|0x0000000080900000, 0x0000000080a00000, 0x0000000080a00000|100%| O|  |TAMS 0x0000000080a00000, 0x0000000080900000| Untracked 
|  10|0x0000000080a00000, 0x0000000080b00000, 0x0000000080b00000|100%| O|  |TAMS 0x0000000080b00000, 0x0000000080a00000| Untracked 
|  11|0x0000000080b00000, 0x0000000080c00000, 0x0000000080c00000|100%| O|  |TAMS 0x0000000080c00000, 0x0000000080b00000| Untracked 
|  12|0x0000000080c00000, 0x0000000080d00000, 0x0000000080d00000|100%| O|  |TAMS 0x0000000080d00000, 0x0000000080c00000| Untracked 
|  13|0x0000000080d00000, 0x0000000080e00000, 0x0000000080e00000|100%| O|  |TAMS 0x0000000080e00000, 0x0000000080d00000| Untracked 
|  14|0x0000000080e00000, 0x0000000080f00000, 0x0000000080f00000|100%| O|  |TAMS 0x0000000080f00000, 0x0000000080e00000| Untracked 
|  15|0x0000000080f00000, 0x0000000081000000, 0x0000000081000000|100%| O|  |TAMS 0x0000000081000000, 0x0000000080f00000| Untracked 
|  16|0x0000000081000000, 0x0000000081100000, 0x0000000081100000|100%| O|  |TAMS 0x0000000081100000, 0x0000000081000000| Untracked 
|  17|0x0000000081100000, 0x0000000081200000, 0x0000000081200000|100%|HS|  |TAMS 0x0000000081200000, 0x0000000081100000| Complete 
|  18|0x0000000081200000, 0x0000000081300000, 0x0000000081300000|100%| O|  |TAMS 0x0000000081300000, 0x0000000081200000| Untracked 
|  19|0x0000000081300000, 0x0000000081400000, 0x0000000081400000|100%| O|  |TAMS 0x0000000081400000, 0x0000000081300000| Untracked 
|  20|0x0000000081400000, 0x0000000081500000, 0x0000000081500000|100%| O|  |TAMS 0x0000000081500000, 0x0000000081400000| Untracked 
|  21|0x0000000081500000, 0x0000000081600000, 0x0000000081600000|100%| O|  |TAMS 0x0000000081600000, 0x0000000081500000| Untracked 
|  22|0x0000000081600000, 0x0000000081700000, 0x0000000081700000|100%| O|  |TAMS 0x0000000081700000, 0x0000000081600000| Untracked 
|  23|0x0000000081700000, 0x0000000081800000, 0x0000000081800000|100%| O|  |TAMS 0x0000000081800000, 0x0000000081700000| Untracked 
|  24|0x0000000081800000, 0x0000000081900000, 0x0000000081900000|100%|HS|  |TAMS 0x0000000081900000, 0x0000000081800000| Complete 
|  25|0x0000000081900000, 0x0000000081a00000, 0x0000000081a00000|100%|HS|  |TAMS 0x0000000081a00000, 0x0000000081900000| Complete 
|  26|0x0000000081a00000, 0x0000000081b00000, 0x0000000081b00000|100%|HC|  |TAMS 0x0000000081b00000, 0x0000000081a00000| Complete 
|  27|0x0000000081b00000, 0x0000000081c00000, 0x0000000081c00000|100%| O|  |TAMS 0x0000000081c00000, 0x0000000081b00000| Untracked 
|  28|0x0000000081c00000, 0x0000000081d00000, 0x0000000081d00000|100%| O|  |TAMS 0x0000000081d00000, 0x0000000081c00000| Untracked 
|  29|0x0000000081d00000, 0x0000000081e00000, 0x0000000081e00000|100%| O|  |TAMS 0x0000000081e00000, 0x0000000081d00000| Untracked 
|  30|0x0000000081e00000, 0x0000000081f00000, 0x0000000081f00000|100%| O|  |TAMS 0x0000000081f00000, 0x0000000081e00000| Untracked 
|  31|0x0000000081f00000, 0x0000000082000000, 0x0000000082000000|100%| O|  |TAMS 0x0000000082000000, 0x0000000081f00000| Untracked 
|  32|0x0000000082000000, 0x0000000082100000, 0x0000000082100000|100%| O|  |TAMS 0x0000000082100000, 0x0000000082000000| Untracked 
|  33|0x0000000082100000, 0x0000000082200000, 0x0000000082200000|100%| O|  |TAMS 0x0000000082200000, 0x0000000082100000| Untracked 
|  34|0x0000000082200000, 0x0000000082300000, 0x0000000082300000|100%| O|  |TAMS 0x0000000082300000, 0x0000000082200000| Untracked 
|  35|0x0000000082300000, 0x0000000082400000, 0x0000000082400000|100%| O|  |TAMS 0x0000000082400000, 0x0000000082300000| Untracked 
|  36|0x0000000082400000, 0x0000000082500000, 0x0000000082500000|100%| O|  |TAMS 0x0000000082500000, 0x0000000082400000| Untracked 
|  37|0x0000000082500000, 0x0000000082600000, 0x0000000082600000|100%| O|  |TAMS 0x0000000082600000, 0x0000000082500000| Untracked 
|  38|0x0000000082600000, 0x0000000082700000, 0x0000000082700000|100%| O|  |TAMS 0x0000000082700000, 0x0000000082600000| Untracked 
|  39|0x0000000082700000, 0x0000000082800000, 0x0000000082800000|100%| O|  |TAMS 0x0000000082800000, 0x0000000082700000| Untracked 
|  40|0x0000000082800000, 0x0000000082900000, 0x0000000082900000|100%| O|  |TAMS 0x0000000082900000, 0x0000000082800000| Untracked 
|  41|0x0000000082900000, 0x0000000082900000, 0x0000000082a00000|  0%| F|  |TAMS 0x0000000082900000, 0x0000000082900000| Untracked 
|  42|0x0000000082a00000, 0x0000000082a00000, 0x0000000082b00000|  0%| F|  |TAMS 0x0000000082a00000, 0x0000000082a00000| Untracked 
|  43|0x0000000082b00000, 0x0000000082b00000, 0x0000000082c00000|  0%| F|  |TAMS 0x0000000082b00000, 0x0000000082b00000| Untracked 
|  44|0x0000000082c00000, 0x0000000082c00000, 0x0000000082d00000|  0%| F|  |TAMS 0x0000000082c00000, 0x0000000082c00000| Untracked 
|  45|0x0000000082d00000, 0x0000000082d00000, 0x0000000082e00000|  0%| F|  |TAMS 0x0000000082d00000, 0x0000000082d00000| Untracked 
|  46|0x0000000082e00000, 0x0000000082e00000, 0x0000000082f00000|  0%| F|  |TAMS 0x0000000082e00000, 0x0000000082e00000| Untracked 
|  47|0x0000000082f00000, 0x0000000082f00000, 0x0000000083000000|  0%| F|  |TAMS 0x0000000082f00000, 0x0000000082f00000| Untracked 
|  48|0x0000000083000000, 0x0000000083000000, 0x0000000083100000|  0%| F|  |TAMS 0x0000000083000000, 0x0000000083000000| Untracked 
|  49|0x0000000083100000, 0x0000000083100000, 0x0000000083200000|  0%| F|  |TAMS 0x0000000083100000, 0x0000000083100000| Untracked 
|  50|0x0000000083200000, 0x0000000083200000, 0x0000000083300000|  0%| F|  |TAMS 0x0000000083200000, 0x0000000083200000| Untracked 
|  51|0x0000000083300000, 0x0000000083300000, 0x0000000083400000|  0%| F|  |TAMS 0x0000000083300000, 0x0000000083300000| Untracked 
|  52|0x0000000083400000, 0x0000000083400000, 0x0000000083500000|  0%| F|  |TAMS 0x0000000083400000, 0x0000000083400000| Untracked 
|  53|0x0000000083500000, 0x0000000083500000, 0x0000000083600000|  0%| F|  |TAMS 0x0000000083500000, 0x0000000083500000| Untracked 
|  54|0x0000000083600000, 0x0000000083600000, 0x0000000083700000|  0%| F|  |TAMS 0x0000000083600000, 0x0000000083600000| Untracked 
|  55|0x0000000083700000, 0x0000000083700000, 0x0000000083800000|  0%| F|  |TAMS 0x0000000083700000, 0x0000000083700000| Untracked 
|  56|0x0000000083800000, 0x0000000083800000, 0x0000000083900000|  0%| F|  |TAMS 0x0000000083800000, 0x0000000083800000| Untracked 
|  57|0x0000000083900000, 0x0000000083900000, 0x0000000083a00000|  0%| F|  |TAMS 0x0000000083900000, 0x0000000083900000| Untracked 
|  58|0x0000000083a00000, 0x0000000083a00000, 0x0000000083b00000|  0%| F|  |TAMS 0x0000000083a00000, 0x0000000083a00000| Untracked 
|  59|0x0000000083b00000, 0x0000000083b00000, 0x0000000083c00000|  0%| F|  |TAMS 0x0000000083b00000, 0x0000000083b00000| Untracked 
|  60|0x0000000083c00000, 0x0000000083c00000, 0x0000000083d00000|  0%| F|  |TAMS 0x0000000083c00000, 0x0000000083c00000| Untracked 
|  61|0x0000000083d00000, 0x0000000083d00000, 0x0000000083e00000|  0%| F|  |TAMS 0x0000000083d00000, 0x0000000083d00000| Untracked 
|  62|0x0000000083e00000, 0x0000000083e00000, 0x0000000083f00000|  0%| F|  |TAMS 0x0000000083e00000, 0x0000000083e00000| Untracked 
|  63|0x0000000083f00000, 0x0000000083f00000, 0x0000000084000000|  0%| F|  |TAMS 0x0000000083f00000, 0x0000000083f00000| Untracked 
|  64|0x0000000084000000, 0x0000000084000000, 0x0000000084100000|  0%| F|  |TAMS 0x0000000084000000, 0x0000000084000000| Untracked 
|  65|0x0000000084100000, 0x0000000084100000, 0x0000000084200000|  0%| F|  |TAMS 0x0000000084100000, 0x0000000084100000| Untracked 
|  66|0x0000000084200000, 0x0000000084200000, 0x0000000084300000|  0%| F|  |TAMS 0x0000000084200000, 0x0000000084200000| Untracked 
|  67|0x0000000084300000, 0x0000000084300000, 0x0000000084400000|  0%| F|  |TAMS 0x0000000084300000, 0x0000000084300000| Untracked 
|  68|0x0000000084400000, 0x0000000084400000, 0x0000000084500000|  0%| F|  |TAMS 0x0000000084400000, 0x0000000084400000| Untracked 
|  69|0x0000000084500000, 0x0000000084500000, 0x0000000084600000|  0%| F|  |TAMS 0x0000000084500000, 0x0000000084500000| Untracked 
|  70|0x0000000084600000, 0x0000000084600000, 0x0000000084700000|  0%| F|  |TAMS 0x0000000084600000, 0x0000000084600000| Untracked 
|  71|0x0000000084700000, 0x0000000084700000, 0x0000000084800000|  0%| F|  |TAMS 0x0000000084700000, 0x0000000084700000| Untracked 
|  72|0x0000000084800000, 0x0000000084800000, 0x0000000084900000|  0%| F|  |TAMS 0x0000000084800000, 0x0000000084800000| Untracked 
|  73|0x0000000084900000, 0x0000000084900000, 0x0000000084a00000|  0%| F|  |TAMS 0x0000000084900000, 0x0000000084900000| Untracked 
|  74|0x0000000084a00000, 0x0000000084a00000, 0x0000000084b00000|  0%| F|  |TAMS 0x0000000084a00000, 0x0000000084a00000| Untracked 
|  75|0x0000000084b00000, 0x0000000084b00000, 0x0000000084c00000|  0%| F|  |TAMS 0x0000000084b00000, 0x0000000084b00000| Untracked 
|  76|0x0000000084c00000, 0x0000000084c00000, 0x0000000084d00000|  0%| F|  |TAMS 0x0000000084c00000, 0x0000000084c00000| Untracked 
|  77|0x0000000084d00000, 0x0000000084d00000, 0x0000000084e00000|  0%| F|  |TAMS 0x0000000084d00000, 0x0000000084d00000| Untracked 
|  78|0x0000000084e00000, 0x0000000084e00000, 0x0000000084f00000|  0%| F|  |TAMS 0x0000000084e00000, 0x0000000084e00000| Untracked 
|  79|0x0000000084f00000, 0x0000000084f00000, 0x0000000085000000|  0%| F|  |TAMS 0x0000000084f00000, 0x0000000084f00000| Untracked 
|  80|0x0000000085000000, 0x0000000085054720, 0x0000000085100000| 32%| S|CS|TAMS 0x0000000085000000, 0x0000000085000000| Complete 
|  81|0x0000000085100000, 0x0000000085200000, 0x0000000085200000|100%| S|CS|TAMS 0x0000000085100000, 0x0000000085100000| Complete 
|  82|0x0000000085200000, 0x0000000085300000, 0x0000000085300000|100%| S|CS|TAMS 0x0000000085200000, 0x0000000085200000| Complete 
|  83|0x0000000085300000, 0x0000000085400000, 0x0000000085400000|100%| S|CS|TAMS 0x0000000085300000, 0x0000000085300000| Complete 
|  84|0x0000000085400000, 0x0000000085500000, 0x0000000085500000|100%| S|CS|TAMS 0x0000000085400000, 0x0000000085400000| Complete 
|  85|0x0000000085500000, 0x0000000085600000, 0x0000000085600000|100%| S|CS|TAMS 0x0000000085500000, 0x0000000085500000| Complete 
|  86|0x0000000085600000, 0x0000000085700000, 0x0000000085700000|100%| S|CS|TAMS 0x0000000085600000, 0x0000000085600000| Complete 
|  87|0x0000000085700000, 0x0000000085800000, 0x0000000085800000|100%| S|CS|TAMS 0x0000000085700000, 0x0000000085700000| Complete 
|  88|0x0000000085800000, 0x0000000085800000, 0x0000000085900000|  0%| F|  |TAMS 0x0000000085800000, 0x0000000085800000| Untracked 
|  89|0x0000000085900000, 0x0000000085900000, 0x0000000085a00000|  0%| F|  |TAMS 0x0000000085900000, 0x0000000085900000| Untracked 
|  90|0x0000000085a00000, 0x0000000085a00000, 0x0000000085b00000|  0%| F|  |TAMS 0x0000000085a00000, 0x0000000085a00000| Untracked 
|  91|0x0000000085b00000, 0x0000000085b00000, 0x0000000085c00000|  0%| F|  |TAMS 0x0000000085b00000, 0x0000000085b00000| Untracked 
|  92|0x0000000085c00000, 0x0000000085c00000, 0x0000000085d00000|  0%| F|  |TAMS 0x0000000085c00000, 0x0000000085c00000| Untracked 
|  93|0x0000000085d00000, 0x0000000085d00000, 0x0000000085e00000|  0%| F|  |TAMS 0x0000000085d00000, 0x0000000085d00000| Untracked 
|  94|0x0000000085e00000, 0x0000000085e00000, 0x0000000085f00000|  0%| F|  |TAMS 0x0000000085e00000, 0x0000000085e00000| Untracked 
|  95|0x0000000085f00000, 0x0000000085f00000, 0x0000000086000000|  0%| F|  |TAMS 0x0000000085f00000, 0x0000000085f00000| Untracked 
|  96|0x0000000086000000, 0x0000000086000000, 0x0000000086100000|  0%| F|  |TAMS 0x0000000086000000, 0x0000000086000000| Untracked 
|  97|0x0000000086100000, 0x0000000086100000, 0x0000000086200000|  0%| F|  |TAMS 0x0000000086100000, 0x0000000086100000| Untracked 
|  98|0x0000000086200000, 0x0000000086200000, 0x0000000086300000|  0%| F|  |TAMS 0x0000000086200000, 0x0000000086200000| Untracked 
|  99|0x0000000086300000, 0x0000000086300000, 0x0000000086400000|  0%| F|  |TAMS 0x0000000086300000, 0x0000000086300000| Untracked 
| 100|0x0000000086400000, 0x0000000086400000, 0x0000000086500000|  0%| F|  |TAMS 0x0000000086400000, 0x0000000086400000| Untracked 
| 101|0x0000000086500000, 0x0000000086500000, 0x0000000086600000|  0%| F|  |TAMS 0x0000000086500000, 0x0000000086500000| Untracked 
| 102|0x0000000086600000, 0x0000000086600000, 0x0000000086700000|  0%| F|  |TAMS 0x0000000086600000, 0x0000000086600000| Untracked 
| 103|0x0000000086700000, 0x0000000086700000, 0x0000000086800000|  0%| F|  |TAMS 0x0000000086700000, 0x0000000086700000| Untracked 
| 104|0x0000000086800000, 0x0000000086800000, 0x0000000086900000|  0%| F|  |TAMS 0x0000000086800000, 0x0000000086800000| Untracked 
| 105|0x0000000086900000, 0x0000000086900000, 0x0000000086a00000|  0%| F|  |TAMS 0x0000000086900000, 0x0000000086900000| Untracked 
| 106|0x0000000086a00000, 0x0000000086a00000, 0x0000000086b00000|  0%| F|  |TAMS 0x0000000086a00000, 0x0000000086a00000| Untracked 
| 107|0x0000000086b00000, 0x0000000086b00000, 0x0000000086c00000|  0%| F|  |TAMS 0x0000000086b00000, 0x0000000086b00000| Untracked 
| 108|0x0000000086c00000, 0x0000000086c00000, 0x0000000086d00000|  0%| F|  |TAMS 0x0000000086c00000, 0x0000000086c00000| Untracked 
| 109|0x0000000086d00000, 0x0000000086d00000, 0x0000000086e00000|  0%| F|  |TAMS 0x0000000086d00000, 0x0000000086d00000| Untracked 
| 110|0x0000000086e00000, 0x0000000086e00000, 0x0000000086f00000|  0%| F|  |TAMS 0x0000000086e00000, 0x0000000086e00000| Untracked 
| 111|0x0000000086f00000, 0x0000000086f00000, 0x0000000087000000|  0%| F|  |TAMS 0x0000000086f00000, 0x0000000086f00000| Untracked 
| 112|0x0000000087000000, 0x0000000087000000, 0x0000000087100000|  0%| F|  |TAMS 0x0000000087000000, 0x0000000087000000| Untracked 
| 113|0x0000000087100000, 0x0000000087100000, 0x0000000087200000|  0%| F|  |TAMS 0x0000000087100000, 0x0000000087100000| Untracked 
| 114|0x0000000087200000, 0x0000000087200000, 0x0000000087300000|  0%| F|  |TAMS 0x0000000087200000, 0x0000000087200000| Untracked 
| 115|0x0000000087300000, 0x0000000087300000, 0x0000000087400000|  0%| F|  |TAMS 0x0000000087300000, 0x0000000087300000| Untracked 
| 116|0x0000000087400000, 0x0000000087400000, 0x0000000087500000|  0%| F|  |TAMS 0x0000000087400000, 0x0000000087400000| Untracked 
| 117|0x0000000087500000, 0x0000000087500000, 0x0000000087600000|  0%| F|  |TAMS 0x0000000087500000, 0x0000000087500000| Untracked 
| 118|0x0000000087600000, 0x0000000087600000, 0x0000000087700000|  0%| F|  |TAMS 0x0000000087600000, 0x0000000087600000| Untracked 
| 119|0x0000000087700000, 0x0000000087700000, 0x0000000087800000|  0%| F|  |TAMS 0x0000000087700000, 0x0000000087700000| Untracked 
| 120|0x0000000087800000, 0x0000000087800000, 0x0000000087900000|  0%| F|  |TAMS 0x0000000087800000, 0x0000000087800000| Untracked 
| 121|0x0000000087900000, 0x0000000087900000, 0x0000000087a00000|  0%| F|  |TAMS 0x0000000087900000, 0x0000000087900000| Untracked 
| 122|0x0000000087a00000, 0x0000000087a00000, 0x0000000087b00000|  0%| F|  |TAMS 0x0000000087a00000, 0x0000000087a00000| Untracked 
| 123|0x0000000087b00000, 0x0000000087b00000, 0x0000000087c00000|  0%| F|  |TAMS 0x0000000087b00000, 0x0000000087b00000| Untracked 
| 124|0x0000000087c00000, 0x0000000087c00000, 0x0000000087d00000|  0%| F|  |TAMS 0x0000000087c00000, 0x0000000087c00000| Untracked 
| 125|0x0000000087d00000, 0x0000000087d00000, 0x0000000087e00000|  0%| F|  |TAMS 0x0000000087d00000, 0x0000000087d00000| Untracked 
| 126|0x0000000087e00000, 0x0000000087e00000, 0x0000000087f00000|  0%| F|  |TAMS 0x0000000087e00000, 0x0000000087e00000| Untracked 
| 127|0x0000000087f00000, 0x0000000087f00000, 0x0000000088000000|  0%| F|  |TAMS 0x0000000087f00000, 0x0000000087f00000| Untracked 
| 128|0x0000000088000000, 0x0000000088000000, 0x0000000088100000|  0%| F|  |TAMS 0x0000000088000000, 0x0000000088000000| Untracked 
| 129|0x0000000088100000, 0x0000000088100000, 0x0000000088200000|  0%| F|  |TAMS 0x0000000088100000, 0x0000000088100000| Untracked 
| 130|0x0000000088200000, 0x0000000088200000, 0x0000000088300000|  0%| F|  |TAMS 0x0000000088200000, 0x0000000088200000| Untracked 
| 131|0x0000000088300000, 0x0000000088300000, 0x0000000088400000|  0%| F|  |TAMS 0x0000000088300000, 0x0000000088300000| Untracked 
| 132|0x0000000088400000, 0x0000000088400000, 0x0000000088500000|  0%| F|  |TAMS 0x0000000088400000, 0x0000000088400000| Untracked 
| 133|0x0000000088500000, 0x0000000088500000, 0x0000000088600000|  0%| F|  |TAMS 0x0000000088500000, 0x0000000088500000| Untracked 
| 134|0x0000000088600000, 0x0000000088600000, 0x0000000088700000|  0%| F|  |TAMS 0x0000000088600000, 0x0000000088600000| Untracked 
| 135|0x0000000088700000, 0x0000000088700000, 0x0000000088800000|  0%| F|  |TAMS 0x0000000088700000, 0x0000000088700000| Untracked 
| 136|0x0000000088800000, 0x0000000088800000, 0x0000000088900000|  0%| F|  |TAMS 0x0000000088800000, 0x0000000088800000| Untracked 
| 137|0x0000000088900000, 0x0000000088900000, 0x0000000088a00000|  0%| F|  |TAMS 0x0000000088900000, 0x0000000088900000| Untracked 
| 138|0x0000000088a00000, 0x0000000088a00000, 0x0000000088b00000|  0%| F|  |TAMS 0x0000000088a00000, 0x0000000088a00000| Untracked 
| 139|0x0000000088b00000, 0x0000000088b00000, 0x0000000088c00000|  0%| F|  |TAMS 0x0000000088b00000, 0x0000000088b00000| Untracked 
| 140|0x0000000088c00000, 0x0000000088c00000, 0x0000000088d00000|  0%| F|  |TAMS 0x0000000088c00000, 0x0000000088c00000| Untracked 
| 141|0x0000000088d00000, 0x0000000088d00000, 0x0000000088e00000|  0%| F|  |TAMS 0x0000000088d00000, 0x0000000088d00000| Untracked 
| 142|0x0000000088e00000, 0x0000000088e00000, 0x0000000088f00000|  0%| F|  |TAMS 0x0000000088e00000, 0x0000000088e00000| Untracked 
| 143|0x0000000088f00000, 0x0000000088f00000, 0x0000000089000000|  0%| F|  |TAMS 0x0000000088f00000, 0x0000000088f00000| Untracked 
| 144|0x0000000089000000, 0x0000000089000000, 0x0000000089100000|  0%| F|  |TAMS 0x0000000089000000, 0x0000000089000000| Untracked 
| 145|0x0000000089100000, 0x0000000089100000, 0x0000000089200000|  0%| F|  |TAMS 0x0000000089100000, 0x0000000089100000| Untracked 
| 146|0x0000000089200000, 0x0000000089200000, 0x0000000089300000|  0%| F|  |TAMS 0x0000000089200000, 0x0000000089200000| Untracked 
| 147|0x0000000089300000, 0x0000000089300000, 0x0000000089400000|  0%| F|  |TAMS 0x0000000089300000, 0x0000000089300000| Untracked 
| 148|0x0000000089400000, 0x0000000089400000, 0x0000000089500000|  0%| F|  |TAMS 0x0000000089400000, 0x0000000089400000| Untracked 
| 149|0x0000000089500000, 0x0000000089500000, 0x0000000089600000|  0%| F|  |TAMS 0x0000000089500000, 0x0000000089500000| Untracked 
| 150|0x0000000089600000, 0x0000000089600000, 0x0000000089700000|  0%| F|  |TAMS 0x0000000089600000, 0x0000000089600000| Untracked 
| 151|0x0000000089700000, 0x0000000089700000, 0x0000000089800000|  0%| F|  |TAMS 0x0000000089700000, 0x0000000089700000| Untracked 

Card table byte_map: [0x000001ae7a340000,0x000001ae7a740000] _byte_map_base: 0x000001ae79f40000

Marking Bits (Prev, Next): (CMBitMap*) 0x000001ae75a0d320, (CMBitMap*) 0x000001ae75a0d2e8
 Prev Bits: [0x000001ae7cb40000, 0x000001ae7eb40000)
 Next Bits: [0x000001ae7ab40000, 0x000001ae7cb40000)

Polling page: 0x000001ae741b0000

Metaspace:

Usage:
  Non-class:     55.66 MB capacity,    54.73 MB ( 98%) used,   782.27 KB (  1%) free+waste,   163.81 KB ( <1%) overhead. 
      Class:      8.49 MB capacity,     7.95 MB ( 94%) used,   474.69 KB (  5%) free+waste,    76.75 KB ( <1%) overhead. 
       Both:     64.15 MB capacity,    62.68 MB ( 98%) used,     1.23 MB (  2%) free+waste,   240.56 KB ( <1%) overhead. 

Virtual space:
  Non-class space:       56.00 MB reserved,      55.75 MB (>99%) committed 
      Class space:        1.00 GB reserved,       8.50 MB ( <1%) committed 
             Both:        1.05 GB reserved,      64.25 MB (  6%) committed 

Chunk freelists:
   Non-Class:  31.00 KB
       Class:  11.00 KB
        Both:  42.00 KB

MaxMetaspaceSize: 17179869184.00 GB
CompressedClassSpaceSize: 1.00 GB

CodeHeap 'non-profiled nmethods': size=120000Kb used=3562Kb max_used=3562Kb free=116437Kb
 bounds [0x000001ae07ad0000, 0x000001ae07e50000, 0x000001ae0f000000]
CodeHeap 'profiled nmethods': size=120000Kb used=12958Kb max_used=12958Kb free=107041Kb
 bounds [0x000001ae005a0000, 0x000001ae01250000, 0x000001ae07ad0000]
CodeHeap 'non-nmethods': size=5760Kb used=2258Kb max_used=2308Kb free=3501Kb
 bounds [0x000001ae00000000, 0x000001ae00270000, 0x000001ae005a0000]
 total_blobs=6946 nmethods=6094 adapters=763
 compilation: enabled
              stopped_count=0, restarted_count=0
 full_count=0

Compilation events (20 events):
Event: 8.997 Thread 0x000001ae7f64b000 6115       3       org.codehaus.groovy.reflection.ClassInfo$LazyCachedClassRef::initValue (5 bytes)
Event: 8.998 Thread 0x000001ae7f64b000 nmethod 6115 0x000001ae01241190 code [0x000001ae01241380, 0x000001ae01241738]
Event: 8.998 Thread 0x000001ae7f64b000 6116       3       org.codehaus.groovy.reflection.ClassInfo$LazyCachedClassRef::initValue (21 bytes)
Event: 8.998 Thread 0x000001ae7f64b000 nmethod 6116 0x000001ae01241890 code [0x000001ae01241a80, 0x000001ae01241dd8]
Event: 8.998 Thread 0x000001ae7f64b000 6117       3       org.codehaus.groovy.reflection.ClassInfo::access$300 (6 bytes)
Event: 8.998 Thread 0x000001ae7f64b000 nmethod 6117 0x000001ae01241f10 code [0x000001ae012420c0, 0x000001ae012421c8]
Event: 9.013 Thread 0x000001ae7f64b000 6118   !   3       org.codehaus.groovy.reflection.stdclasses.CachedSAMClass::getSAMMethodImpl (151 bytes)
Event: 9.015 Thread 0x000001ae7f64b000 nmethod 6118 0x000001ae01242290 code [0x000001ae01242640, 0x000001ae01243ee8]
Event: 9.015 Thread 0x000001ae7f64b000 6119       3       groovy.lang.MetaClassImpl::getNewMetaMethods (18 bytes)
Event: 9.016 Thread 0x000001ae7f64b000 nmethod 6119 0x000001ae01244790 code [0x000001ae01244940, 0x000001ae01244b48]
Event: 9.019 Thread 0x000001ae13640000 nmethod 6032 0x000001ae07e47010 code [0x000001ae07e47220, 0x000001ae07e4a0c8]
Event: 9.019 Thread 0x000001ae13640000 6041       4       java.util.regex.Pattern::RemoveQEQuoting (346 bytes)
Event: 9.030 Thread 0x000001ae7f64b000 6121       3       java.util.StringJoiner::add (104 bytes)
Event: 9.031 Thread 0x000001ae7f64b000 nmethod 6121 0x000001ae01244c10 code [0x000001ae01244e60, 0x000001ae01245838]
Event: 9.031 Thread 0x000001ae7f64b000 6122       3       com.sun.beans.introspect.PropertyInfo::isConstrained (101 bytes)
Event: 9.031 Thread 0x000001ae7f64b000 nmethod 6122 0x000001ae01245b90 code [0x000001ae01245d60, 0x000001ae01246018]
Event: 9.031 Thread 0x000001ae7f64b000 6123       3       sun.reflect.generics.repository.ConstructorRepository::getParameterTypes (27 bytes)
Event: 9.032 Thread 0x000001ae7f64b000 nmethod 6123 0x000001ae01246110 code [0x000001ae012462e0, 0x000001ae01246678]
Event: 9.032 Thread 0x000001ae7f64b000 6124       3       java.beans.MethodDescriptor::<init> (111 bytes)
Event: 9.033 Thread 0x000001ae7f64b000 nmethod 6124 0x000001ae01246790 code [0x000001ae01246a00, 0x000001ae01247538]

GC Heap History (20 events):
Event: 1.288 GC heap after
{Heap after GC invocations=2 (full 0):
 garbage-first heap   total 129024K, used 12137K [0x0000000080000000, 0x0000000100000000)
  region size 1024K, 2 young (2048K), 2 survivors (2048K)
 Metaspace       used 10748K, capacity 11003K, committed 11264K, reserved 1058816K
  class space    used 1124K, capacity 1206K, committed 1280K, reserved 1048576K
}
Event: 2.623 GC heap before
{Heap before GC invocations=2 (full 0):
 garbage-first heap   total 129024K, used 56169K [0x0000000080000000, 0x0000000100000000)
  region size 1024K, 45 young (46080K), 2 survivors (2048K)
 Metaspace       used 17868K, capacity 18315K, committed 18432K, reserved 1064960K
  class space    used 2122K, capacity 2270K, committed 2304K, reserved 1048576K
}
Event: 2.627 GC heap after
{Heap after GC invocations=3 (full 0):
 garbage-first heap   total 129024K, used 16360K [0x0000000080000000, 0x0000000100000000)
  region size 1024K, 6 young (6144K), 6 survivors (6144K)
 Metaspace       used 17868K, capacity 18315K, committed 18432K, reserved 1064960K
  class space    used 2122K, capacity 2270K, committed 2304K, reserved 1048576K
}
Event: 2.840 GC heap before
{Heap before GC invocations=3 (full 0):
 garbage-first heap   total 129024K, used 37864K [0x0000000080000000, 0x0000000100000000)
  region size 1024K, 28 young (28672K), 6 survivors (6144K)
 Metaspace       used 20648K, capacity 21140K, committed 21248K, reserved 1067008K
  class space    used 2528K, capacity 2728K, committed 2816K, reserved 1048576K
}
Event: 2.847 GC heap after
{Heap after GC invocations=4 (full 0):
 garbage-first heap   total 129024K, used 17029K [0x0000000080000000, 0x0000000100000000)
  region size 1024K, 1 young (1024K), 1 survivors (1024K)
 Metaspace       used 20648K, capacity 21140K, committed 21248K, reserved 1067008K
  class space    used 2528K, capacity 2728K, committed 2816K, reserved 1048576K
}
Event: 3.375 GC heap before
{Heap before GC invocations=5 (full 0):
 garbage-first heap   total 129024K, used 65157K [0x0000000080000000, 0x0000000100000000)
  region size 1024K, 48 young (49152K), 1 survivors (1024K)
 Metaspace       used 25582K, capacity 26194K, committed 26368K, reserved 1073152K
  class space    used 3343K, capacity 3566K, committed 3584K, reserved 1048576K
}
Event: 3.378 GC heap after
{Heap after GC invocations=6 (full 0):
 garbage-first heap   total 129024K, used 18777K [0x0000000080000000, 0x0000000100000000)
  region size 1024K, 3 young (3072K), 3 survivors (3072K)
 Metaspace       used 25582K, capacity 26194K, committed 26368K, reserved 1073152K
  class space    used 3343K, capacity 3566K, committed 3584K, reserved 1048576K
}
Event: 4.021 GC heap before
{Heap before GC invocations=6 (full 0):
 garbage-first heap   total 129024K, used 71001K [0x0000000080000000, 0x0000000100000000)
  region size 1024K, 54 young (55296K), 3 survivors (3072K)
 Metaspace       used 31404K, capacity 32130K, committed 32384K, reserved 1077248K
  class space    used 4170K, capacity 4439K, committed 4480K, reserved 1048576K
}
Event: 4.027 GC heap after
{Heap after GC invocations=7 (full 0):
 garbage-first heap   total 129024K, used 21066K [0x0000000080000000, 0x0000000100000000)
  region size 1024K, 5 young (5120K), 5 survivors (5120K)
 Metaspace       used 31404K, capacity 32130K, committed 32384K, reserved 1077248K
  class space    used 4170K, capacity 4439K, committed 4480K, reserved 1048576K
}
Event: 4.263 GC heap before
{Heap before GC invocations=7 (full 0):
 garbage-first heap   total 129024K, used 30282K [0x0000000080000000, 0x0000000100000000)
  region size 1024K, 15 young (15360K), 5 survivors (5120K)
 Metaspace       used 35025K, capacity 35798K, committed 35840K, reserved 1081344K
  class space    used 4541K, capacity 4832K, committed 4864K, reserved 1048576K
}
Event: 4.273 GC heap after
{Heap after GC invocations=8 (full 0):
 garbage-first heap   total 129024K, used 22631K [0x0000000080000000, 0x0000000100000000)
  region size 1024K, 6 young (6144K), 6 survivors (6144K)
 Metaspace       used 35025K, capacity 35798K, committed 35840K, reserved 1081344K
  class space    used 4541K, capacity 4832K, committed 4864K, reserved 1048576K
}
Event: 4.928 GC heap before
{Heap before GC invocations=9 (full 0):
 garbage-first heap   total 129024K, used 78951K [0x0000000080000000, 0x0000000100000000)
  region size 1024K, 59 young (60416K), 6 survivors (6144K)
 Metaspace       used 38708K, capacity 39631K, committed 39936K, reserved 1083392K
  class space    used 4949K, capacity 5315K, committed 5376K, reserved 1048576K
}
Event: 4.944 GC heap after
{Heap after GC invocations=10 (full 0):
 garbage-first heap   total 155648K, used 27372K [0x0000000080000000, 0x0000000100000000)
  region size 1024K, 8 young (8192K), 8 survivors (8192K)
 Metaspace       used 38708K, capacity 39631K, committed 39936K, reserved 1083392K
  class space    used 4949K, capacity 5315K, committed 5376K, reserved 1048576K
}
Event: 5.963 GC heap before
{Heap before GC invocations=10 (full 0):
 garbage-first heap   total 155648K, used 94956K [0x0000000080000000, 0x0000000100000000)
  region size 1024K, 74 young (75776K), 8 survivors (8192K)
 Metaspace       used 44864K, capacity 45998K, committed 46208K, reserved 1089536K
  class space    used 5775K, capacity 6155K, committed 6272K, reserved 1048576K
}
Event: 5.975 GC heap after
{Heap after GC invocations=11 (full 0):
 garbage-first heap   total 155648K, used 29727K [0x0000000080000000, 0x0000000100000000)
  region size 1024K, 7 young (7168K), 7 survivors (7168K)
 Metaspace       used 44864K, capacity 45998K, committed 46208K, reserved 1089536K
  class space    used 5775K, capacity 6155K, committed 6272K, reserved 1048576K
}
Event: 7.238 GC heap before
{Heap before GC invocations=11 (full 0):
 garbage-first heap   total 155648K, used 107551K [0x0000000080000000, 0x0000000100000000)
  region size 1024K, 80 young (81920K), 7 survivors (7168K)
 Metaspace       used 49924K, capacity 51218K, committed 51456K, reserved 1093632K
  class space    used 6384K, capacity 6854K, committed 6912K, reserved 1048576K
}
Event: 7.251 GC heap after
{Heap after GC invocations=12 (full 0):
 garbage-first heap   total 155648K, used 41767K [0x0000000080000000, 0x0000000100000000)
  region size 1024K, 10 young (10240K), 10 survivors (10240K)
 Metaspace       used 49924K, capacity 51218K, committed 51456K, reserved 1093632K
  class space    used 6384K, capacity 6854K, committed 6912K, reserved 1048576K
}
Event: 8.156 GC heap before
{Heap before GC invocations=12 (full 0):
 garbage-first heap   total 155648K, used 93991K [0x0000000080000000, 0x0000000100000000)
  region size 1024K, 62 young (63488K), 10 survivors (10240K)
 Metaspace       used 58531K, capacity 60031K, committed 60160K, reserved 1101824K
  class space    used 7410K, capacity 7975K, committed 8064K, reserved 1048576K
}
Event: 8.179 GC heap after
{Heap after GC invocations=13 (full 0):
 garbage-first heap   total 155648K, used 44894K [0x0000000080000000, 0x0000000100000000)
  region size 1024K, 3 young (3072K), 3 survivors (3072K)
 Metaspace       used 58531K, capacity 60031K, committed 60160K, reserved 1101824K
  class space    used 7410K, capacity 7975K, committed 8064K, reserved 1048576K
}
Event: 9.035 GC heap before
{Heap before GC invocations=14 (full 0):
 garbage-first heap   total 155648K, used 107358K [0x0000000080000000, 0x0000000100000000)
  region size 1024K, 64 young (65536K), 3 survivors (3072K)
 Metaspace       used 64188K, capacity 65686K, committed 65792K, reserved 1105920K
  class space    used 8141K, capacity 8693K, committed 8704K, reserved 1048576K
}

Deoptimization events (20 events):
Event: 8.931 Thread 0x000001ae12f3d000 Uncommon trap: trap_request=0xffffff4d fr.pc=0x000001ae07adb7d4 relative=0x0000000000000034
Event: 8.931 Thread 0x000001ae12f3d000 Uncommon trap: reason=unstable_if action=reinterpret pc=0x000001ae07adb7d4 method=java.lang.StringLatin1.canEncode(I)Z @ 4 c2
Event: 8.931 Thread 0x000001ae12f3d000 DEOPT PACKING pc=0x000001ae07adb7d4 sp=0x000000a2132f6d10
Event: 8.931 Thread 0x000001ae12f3d000 DEOPT UNPACKING pc=0x000001ae000278af sp=0x000000a2132f6ca0 mode 2
Event: 8.931 Thread 0x000001ae12f3d000 Uncommon trap: trap_request=0xffffff4d fr.pc=0x000001ae07b04574 relative=0x0000000000000434
Event: 8.931 Thread 0x000001ae12f3d000 Uncommon trap: reason=unstable_if action=reinterpret pc=0x000001ae07b04574 method=java.lang.AbstractStringBuilder.putStringAt(ILjava/lang/String;)V @ 8 c2
Event: 8.931 Thread 0x000001ae12f3d000 DEOPT PACKING pc=0x000001ae07b04574 sp=0x000000a2132f6e30
Event: 8.931 Thread 0x000001ae12f3d000 DEOPT UNPACKING pc=0x000001ae000278af sp=0x000000a2132f6d48 mode 2
Event: 8.931 Thread 0x000001ae12f3d000 Uncommon trap: trap_request=0xffffff4d fr.pc=0x000001ae07b037ec relative=0x00000000000000cc
Event: 8.931 Thread 0x000001ae12f3d000 Uncommon trap: reason=unstable_if action=reinterpret pc=0x000001ae07b037ec method=java.lang.String.getBytes([BIB)V @ 5 c2
Event: 8.931 Thread 0x000001ae12f3d000 DEOPT PACKING pc=0x000001ae07b037ec sp=0x000000a2132f6d00
Event: 8.931 Thread 0x000001ae12f3d000 DEOPT UNPACKING pc=0x000001ae000278af sp=0x000000a2132f6cc8 mode 2
Event: 8.931 Thread 0x000001ae12f3d000 Uncommon trap: trap_request=0xffffff4d fr.pc=0x000001ae07b19494 relative=0x0000000000000454
Event: 8.931 Thread 0x000001ae12f3d000 Uncommon trap: reason=unstable_if action=reinterpret pc=0x000001ae07b19494 method=java.lang.AbstractStringBuilder.putStringAt(ILjava/lang/String;)V @ 8 c2
Event: 8.931 Thread 0x000001ae12f3d000 DEOPT PACKING pc=0x000001ae07b19494 sp=0x000000a2132f6dd0
Event: 8.931 Thread 0x000001ae12f3d000 DEOPT UNPACKING pc=0x000001ae000278af sp=0x000000a2132f6d40 mode 2
Event: 9.029 Thread 0x000001ae12f3d000 Uncommon trap: trap_request=0xffffff4d fr.pc=0x000001ae07c80c80 relative=0x0000000000000340
Event: 9.029 Thread 0x000001ae12f3d000 Uncommon trap: reason=unstable_if action=reinterpret pc=0x000001ae07c80c80 method=java.util.StringJoiner.add(Ljava/lang/CharSequence;)Ljava/util/StringJoiner; @ 33 c2
Event: 9.029 Thread 0x000001ae12f3d000 DEOPT PACKING pc=0x000001ae07c80c80 sp=0x000000a2132f63e0
Event: 9.029 Thread 0x000001ae12f3d000 DEOPT UNPACKING pc=0x000001ae000278af sp=0x000000a2132f6390 mode 2

Classes redefined (0 events):
No events

Internal exceptions (20 events):
Event: 7.407 Thread 0x000001ae12f3d000 Exception <a 'java/lang/NoSuchMethodError'{0x0000000088faa588}: 'java.lang.Object java.lang.invoke.DelegatingMethodHandle$Holder.reinvoke_L(java.lang.Object, int, int, java.lang.Object, java.lang.Object, java.lang.Object)'> (0x0000000088faa588) thrown at [./src/hotspot/share/interpreter/linkResolver.cpp, line 773]
Event: 7.624 Thread 0x000001ae12f3d000 Exception <a 'java/lang/NoSuchMethodError'{0x000000008831b170}: 'int java.lang.invoke.DirectMethodHandle$Holder.invokeInterface(java.lang.Object, java.lang.Object, java.lang.Object, java.lang.Object)'> (0x000000008831b170) thrown at [./src/hotspot/share/interpreter/linkResolver.cpp, line 773]
Event: 7.970 Thread 0x000001ae12f3d000 Exception <a 'java/lang/NoSuchMethodError'{0x0000000086d6d3d0}: 'void java.lang.invoke.DirectMethodHandle$Holder.invokeInterface(java.lang.Object, java.lang.Object, java.lang.Object, java.lang.Object)'> (0x0000000086d6d3d0) thrown at [./src/hotspot/share/interpreter/linkResolver.cpp, line 773]
Event: 8.101 Thread 0x000001ae12f3d000 Exception <a 'java/lang/IncompatibleClassChangeError'{0x0000000086579f98}: Found class java.lang.Object, but interface was expected> (0x0000000086579f98) thrown at [./src/hotspot/share/interpreter/linkResolver.cpp, line 839]
Event: 8.191 Thread 0x000001ae12f3d000 Implicit null exception at 0x000001ae07db36d4 to 0x000001ae07db38b8
Event: 8.191 Thread 0x000001ae12f3d000 Implicit null exception at 0x000001ae07db70c7 to 0x000001ae07db8d60
Event: 8.303 Thread 0x000001ae12f3d000 Implicit null exception at 0x000001ae07c2050b to 0x000001ae07c205e4
Event: 8.507 Thread 0x000001ae12f3d000 Exception <a 'sun/nio/fs/WindowsException'{0x00000000883d5360}> (0x00000000883d5360) thrown at [./src/hotspot/share/prims/jni.cpp, line 615]
Event: 8.993 Thread 0x000001ae12f3d000 Exception <a 'java/lang/ClassNotFoundException'{0x0000000085c7cf18}: build_bq7yvq0fvdw3atcupvn2roefxBeanInfo> (0x0000000085c7cf18) thrown at [./src/hotspot/share/classfile/systemDictionary.cpp, line 231]
Event: 8.993 Thread 0x000001ae12f3d000 Exception <a 'java/lang/ClassNotFoundException'{0x0000000085cbc3a0}: build_bq7yvq0fvdw3atcupvn2roefxCustomizer> (0x0000000085cbc3a0) thrown at [./src/hotspot/share/classfile/systemDictionary.cpp, line 231]
Event: 9.026 Thread 0x000001ae12f3d000 Exception <a 'java/lang/ClassNotFoundException'{0x00000000859970c8}: com/android/build/gradle/internal/dsl/BaseAppModuleExtension_DecoratedBeanInfo> (0x00000000859970c8) thrown at [./src/hotspot/share/classfile/systemDictionary.cpp, line 231]
Event: 9.027 Thread 0x000001ae12f3d000 Exception <a 'java/lang/ClassNotFoundException'{0x00000000859af3f0}: com/android/build/gradle/internal/dsl/BaseAppModuleExtensionBeanInfo> (0x00000000859af3f0) thrown at [./src/hotspot/share/classfile/systemDictionary.cpp, line 231]
Event: 9.027 Thread 0x000001ae12f3d000 Exception <a 'java/lang/ClassNotFoundException'{0x00000000859c4020}: com/android/build/gradle/AppExtensionBeanInfo> (0x00000000859c4020) thrown at [./src/hotspot/share/classfile/systemDictionary.cpp, line 231]
Event: 9.027 Thread 0x000001ae12f3d000 Exception <a 'java/lang/ClassNotFoundException'{0x00000000859d9e68}: com/android/build/gradle/AbstractAppExtensionBeanInfo> (0x00000000859d9e68) thrown at [./src/hotspot/share/classfile/systemDictionary.cpp, line 231]
Event: 9.028 Thread 0x000001ae12f3d000 Exception <a 'java/lang/ClassNotFoundException'{0x00000000859eecd8}: com/android/build/gradle/TestedExtensionBeanInfo> (0x00000000859eecd8) thrown at [./src/hotspot/share/classfile/systemDictionary.cpp, line 231]
Event: 9.028 Thread 0x000001ae12f3d000 Exception <a 'java/lang/ClassNotFoundException'{0x0000000085804220}: com/android/build/gradle/BaseExtensionBeanInfo> (0x0000000085804220) thrown at [./src/hotspot/share/classfile/systemDictionary.cpp, line 231]
Event: 9.028 Thread 0x000001ae12f3d000 Exception <a 'java/lang/ClassNotFoundException'{0x0000000085819058}: com/android/build/gradle/BaseExtensionCustomizer> (0x0000000085819058) thrown at [./src/hotspot/share/classfile/systemDictionary.cpp, line 231]
Event: 9.031 Thread 0x000001ae12f3d000 Exception <a 'java/lang/ClassNotFoundException'{0x0000000085886808}: com/android/build/gradle/TestedExtensionCustomizer> (0x0000000085886808) thrown at [./src/hotspot/share/classfile/systemDictionary.cpp, line 231]
Event: 9.032 Thread 0x000001ae12f3d000 Exception <a 'java/lang/ClassNotFoundException'{0x00000000858b6688}: com/android/build/gradle/AbstractAppExtensionCustomizer> (0x00000000858b6688) thrown at [./src/hotspot/share/classfile/systemDictionary.cpp, line 231]
Event: 9.034 Thread 0x000001ae12f3d000 Exception <a 'java/lang/ClassNotFoundException'{0x00000000858e16c8}: com/android/build/gradle/AppExtensionCustomizer> (0x00000000858e16c8) thrown at [./src/hotspot/share/classfile/systemDictionary.cpp, line 231]

Events (20 events):
Event: 9.028 loading class com/android/build/gradle/BaseExtensionBeanInfo done
Event: 9.028 loading class com/android/build/gradle/BaseExtensionCustomizer
Event: 9.028 loading class com/android/build/gradle/BaseExtensionCustomizer done
Event: 9.028 loading class com/android/build/gradle/BaseExtensionCustomizer
Event: 9.028 loading class com/android/build/gradle/BaseExtensionCustomizer done
Event: 9.030 loading class com/android/build/gradle/TestedExtensionCustomizer
Event: 9.030 loading class com/android/build/gradle/TestedExtensionCustomizer done
Event: 9.030 loading class com/android/build/gradle/TestedExtensionCustomizer
Event: 9.030 loading class com/android/build/gradle/TestedExtensionCustomizer done
Event: 9.031 loading class com/android/build/gradle/AbstractAppExtensionCustomizer
Event: 9.031 loading class com/android/build/gradle/AbstractAppExtensionCustomizer done
Event: 9.032 loading class com/android/build/gradle/AbstractAppExtensionCustomizer
Event: 9.032 loading class com/android/build/gradle/AbstractAppExtensionCustomizer done
Event: 9.033 loading class com/android/build/gradle/AppExtensionCustomizer
Event: 9.033 loading class com/android/build/gradle/AppExtensionCustomizer done
Event: 9.033 loading class com/android/build/gradle/AppExtensionCustomizer
Event: 9.033 loading class com/android/build/gradle/AppExtensionCustomizer done
Event: 9.034 loading class com/android/build/gradle/internal/dsl/BaseAppModuleExtensionCustomizer
Event: 9.034 loading class com/android/build/gradle/internal/dsl/BaseAppModuleExtensionCustomizer done
Event: 9.035 Executing VM operation: G1CollectForAllocation


Dynamic libraries:
0x00007ff78f9a0000 - 0x00007ff78f9aa000 	C:\Program Files\Android\Android Studio\jre\bin\java.exe
0x00007ffd2c810000 - 0x00007ffd2ca05000 	C:\WINDOWS\SYSTEM32\ntdll.dll
0x00007ffd2b9d0000 - 0x00007ffd2ba8e000 	C:\WINDOWS\System32\KERNEL32.DLL
0x00007ffd2a1f0000 - 0x00007ffd2a4b9000 	C:\WINDOWS\System32\KERNELBASE.dll
0x00007ffd29f60000 - 0x00007ffd2a060000 	C:\WINDOWS\System32\ucrtbase.dll
0x00007ffd25ab0000 - 0x00007ffd25ac9000 	C:\Program Files\Android\Android Studio\jre\bin\jli.dll
0x00007ffd25a70000 - 0x00007ffd25a87000 	C:\Program Files\Android\Android Studio\jre\bin\VCRUNTIME140.dll
0x00007ffd2b200000 - 0x00007ffd2b3a1000 	C:\WINDOWS\System32\USER32.dll
0x00007ffd2a1c0000 - 0x00007ffd2a1e2000 	C:\WINDOWS\System32\win32u.dll
0x00007ffd0cd80000 - 0x00007ffd0d01a000 	C:\WINDOWS\WinSxS\amd64_microsoft.windows.common-controls_6595b64144ccf1df_6.0.19041.1110_none_60b5254171f9507e\COMCTL32.dll
0x00007ffd2bc90000 - 0x00007ffd2bcbb000 	C:\WINDOWS\System32\GDI32.dll
0x00007ffd2b100000 - 0x00007ffd2b19e000 	C:\WINDOWS\System32\msvcrt.dll
0x00007ffd2a620000 - 0x00007ffd2a72b000 	C:\WINDOWS\System32\gdi32full.dll
0x00007ffd2a4c0000 - 0x00007ffd2a55d000 	C:\WINDOWS\System32\msvcp_win.dll
0x00007ffd2bc60000 - 0x00007ffd2bc90000 	C:\WINDOWS\System32\IMM32.DLL
0x00007ffd04a30000 - 0x00007ffd04acd000 	C:\Program Files\Android\Android Studio\jre\bin\msvcp140.dll
0x00007ffccb640000 - 0x00007ffccc10f000 	C:\Program Files\Android\Android Studio\jre\bin\server\jvm.dll
0x00007ffd2a830000 - 0x00007ffd2a8dc000 	C:\WINDOWS\System32\ADVAPI32.dll
0x00007ffd2bf80000 - 0x00007ffd2c01b000 	C:\WINDOWS\System32\sechost.dll
0x00007ffd2b420000 - 0x00007ffd2b54a000 	C:\WINDOWS\System32\RPCRT4.dll
0x00007ffd2ba90000 - 0x00007ffd2ba98000 	C:\WINDOWS\System32\PSAPI.DLL
0x00007ffd153b0000 - 0x00007ffd153b9000 	C:\WINDOWS\SYSTEM32\WSOCK32.dll
0x00007ffd18810000 - 0x00007ffd18837000 	C:\WINDOWS\SYSTEM32\WINMM.dll
0x00007ffd23240000 - 0x00007ffd2324a000 	C:\WINDOWS\SYSTEM32\VERSION.dll
0x00007ffd2b3b0000 - 0x00007ffd2b41b000 	C:\WINDOWS\System32\WS2_32.dll
0x00007ffd27e00000 - 0x00007ffd27e12000 	C:\WINDOWS\SYSTEM32\kernel.appcore.dll
0x00007ffd27650000 - 0x00007ffd27661000 	C:\Program Files\Android\Android Studio\jre\bin\verify.dll
0x00007ffd147d0000 - 0x00007ffd149b4000 	C:\WINDOWS\SYSTEM32\DBGHELP.DLL
0x00007ffd14740000 - 0x00007ffd1476c000 	C:\WINDOWS\SYSTEM32\dbgcore.DLL
0x00007ffd2a560000 - 0x00007ffd2a5e3000 	C:\WINDOWS\System32\bcryptPrimitives.dll
0x00007ffd14eb0000 - 0x00007ffd14ed9000 	C:\Program Files\Android\Android Studio\jre\bin\java.dll
0x00007ffd25a90000 - 0x00007ffd25a9b000 	C:\Program Files\Android\Android Studio\jre\bin\jimage.dll
0x00007ffd0bef0000 - 0x00007ffd0bf08000 	C:\Program Files\Android\Android Studio\jre\bin\zip.dll
0x00007ffd2a9c0000 - 0x00007ffd2b0ff000 	C:\WINDOWS\System32\SHELL32.dll
0x00007ffd28000000 - 0x00007ffd28790000 	C:\WINDOWS\SYSTEM32\windows.storage.dll
0x00007ffd2c150000 - 0x00007ffd2c4a5000 	C:\WINDOWS\System32\combase.dll
0x00007ffd298e0000 - 0x00007ffd2990c000 	C:\WINDOWS\SYSTEM32\Wldp.dll
0x00007ffd2bed0000 - 0x00007ffd2bf7e000 	C:\WINDOWS\System32\SHCORE.dll
0x00007ffd2a960000 - 0x00007ffd2a9b5000 	C:\WINDOWS\System32\shlwapi.dll
0x00007ffd29e40000 - 0x00007ffd29e5f000 	C:\WINDOWS\SYSTEM32\profapi.dll
0x00007ffd04bb0000 - 0x00007ffd04bca000 	C:\Program Files\Android\Android Studio\jre\bin\net.dll
0x00007ffd23fd0000 - 0x00007ffd240d8000 	C:\WINDOWS\SYSTEM32\WINHTTP.dll
0x00007ffd295e0000 - 0x00007ffd2964a000 	C:\WINDOWS\system32\mswsock.dll
0x00007ffd04b90000 - 0x00007ffd04ba4000 	C:\Program Files\Android\Android Studio\jre\bin\nio.dll
0x00007ffcfc410000 - 0x00007ffcfc437000 	C:\Users\Dutlitha\.gradle\native\8bec1ad78214c89d9ad589b4d07fe93259594b29d510b10fafb7a158f7737e5d\windows-amd64\native-platform.dll
0x00007ffcf1070000 - 0x00007ffcf11ad000 	C:\Users\Dutlitha\.gradle\native\53dbd7edfb1c66fb8903c78663c9afc45aea4f116125fa6feffd364cf09443e8\windows-amd64\native-platform-file-events.dll
0x00007ffd25a60000 - 0x00007ffd25a6a000 	C:\Program Files\Android\Android Studio\jre\bin\management.dll
0x00007ffd187b0000 - 0x00007ffd187bc000 	C:\Program Files\Android\Android Studio\jre\bin\management_ext.dll
0x00007ffd297d0000 - 0x00007ffd297e8000 	C:\WINDOWS\SYSTEM32\CRYPTSP.dll
0x00007ffd28f60000 - 0x00007ffd28f94000 	C:\WINDOWS\system32\rsaenh.dll
0x00007ffd2a5f0000 - 0x00007ffd2a617000 	C:\WINDOWS\System32\bcrypt.dll
0x00007ffd29dc0000 - 0x00007ffd29dee000 	C:\WINDOWS\SYSTEM32\USERENV.dll
0x00007ffd297f0000 - 0x00007ffd297fc000 	C:\WINDOWS\SYSTEM32\CRYPTBASE.dll
0x00007ffd292d0000 - 0x00007ffd2930b000 	C:\WINDOWS\SYSTEM32\IPHLPAPI.DLL
0x00007ffd2bec0000 - 0x00007ffd2bec8000 	C:\WINDOWS\System32\NSI.dll
0x00007ffd225f0000 - 0x00007ffd22607000 	C:\WINDOWS\SYSTEM32\dhcpcsvc6.DLL
0x00007ffd22f90000 - 0x00007ffd22fad000 	C:\WINDOWS\SYSTEM32\dhcpcsvc.DLL
0x00007ffd29310000 - 0x00007ffd293dc000 	C:\WINDOWS\SYSTEM32\DNSAPI.dll

dbghelp: loaded successfully - version: 4.0.5 - missing functions: none
symbol engine: initialized successfully - sym options: 0x614 - pdb path: .;C:\Program Files\Android\Android Studio\jre\bin;C:\WINDOWS\SYSTEM32;C:\WINDOWS\WinSxS\amd64_microsoft.windows.common-controls_6595b64144ccf1df_6.0.19041.1110_none_60b5254171f9507e;C:\Program Files\Android\Android Studio\jre\bin\server;C:\Users\Dutlitha\.gradle\native\8bec1ad78214c89d9ad589b4d07fe93259594b29d510b10fafb7a158f7737e5d\windows-amd64;C:\Users\Dutlitha\.gradle\native\53dbd7edfb1c66fb8903c78663c9afc45aea4f116125fa6feffd364cf09443e8\windows-amd64

VM Arguments:
jvm_args: --add-opens=java.base/java.util=ALL-UNNAMED --add-opens=java.base/java.lang=ALL-UNNAMED --add-opens=java.base/java.lang.invoke=ALL-UNNAMED --add-opens=java.base/java.util=ALL-UNNAMED --add-opens=java.prefs/java.util.prefs=ALL-UNNAMED --add-opens=java.prefs/java.util.prefs=ALL-UNNAMED --add-opens=java.base/java.nio.charset=ALL-UNNAMED --add-opens=java.base/java.net=ALL-UNNAMED --add-opens=java.base/java.util.concurrent.atomic=ALL-UNNAMED -Xmx2048m -Dfile.encoding=UTF-8 -Duser.country=US -Duser.language=en -Duser.variant 
java_command: org.gradle.launcher.daemon.bootstrap.GradleDaemon 7.0.2
java_class_path (initial): C:\Users\Dutlitha\.gradle\wrapper\dists\gradle-7.0.2-bin\857tjihv64xamwrf0h14cai3r\gradle-7.0.2\lib\gradle-launcher-7.0.2.jar
Launcher Type: SUN_STANDARD

[Global flags]
     intx CICompilerCount                          = 4                                         {product} {ergonomic}
     uint ConcGCThreads                            = 2                                         {product} {ergonomic}
     uint G1ConcRefinementThreads                  = 8                                         {product} {ergonomic}
   size_t G1HeapRegionSize                         = 1048576                                   {product} {ergonomic}
    uintx GCDrainStackTargetSize                   = 64                                        {product} {ergonomic}
   size_t InitialHeapSize                          = 132120576                                 {product} {ergonomic}
   size_t MarkStackSize                            = 4194304                                   {product} {ergonomic}
   size_t MaxHeapSize                              = 2147483648                                {product} {command line}
   size_t MaxNewSize                               = 1287651328                                {product} {ergonomic}
   size_t MinHeapDeltaBytes                        = 1048576                                   {product} {ergonomic}
    uintx NonNMethodCodeHeapSize                   = 5836300                                {pd product} {ergonomic}
    uintx NonProfiledCodeHeapSize                  = 122910970                              {pd product} {ergonomic}
    uintx ProfiledCodeHeapSize                     = 122910970                              {pd product} {ergonomic}
    uintx ReservedCodeCacheSize                    = 251658240                              {pd product} {ergonomic}
     bool SegmentedCodeCache                       = true                                      {product} {ergonomic}
     bool UseCompressedClassPointers               = true                                 {lp64_product} {ergonomic}
     bool UseCompressedOops                        = true                                 {lp64_product} {ergonomic}
     bool UseG1GC                                  = true                                      {product} {ergonomic}
     bool UseLargePagesIndividualAllocation        = false                                  {pd product} {ergonomic}

Logging:
Log output configuration:
 #0: stdout all=warning uptime,level,tags
 #1: stderr all=off uptime,level,tags

Environment Variables:
PATH=C:\Program Files\Common Files\Oracle\Java\javapath;C:\Program Files (x86)\Common Files\Oracle\Java\javapath;C:\WINDOWS\system32;C:\WINDOWS;C:\WINDOWS\System32\Wbem;C:\WINDOWS\System32\WindowsPowerShell\v1.0\;C:\WINDOWS\System32\OpenSSH\;C:\Program Files\Microsoft SQL Server\Client SDK\ODBC\170\Tools\Binn\;C:\Program Files (x86)\Microsoft SQL Server\150\Tools\Binn\;C:\Program Files\Microsoft SQL Server\150\Tools\Binn\;C:\Program Files\Microsoft SQL Server\150\DTS\Binn\;C:\Program Files (x86)\Microsoft SQL Server\150\DTS\Binn\;C:\Program Files\Git\cmd;C:\Users\Dutlitha\AppData\Local\Microsoft\WindowsApps;
USERNAME=Dutlitha
OS=Windows_NT
PROCESSOR_IDENTIFIER=Intel64 Family 6 Model 142 Stepping 12, GenuineIntel



---------------  S Y S T E M  ---------------

OS: Windows 10 , 64 bit Build 19041 (10.0.19041.1202)
OS uptime: 0 days 2:48 hours

CPU:total 8 (initial active 8) (4 cores per cpu, 2 threads per core) family 6 model 142 stepping 12 microcode 0xbe, cmov, cx8, fxsr, mmx, sse, sse2, sse3, ssse3, sse4.1, sse4.2, popcnt, avx, avx2, aes, clmul, erms, 3dnowpref, lzcnt, ht, tsc, tscinvbit, bmi1, bmi2, adx, fma

Memory: 4k page, system-wide physical 8033M (540M free)
TotalPageFile size 12129M (AvailPageFile size 31M)
current process WorkingSet (physical memory assigned to process): 343M, peak: 346M
current process commit charge ("private bytes"): 397M, peak: 430M

vm_info: OpenJDK 64-Bit Server VM (11.0.10+0-b96-7249189) for windows-amd64 JRE (11.0.10+0-b96-7249189), built on Mar 31 2021 21:44:00 by "builder" with MS VC++ 14.0 (VS2015)

END.
