#
# There is insufficient memory for the Java Runtime Environment to continue.
# Native memory allocation (malloc) failed to allocate 626640 bytes for Chunk::new
# Possible reasons:
#   The system is out of physical RAM or swap space
#   The process is running with CompressedOops enabled, and the Java Heap may be blocking the growth of the native heap
# Possible solutions:
#   Reduce memory load on the system
#   Increase physical memory or swap space
#   Check if swap backing store is full
#   Decrease Java heap size (-Xmx/-Xms)
#   Decrease number of Java threads
#   Decrease Java thread stack sizes (-Xss)
#   Set larger code cache with -XX:ReservedCodeCacheSize=
#   JVM is running with Unscaled Compressed Oops mode in which the Java heap is
#     placed in the first 4GB address space. The Java Heap base address is the
#     maximum limit for the native heap growth. Please use -XX:HeapBaseMinAddress
#     to set the Java Heap base and to place the Java Heap above 4GB virtual address.
# This output file may be truncated or incomplete.
#
#  Out of Memory Error (./src/hotspot/share/memory/arena.cpp:197), pid=1232, tid=12080
#
# JRE version: OpenJDK Runtime Environment (11.0.10) (build 11.0.10+0-b96-7249189)
# Java VM: OpenJDK 64-Bit Server VM (11.0.10+0-b96-7249189, mixed mode, tiered, compressed oops, g1 gc, windows-amd64)
# No core dump will be written. Minidumps are not enabled by default on client versions of Windows
#

---------------  S U M M A R Y ------------

Command Line: --add-opens=java.base/java.util=ALL-UNNAMED --add-opens=java.base/java.lang=ALL-UNNAMED --add-opens=java.base/java.lang.invoke=ALL-UNNAMED --add-opens=java.base/java.util=ALL-UNNAMED --add-opens=java.prefs/java.util.prefs=ALL-UNNAMED --add-opens=java.prefs/java.util.prefs=ALL-UNNAMED --add-opens=java.base/java.nio.charset=ALL-UNNAMED --add-opens=java.base/java.net=ALL-UNNAMED --add-opens=java.base/java.util.concurrent.atomic=ALL-UNNAMED -Xmx2048m -Dfile.encoding=UTF-8 -Duser.country=US -Duser.language=en -Duser.variant org.gradle.launcher.daemon.bootstrap.GradleDaemon 7.0.2

Host: Intel(R) Core(TM) i5-10210U CPU @ 1.60GHz, 8 cores, 7G,  Windows 10 , 64 bit Build 19041 (10.0.19041.1202)
Time: Thu Sep 23 23:36:43 2021 Sri Lanka Standard Time elapsed time: 7.205429 seconds (0d 0h 0m 7s)

---------------  T H R E A D  ---------------

Current thread (0x0000026e4588e800):  JavaThread "C2 CompilerThread0" daemon [_thread_in_native, id=12080, stack(0x0000009837300000,0x0000009837400000)]


Current CompileTask:
C2:   7205 3444       4       org.codehaus.groovy.reflection.CachedMethod::compareTo (25 bytes)

Stack: [0x0000009837300000,0x0000009837400000]
Native frames: (J=compiled Java code, j=interpreted, Vv=VM code, C=native code)
V  [jvm.dll+0x5ecfaa]
V  [jvm.dll+0x722bd5]
V  [jvm.dll+0x72412d]
V  [jvm.dll+0x7247e3]
V  [jvm.dll+0x242928]
V  [jvm.dll+0xbc4fc]
V  [jvm.dll+0xbca0c]
V  [jvm.dll+0x1fae51]
V  [jvm.dll+0x584a45]
V  [jvm.dll+0x58380e]
V  [jvm.dll+0x1fb4a2]
V  [jvm.dll+0x1fa7f4]
V  [jvm.dll+0x18354c]
V  [jvm.dll+0x208ee7]
V  [jvm.dll+0x207731]
V  [jvm.dll+0x6eb1cf]
V  [jvm.dll+0x6e3d45]
V  [jvm.dll+0x5ebe96]
C  [ucrtbase.dll+0x21bb2]
C  [KERNEL32.DLL+0x17034]
C  [ntdll.dll+0x52651]


---------------  P R O C E S S  ---------------

Threads class SMR info:
_java_thread_list=0x0000026e4846d2f0, length=35, elements={
0x0000026e2acbd000, 0x0000026e45863000, 0x0000026e45868800, 0x0000026e4587d000,
0x0000026e4587e000, 0x0000026e45880000, 0x0000026e4588e800, 0x0000026e4588f800,
0x0000026e4589d000, 0x0000026e46370000, 0x0000026e4636d800, 0x0000026e46371000,
0x0000026e46373800, 0x0000026e46372800, 0x0000026e46374000, 0x0000026e4636f000,
0x0000026e4636e800, 0x0000026e46371800, 0x0000026e48557800, 0x0000026e48553800,
0x0000026e48552000, 0x0000026e48554800, 0x0000026e48558800, 0x0000026e48a98800,
0x0000026e48555000, 0x0000026e48556000, 0x0000026e48552800, 0x0000026e4855c800,
0x0000026e48557000, 0x0000026e4855d800, 0x0000026e4855b800, 0x0000026e4855b000,
0x0000026e4855f000, 0x0000026e48559000, 0x0000026e4855a000
}

Java Threads: ( => current thread )
  0x0000026e2acbd000 JavaThread "main" [_thread_blocked, id=3832, stack(0x0000009836700000,0x0000009836800000)]
  0x0000026e45863000 JavaThread "Reference Handler" daemon [_thread_blocked, id=6012, stack(0x0000009836e00000,0x0000009836f00000)]
  0x0000026e45868800 JavaThread "Finalizer" daemon [_thread_blocked, id=11036, stack(0x0000009836f00000,0x0000009837000000)]
  0x0000026e4587d000 JavaThread "Signal Dispatcher" daemon [_thread_blocked, id=8036, stack(0x0000009837000000,0x0000009837100000)]
  0x0000026e4587e000 JavaThread "Attach Listener" daemon [_thread_blocked, id=15580, stack(0x0000009837100000,0x0000009837200000)]
  0x0000026e45880000 JavaThread "Service Thread" daemon [_thread_blocked, id=16072, stack(0x0000009837200000,0x0000009837300000)]
=>0x0000026e4588e800 JavaThread "C2 CompilerThread0" daemon [_thread_in_native, id=12080, stack(0x0000009837300000,0x0000009837400000)]
  0x0000026e4588f800 JavaThread "C1 CompilerThread0" daemon [_thread_in_native, id=1588, stack(0x0000009837400000,0x0000009837500000)]
  0x0000026e4589d000 JavaThread "Sweeper thread" daemon [_thread_blocked, id=5392, stack(0x0000009837500000,0x0000009837600000)]
  0x0000026e46370000 JavaThread "Common-Cleaner" daemon [_thread_blocked, id=2108, stack(0x0000009837600000,0x0000009837700000)]
  0x0000026e4636d800 JavaThread "Daemon health stats" [_thread_blocked, id=15716, stack(0x0000009837c00000,0x0000009837d00000)]
  0x0000026e46371000 JavaThread "Incoming local TCP Connector on port 51608" [_thread_in_native, id=13808, stack(0x0000009837800000,0x0000009837900000)]
  0x0000026e46373800 JavaThread "Daemon periodic checks" [_thread_blocked, id=1724, stack(0x0000009837900000,0x0000009837a00000)]
  0x0000026e46372800 JavaThread "Daemon" [_thread_blocked, id=6564, stack(0x0000009837d00000,0x0000009837e00000)]
  0x0000026e46374000 JavaThread "Handler for socket connection from /127.0.0.1:51608 to /127.0.0.1:51609" [_thread_in_native, id=4840, stack(0x0000009837e00000,0x0000009837f00000)]
  0x0000026e4636f000 JavaThread "Cancel handler" [_thread_blocked, id=13332, stack(0x0000009837f00000,0x0000009838000000)]
  0x0000026e4636e800 JavaThread "Daemon worker" [_thread_in_Java, id=688, stack(0x0000009838000000,0x0000009838100000)]
  0x0000026e46371800 JavaThread "Asynchronous log dispatcher for DefaultDaemonConnection: socket connection from /127.0.0.1:51608 to /127.0.0.1:51609" [_thread_blocked, id=15256, stack(0x0000009838100000,0x0000009838200000)]
  0x0000026e48557800 JavaThread "Stdin handler" [_thread_blocked, id=6692, stack(0x0000009838200000,0x0000009838300000)]
  0x0000026e48553800 JavaThread "Daemon client event forwarder" [_thread_blocked, id=3080, stack(0x0000009838300000,0x0000009838400000)]
  0x0000026e48552000 JavaThread "Cache worker for file hash cache (C:\Users\Dutlitha\.gradle\caches\7.0.2\fileHashes)" [_thread_blocked, id=6248, stack(0x0000009838900000,0x0000009838a00000)]
  0x0000026e48554800 JavaThread "File lock request listener" [_thread_in_native, id=7688, stack(0x0000009838a00000,0x0000009838b00000)]
  0x0000026e48558800 JavaThread "Cache worker for journal cache (C:\Users\Dutlitha\.gradle\caches\journal-1)" [_thread_blocked, id=7564, stack(0x0000009838c00000,0x0000009838d00000)]
  0x0000026e48a98800 JavaThread "C2 CompilerThread1" daemon [_thread_in_native, id=10508, stack(0x0000009838d00000,0x0000009838e00000)]
  0x0000026e48555000 JavaThread "Cache worker for file hash cache (C:\Users\Dutlitha\AndroidStudioProjects\Wartersy\.gradle\7.0.2\fileHashes)" [_thread_blocked, id=16216, stack(0x0000009838e00000,0x0000009838f00000)]
  0x0000026e48556000 JavaThread "File watcher server" daemon [_thread_in_native, id=14656, stack(0x0000009838f00000,0x0000009839000000)]
  0x0000026e48552800 JavaThread "File watcher consumer" daemon [_thread_blocked, id=5220, stack(0x0000009839000000,0x0000009839100000)]
  0x0000026e4855c800 JavaThread "Cache worker for checksums cache (C:\Users\Dutlitha\AndroidStudioProjects\Wartersy\.gradle\checksums)" [_thread_blocked, id=3972, stack(0x0000009839100000,0x0000009839200000)]
  0x0000026e48557000 JavaThread "Cache worker for cache directory md-supplier (C:\Users\Dutlitha\.gradle\caches\7.0.2\md-supplier)" [_thread_blocked, id=9120, stack(0x0000009839200000,0x0000009839300000)]
  0x0000026e4855d800 JavaThread "Cache worker for cache directory md-rule (C:\Users\Dutlitha\.gradle\caches\7.0.2\md-rule)" [_thread_blocked, id=5176, stack(0x0000009839300000,0x0000009839400000)]
  0x0000026e4855b800 JavaThread "Cache worker for execution history cache (C:\Users\Dutlitha\.gradle\caches\7.0.2\executionHistory)" [_thread_blocked, id=11712, stack(0x0000009839400000,0x0000009839500000)]
  0x0000026e4855b000 JavaThread "jar transforms" [_thread_blocked, id=1304, stack(0x0000009839500000,0x0000009839600000)]
  0x0000026e4855f000 JavaThread "jar transforms Thread 2" [_thread_blocked, id=15336, stack(0x0000009839600000,0x0000009839700000)]
  0x0000026e48559000 JavaThread "Cache worker for file content cache (C:\Users\Dutlitha\.gradle\caches\7.0.2\fileContent)" [_thread_blocked, id=10972, stack(0x0000009839700000,0x0000009839800000)]
  0x0000026e4855a000 JavaThread "Cache worker for dependencies-accessors (C:\Users\Dutlitha\AndroidStudioProjects\Wartersy\.gradle\7.0.2\dependencies-accessors)" [_thread_blocked, id=6768, stack(0x0000009839800000,0x0000009839900000)]

Other Threads:
  0x0000026e4585f000 VMThread "VM Thread" [stack: 0x0000009836d00000,0x0000009836e00000] [id=15960]
  0x0000026e46392800 WatcherThread [stack: 0x0000009837700000,0x0000009837800000] [id=11916]
  0x0000026e2acd7800 GCTaskThread "GC Thread#0" [stack: 0x0000009836800000,0x0000009836900000] [id=3120]
  0x0000026e46edd800 GCTaskThread "GC Thread#1" [stack: 0x0000009837a00000,0x0000009837b00000] [id=2044]
  0x0000026e4722c000 GCTaskThread "GC Thread#2" [stack: 0x0000009837b00000,0x0000009837c00000] [id=1844]
  0x0000026e48343000 GCTaskThread "GC Thread#3" [stack: 0x0000009838400000,0x0000009838500000] [id=11472]
  0x0000026e48343800 GCTaskThread "GC Thread#4" [stack: 0x0000009838500000,0x0000009838600000] [id=12900]
  0x0000026e48128000 GCTaskThread "GC Thread#5" [stack: 0x0000009838600000,0x0000009838700000] [id=14888]
  0x0000026e48128800 GCTaskThread "GC Thread#6" [stack: 0x0000009838700000,0x0000009838800000] [id=9360]
  0x0000026e48496800 GCTaskThread "GC Thread#7" [stack: 0x0000009838800000,0x0000009838900000] [id=6712]
  0x0000026e2ad07800 ConcurrentGCThread "G1 Main Marker" [stack: 0x0000009836900000,0x0000009836a00000] [id=8800]
  0x0000026e2ad09000 ConcurrentGCThread "G1 Conc#0" [stack: 0x0000009836a00000,0x0000009836b00000] [id=14364]
  0x0000026e493ca000 ConcurrentGCThread "G1 Conc#1" [stack: 0x0000009838b00000,0x0000009838c00000] [id=16380]
  0x0000026e456b0800 ConcurrentGCThread "G1 Refine#0" [stack: 0x0000009836b00000,0x0000009836c00000] [id=13056]
  0x0000026e456b1800 ConcurrentGCThread "G1 Young RemSet Sampling" [stack: 0x0000009836c00000,0x0000009836d00000] [id=6412]

Threads with active compile tasks:
C2 CompilerThread0   7251 3444       4       org.codehaus.groovy.reflection.CachedMethod::compareTo (25 bytes)
C2 CompilerThread1   7251 3572       4       org.gradle.internal.instantiation.generator.AbstractClassGenerator$DisabledAnnotationValidator::validateMethod (68 bytes)

VM state:not at safepoint (normal execution)

VM Mutex/Monitor currently owned by a thread: None

Heap address: 0x0000000080000000, size: 2048 MB, Compressed Oops mode: 32-bit
Narrow klass base: 0x0000000000000000, Narrow klass shift: 3
Compressed class space size: 1073741824 Address: 0x0000000100000000

Heap:
 garbage-first heap   total 155648K, used 39420K [0x0000000080000000, 0x0000000100000000)
  region size 1024K, 21 young (21504K), 7 survivors (7168K)
 Metaspace       used 39818K, capacity 40754K, committed 40908K, reserved 1085440K
  class space    used 5103K, capacity 5455K, committed 5580K, reserved 1048576K
Heap Regions: E=young(eden), S=young(survivor), O=old, HS=humongous(starts), HC=humongous(continues), CS=collection set, F=free, A=archive, TAMS=top-at-mark-start (previous, next)
|   0|0x0000000080000000, 0x0000000080100000, 0x0000000080100000|100%| O|  |TAMS 0x0000000080100000, 0x0000000080000000| Untracked 
|   1|0x0000000080100000, 0x0000000080200000, 0x0000000080200000|100%| O|  |TAMS 0x0000000080200000, 0x0000000080100000| Untracked 
|   2|0x0000000080200000, 0x0000000080300000, 0x0000000080300000|100%| O|  |TAMS 0x0000000080300000, 0x0000000080200000| Untracked 
|   3|0x0000000080300000, 0x0000000080400000, 0x0000000080400000|100%|HS|  |TAMS 0x0000000080400000, 0x0000000080300000| Complete 
|   4|0x0000000080400000, 0x0000000080500000, 0x0000000080500000|100%|HC|  |TAMS 0x0000000080500000, 0x0000000080400000| Complete 
|   5|0x0000000080500000, 0x0000000080600000, 0x0000000080600000|100%|HC|  |TAMS 0x0000000080600000, 0x0000000080500000| Complete 
|   6|0x0000000080600000, 0x0000000080700000, 0x0000000080700000|100%| O|  |TAMS 0x0000000080700000, 0x0000000080600000| Untracked 
|   7|0x0000000080700000, 0x0000000080800000, 0x0000000080800000|100%| O|  |TAMS 0x0000000080800000, 0x0000000080700000| Untracked 
|   8|0x0000000080800000, 0x0000000080900000, 0x0000000080900000|100%| O|  |TAMS 0x0000000080900000, 0x0000000080800000| Untracked 
|   9|0x0000000080900000, 0x0000000080a00000, 0x0000000080a00000|100%| O|  |TAMS 0x0000000080a00000, 0x0000000080900000| Untracked 
|  10|0x0000000080a00000, 0x0000000080b00000, 0x0000000080b00000|100%| O|  |TAMS 0x0000000080b00000, 0x0000000080a00000| Untracked 
|  11|0x0000000080b00000, 0x0000000080c00000, 0x0000000080c00000|100%| O|  |TAMS 0x0000000080c00000, 0x0000000080b00000| Untracked 
|  12|0x0000000080c00000, 0x0000000080d00000, 0x0000000080d00000|100%| O|  |TAMS 0x0000000080d00000, 0x0000000080c00000| Untracked 
|  13|0x0000000080d00000, 0x0000000080e00000, 0x0000000080e00000|100%| O|  |TAMS 0x0000000080e00000, 0x0000000080d00000| Untracked 
|  14|0x0000000080e00000, 0x0000000080f00000, 0x0000000080f00000|100%| O|  |TAMS 0x0000000080f00000, 0x0000000080e00000| Untracked 
|  15|0x0000000080f00000, 0x0000000081000000, 0x0000000081000000|100%| O|  |TAMS 0x0000000081000000, 0x0000000080f00000| Untracked 
|  16|0x0000000081000000, 0x0000000081100000, 0x0000000081100000|100%| O|  |TAMS 0x0000000081100000, 0x0000000081000000| Untracked 
|  17|0x0000000081100000, 0x0000000081200000, 0x0000000081200000|100%| O|  |TAMS 0x00000000811be200, 0x0000000081100000| Untracked 
|  18|0x0000000081200000, 0x0000000081200000, 0x0000000081300000|  0%| F|  |TAMS 0x0000000081200000, 0x0000000081200000| Untracked 
|  19|0x0000000081300000, 0x0000000081300000, 0x0000000081400000|  0%| F|  |TAMS 0x0000000081300000, 0x0000000081300000| Untracked 
|  20|0x0000000081400000, 0x0000000081400000, 0x0000000081500000|  0%| F|  |TAMS 0x0000000081400000, 0x0000000081400000| Untracked 
|  21|0x0000000081500000, 0x000000008157f000, 0x0000000081600000| 49%| O|  |TAMS 0x0000000081500000, 0x0000000081500000| Untracked 
|  22|0x0000000081600000, 0x0000000081600000, 0x0000000081700000|  0%| F|  |TAMS 0x0000000081600000, 0x0000000081600000| Untracked 
|  23|0x0000000081700000, 0x0000000081700000, 0x0000000081800000|  0%| F|  |TAMS 0x0000000081700000, 0x0000000081700000| Untracked 
|  24|0x0000000081800000, 0x0000000081800000, 0x0000000081900000|  0%| F|  |TAMS 0x0000000081800000, 0x0000000081800000| Untracked 
|  25|0x0000000081900000, 0x0000000081900000, 0x0000000081a00000|  0%| F|  |TAMS 0x0000000081900000, 0x0000000081900000| Untracked 
|  26|0x0000000081a00000, 0x0000000081a00000, 0x0000000081b00000|  0%| F|  |TAMS 0x0000000081a00000, 0x0000000081a00000| Untracked 
|  27|0x0000000081b00000, 0x0000000081b00000, 0x0000000081c00000|  0%| F|  |TAMS 0x0000000081b00000, 0x0000000081b00000| Untracked 
|  28|0x0000000081c00000, 0x0000000081c00000, 0x0000000081d00000|  0%| F|  |TAMS 0x0000000081c00000, 0x0000000081c00000| Untracked 
|  29|0x0000000081d00000, 0x0000000081d00000, 0x0000000081e00000|  0%| F|  |TAMS 0x0000000081d00000, 0x0000000081d00000| Untracked 
|  30|0x0000000081e00000, 0x0000000081e00000, 0x0000000081f00000|  0%| F|  |TAMS 0x0000000081e00000, 0x0000000081e00000| Untracked 
|  31|0x0000000081f00000, 0x0000000081f00000, 0x0000000082000000|  0%| F|  |TAMS 0x0000000081f00000, 0x0000000081f00000| Untracked 
|  32|0x0000000082000000, 0x0000000082000000, 0x0000000082100000|  0%| F|  |TAMS 0x0000000082000000, 0x0000000082000000| Untracked 
|  33|0x0000000082100000, 0x0000000082100000, 0x0000000082200000|  0%| F|  |TAMS 0x0000000082100000, 0x0000000082100000| Untracked 
|  34|0x0000000082200000, 0x0000000082200000, 0x0000000082300000|  0%| F|  |TAMS 0x0000000082200000, 0x0000000082200000| Untracked 
|  35|0x0000000082300000, 0x0000000082300000, 0x0000000082400000|  0%| F|  |TAMS 0x0000000082300000, 0x0000000082300000| Untracked 
|  36|0x0000000082400000, 0x0000000082400000, 0x0000000082500000|  0%| F|  |TAMS 0x0000000082400000, 0x0000000082400000| Untracked 
|  37|0x0000000082500000, 0x0000000082500000, 0x0000000082600000|  0%| F|  |TAMS 0x0000000082500000, 0x0000000082500000| Untracked 
|  38|0x0000000082600000, 0x0000000082600000, 0x0000000082700000|  0%| F|  |TAMS 0x0000000082600000, 0x0000000082600000| Untracked 
|  39|0x0000000082700000, 0x0000000082700000, 0x0000000082800000|  0%| F|  |TAMS 0x0000000082700000, 0x0000000082700000| Untracked 
|  40|0x0000000082800000, 0x0000000082800000, 0x0000000082900000|  0%| F|  |TAMS 0x0000000082800000, 0x0000000082800000| Untracked 
|  41|0x0000000082900000, 0x0000000082900000, 0x0000000082a00000|  0%| F|  |TAMS 0x0000000082900000, 0x0000000082900000| Untracked 
|  42|0x0000000082a00000, 0x0000000082a00000, 0x0000000082b00000|  0%| F|  |TAMS 0x0000000082a00000, 0x0000000082a00000| Untracked 
|  43|0x0000000082b00000, 0x0000000082b00000, 0x0000000082c00000|  0%| F|  |TAMS 0x0000000082b00000, 0x0000000082b00000| Untracked 
|  44|0x0000000082c00000, 0x0000000082c00000, 0x0000000082d00000|  0%| F|  |TAMS 0x0000000082c00000, 0x0000000082c00000| Untracked 
|  45|0x0000000082d00000, 0x0000000082d00000, 0x0000000082e00000|  0%| F|  |TAMS 0x0000000082d00000, 0x0000000082d00000| Untracked 
|  46|0x0000000082e00000, 0x0000000082e00000, 0x0000000082f00000|  0%| F|  |TAMS 0x0000000082e00000, 0x0000000082e00000| Untracked 
|  47|0x0000000082f00000, 0x0000000082f00000, 0x0000000083000000|  0%| F|  |TAMS 0x0000000082f00000, 0x0000000082f00000| Untracked 
|  48|0x0000000083000000, 0x0000000083000000, 0x0000000083100000|  0%| F|  |TAMS 0x0000000083000000, 0x0000000083000000| Untracked 
|  49|0x0000000083100000, 0x0000000083100000, 0x0000000083200000|  0%| F|  |TAMS 0x0000000083100000, 0x0000000083100000| Untracked 
|  50|0x0000000083200000, 0x0000000083200000, 0x0000000083300000|  0%| F|  |TAMS 0x0000000083200000, 0x0000000083200000| Untracked 
|  51|0x0000000083300000, 0x0000000083300000, 0x0000000083400000|  0%| F|  |TAMS 0x0000000083300000, 0x0000000083300000| Untracked 
|  52|0x0000000083400000, 0x0000000083400000, 0x0000000083500000|  0%| F|  |TAMS 0x0000000083400000, 0x0000000083400000| Untracked 
|  53|0x0000000083500000, 0x0000000083500000, 0x0000000083600000|  0%| F|  |TAMS 0x0000000083500000, 0x0000000083500000| Untracked 
|  54|0x0000000083600000, 0x0000000083600000, 0x0000000083700000|  0%| F|  |TAMS 0x0000000083600000, 0x0000000083600000| Untracked 
|  55|0x0000000083700000, 0x0000000083700000, 0x0000000083800000|  0%| F|  |TAMS 0x0000000083700000, 0x0000000083700000| Untracked 
|  56|0x0000000083800000, 0x0000000083800000, 0x0000000083900000|  0%| F|  |TAMS 0x0000000083800000, 0x0000000083800000| Untracked 
|  57|0x0000000083900000, 0x0000000083900000, 0x0000000083a00000|  0%| F|  |TAMS 0x0000000083900000, 0x0000000083900000| Untracked 
|  58|0x0000000083a00000, 0x0000000083a00000, 0x0000000083b00000|  0%| F|  |TAMS 0x0000000083a00000, 0x0000000083a00000| Untracked 
|  59|0x0000000083b00000, 0x0000000083b00000, 0x0000000083c00000|  0%| F|  |TAMS 0x0000000083b00000, 0x0000000083b00000| Untracked 
|  60|0x0000000083c00000, 0x0000000083c00000, 0x0000000083d00000|  0%| F|  |TAMS 0x0000000083c00000, 0x0000000083c00000| Untracked 
|  61|0x0000000083d00000, 0x0000000083d00000, 0x0000000083e00000|  0%| F|  |TAMS 0x0000000083d00000, 0x0000000083d00000| Untracked 
|  62|0x0000000083e00000, 0x0000000083e00000, 0x0000000083f00000|  0%| F|  |TAMS 0x0000000083e00000, 0x0000000083e00000| Untracked 
|  63|0x0000000083f00000, 0x0000000083f00000, 0x0000000084000000|  0%| F|  |TAMS 0x0000000083f00000, 0x0000000083f00000| Untracked 
|  64|0x0000000084000000, 0x0000000084100000, 0x0000000084100000|100%| S|CS|TAMS 0x0000000084000000, 0x0000000084000000| Complete 
|  65|0x0000000084100000, 0x0000000084200000, 0x0000000084200000|100%| S|CS|TAMS 0x0000000084100000, 0x0000000084100000| Complete 
|  66|0x0000000084200000, 0x0000000084300000, 0x0000000084300000|100%| S|CS|TAMS 0x0000000084200000, 0x0000000084200000| Complete 
|  67|0x0000000084300000, 0x0000000084400000, 0x0000000084400000|100%| S|CS|TAMS 0x0000000084300000, 0x0000000084300000| Complete 
|  68|0x0000000084400000, 0x0000000084500000, 0x0000000084500000|100%| S|CS|TAMS 0x0000000084400000, 0x0000000084400000| Complete 
|  69|0x0000000084500000, 0x0000000084600000, 0x0000000084600000|100%| S|CS|TAMS 0x0000000084500000, 0x0000000084500000| Complete 
|  70|0x0000000084600000, 0x0000000084700000, 0x0000000084700000|100%| S|CS|TAMS 0x0000000084600000, 0x0000000084600000| Complete 
|  71|0x0000000084700000, 0x0000000084700000, 0x0000000084800000|  0%| F|  |TAMS 0x0000000084700000, 0x0000000084700000| Untracked 
|  72|0x0000000084800000, 0x0000000084800000, 0x0000000084900000|  0%| F|  |TAMS 0x0000000084800000, 0x0000000084800000| Untracked 
|  73|0x0000000084900000, 0x0000000084900000, 0x0000000084a00000|  0%| F|  |TAMS 0x0000000084900000, 0x0000000084900000| Untracked 
|  74|0x0000000084a00000, 0x0000000084a00000, 0x0000000084b00000|  0%| F|  |TAMS 0x0000000084a00000, 0x0000000084a00000| Untracked 
|  75|0x0000000084b00000, 0x0000000084b00000, 0x0000000084c00000|  0%| F|  |TAMS 0x0000000084b00000, 0x0000000084b00000| Untracked 
|  76|0x0000000084c00000, 0x0000000084c00000, 0x0000000084d00000|  0%| F|  |TAMS 0x0000000084c00000, 0x0000000084c00000| Untracked 
|  77|0x0000000084d00000, 0x0000000084d00000, 0x0000000084e00000|  0%| F|  |TAMS 0x0000000084d00000, 0x0000000084d00000| Untracked 
|  78|0x0000000084e00000, 0x0000000084e00000, 0x0000000084f00000|  0%| F|  |TAMS 0x0000000084e00000, 0x0000000084e00000| Untracked 
|  79|0x0000000084f00000, 0x0000000084f00000, 0x0000000085000000|  0%| F|  |TAMS 0x0000000084f00000, 0x0000000084f00000| Untracked 
|  80|0x0000000085000000, 0x0000000085000000, 0x0000000085100000|  0%| F|  |TAMS 0x0000000085000000, 0x0000000085000000| Untracked 
|  81|0x0000000085100000, 0x0000000085100000, 0x0000000085200000|  0%| F|  |TAMS 0x0000000085100000, 0x0000000085100000| Untracked 
|  82|0x0000000085200000, 0x0000000085200000, 0x0000000085300000|  0%| F|  |TAMS 0x0000000085200000, 0x0000000085200000| Untracked 
|  83|0x0000000085300000, 0x0000000085300000, 0x0000000085400000|  0%| F|  |TAMS 0x0000000085300000, 0x0000000085300000| Untracked 
|  84|0x0000000085400000, 0x0000000085400000, 0x0000000085500000|  0%| F|  |TAMS 0x0000000085400000, 0x0000000085400000| Untracked 
|  85|0x0000000085500000, 0x0000000085500000, 0x0000000085600000|  0%| F|  |TAMS 0x0000000085500000, 0x0000000085500000| Untracked 
|  86|0x0000000085600000, 0x0000000085600000, 0x0000000085700000|  0%| F|  |TAMS 0x0000000085600000, 0x0000000085600000| Untracked 
|  87|0x0000000085700000, 0x0000000085700000, 0x0000000085800000|  0%| F|  |TAMS 0x0000000085700000, 0x0000000085700000| Untracked 
|  88|0x0000000085800000, 0x0000000085800000, 0x0000000085900000|  0%| F|  |TAMS 0x0000000085800000, 0x0000000085800000| Untracked 
|  89|0x0000000085900000, 0x0000000085900000, 0x0000000085a00000|  0%| F|  |TAMS 0x0000000085900000, 0x0000000085900000| Untracked 
|  90|0x0000000085a00000, 0x0000000085a00000, 0x0000000085b00000|  0%| F|  |TAMS 0x0000000085a00000, 0x0000000085a00000| Untracked 
|  91|0x0000000085b00000, 0x0000000085b00000, 0x0000000085c00000|  0%| F|  |TAMS 0x0000000085b00000, 0x0000000085b00000| Untracked 
|  92|0x0000000085c00000, 0x0000000085c00000, 0x0000000085d00000|  0%| F|  |TAMS 0x0000000085c00000, 0x0000000085c00000| Untracked 
|  93|0x0000000085d00000, 0x0000000085d00000, 0x0000000085e00000|  0%| F|  |TAMS 0x0000000085d00000, 0x0000000085d00000| Untracked 
|  94|0x0000000085e00000, 0x0000000085e00000, 0x0000000085f00000|  0%| F|  |TAMS 0x0000000085e00000, 0x0000000085e00000| Untracked 
|  95|0x0000000085f00000, 0x0000000085f00000, 0x0000000086000000|  0%| F|  |TAMS 0x0000000085f00000, 0x0000000085f00000| Untracked 
|  96|0x0000000086000000, 0x0000000086000000, 0x0000000086100000|  0%| F|  |TAMS 0x0000000086000000, 0x0000000086000000| Untracked 
|  97|0x0000000086100000, 0x0000000086100000, 0x0000000086200000|  0%| F|  |TAMS 0x0000000086100000, 0x0000000086100000| Untracked 
|  98|0x0000000086200000, 0x0000000086200000, 0x0000000086300000|  0%| F|  |TAMS 0x0000000086200000, 0x0000000086200000| Untracked 
|  99|0x0000000086300000, 0x0000000086300000, 0x0000000086400000|  0%| F|  |TAMS 0x0000000086300000, 0x0000000086300000| Untracked 
| 100|0x0000000086400000, 0x0000000086400000, 0x0000000086500000|  0%| F|  |TAMS 0x0000000086400000, 0x0000000086400000| Untracked 
| 101|0x0000000086500000, 0x0000000086500000, 0x0000000086600000|  0%| F|  |TAMS 0x0000000086500000, 0x0000000086500000| Untracked 
| 102|0x0000000086600000, 0x0000000086600000, 0x0000000086700000|  0%| F|  |TAMS 0x0000000086600000, 0x0000000086600000| Untracked 
| 103|0x0000000086700000, 0x0000000086700000, 0x0000000086800000|  0%| F|  |TAMS 0x0000000086700000, 0x0000000086700000| Untracked 
| 104|0x0000000086800000, 0x0000000086800000, 0x0000000086900000|  0%| F|  |TAMS 0x0000000086800000, 0x0000000086800000| Untracked 
| 105|0x0000000086900000, 0x0000000086900000, 0x0000000086a00000|  0%| F|  |TAMS 0x0000000086900000, 0x0000000086900000| Untracked 
| 106|0x0000000086a00000, 0x0000000086a00000, 0x0000000086b00000|  0%| F|  |TAMS 0x0000000086a00000, 0x0000000086a00000| Untracked 
| 107|0x0000000086b00000, 0x0000000086b00000, 0x0000000086c00000|  0%| F|  |TAMS 0x0000000086b00000, 0x0000000086b00000| Untracked 
| 108|0x0000000086c00000, 0x0000000086c00000, 0x0000000086d00000|  0%| F|  |TAMS 0x0000000086c00000, 0x0000000086c00000| Untracked 
| 109|0x0000000086d00000, 0x0000000086d00000, 0x0000000086e00000|  0%| F|  |TAMS 0x0000000086d00000, 0x0000000086d00000| Untracked 
| 110|0x0000000086e00000, 0x0000000086e00000, 0x0000000086f00000|  0%| F|  |TAMS 0x0000000086e00000, 0x0000000086e00000| Untracked 
| 111|0x0000000086f00000, 0x0000000086f00000, 0x0000000087000000|  0%| F|  |TAMS 0x0000000086f00000, 0x0000000086f00000| Untracked 
| 112|0x0000000087000000, 0x0000000087000000, 0x0000000087100000|  0%| F|  |TAMS 0x0000000087000000, 0x0000000087000000| Untracked 
| 113|0x0000000087100000, 0x0000000087100000, 0x0000000087200000|  0%| F|  |TAMS 0x0000000087100000, 0x0000000087100000| Untracked 
| 114|0x0000000087200000, 0x0000000087200000, 0x0000000087300000|  0%| F|  |TAMS 0x0000000087200000, 0x0000000087200000| Untracked 
| 115|0x0000000087300000, 0x0000000087300000, 0x0000000087400000|  0%| F|  |TAMS 0x0000000087300000, 0x0000000087300000| Untracked 
| 116|0x0000000087400000, 0x0000000087400000, 0x0000000087500000|  0%| F|  |TAMS 0x0000000087400000, 0x0000000087400000| Untracked 
| 117|0x0000000087500000, 0x0000000087500000, 0x0000000087600000|  0%| F|  |TAMS 0x0000000087500000, 0x0000000087500000| Untracked 
| 118|0x0000000087600000, 0x0000000087600000, 0x0000000087700000|  0%| F|  |TAMS 0x0000000087600000, 0x0000000087600000| Untracked 
| 119|0x0000000087700000, 0x0000000087700000, 0x0000000087800000|  0%| F|  |TAMS 0x0000000087700000, 0x0000000087700000| Untracked 
| 120|0x0000000087800000, 0x0000000087800000, 0x0000000087900000|  0%| F|  |TAMS 0x0000000087800000, 0x0000000087800000| Untracked 
| 121|0x0000000087900000, 0x0000000087900000, 0x0000000087a00000|  0%| F|  |TAMS 0x0000000087900000, 0x0000000087900000| Untracked 
| 122|0x0000000087a00000, 0x0000000087a00000, 0x0000000087b00000|  0%| F|  |TAMS 0x0000000087a00000, 0x0000000087a00000| Untracked 
| 123|0x0000000087b00000, 0x0000000087b00000, 0x0000000087c00000|  0%| F|  |TAMS 0x0000000087b00000, 0x0000000087b00000| Untracked 
| 124|0x0000000087c00000, 0x0000000087c00000, 0x0000000087d00000|  0%| F|  |TAMS 0x0000000087c00000, 0x0000000087c00000| Untracked 
| 125|0x0000000087d00000, 0x0000000087d00000, 0x0000000087e00000|  0%| F|  |TAMS 0x0000000087d00000, 0x0000000087d00000| Untracked 
| 126|0x0000000087e00000, 0x0000000087e00000, 0x0000000087f00000|  0%| F|  |TAMS 0x0000000087e00000, 0x0000000087e00000| Untracked 
| 127|0x0000000087f00000, 0x0000000087f00000, 0x0000000088000000|  0%| F|  |TAMS 0x0000000087f00000, 0x0000000087f00000| Untracked 
| 128|0x0000000088000000, 0x0000000088000000, 0x0000000088100000|  0%| F|  |TAMS 0x0000000088000000, 0x0000000088000000| Untracked 
| 129|0x0000000088100000, 0x0000000088100000, 0x0000000088200000|  0%| F|  |TAMS 0x0000000088100000, 0x0000000088100000| Untracked 
| 130|0x0000000088200000, 0x0000000088200000, 0x0000000088300000|  0%| F|  |TAMS 0x0000000088200000, 0x0000000088200000| Untracked 
| 131|0x0000000088300000, 0x0000000088300000, 0x0000000088400000|  0%| F|  |TAMS 0x0000000088300000, 0x0000000088300000| Untracked 
| 132|0x0000000088400000, 0x0000000088400000, 0x0000000088500000|  0%| F|  |TAMS 0x0000000088400000, 0x0000000088400000| Untracked 
| 133|0x0000000088500000, 0x0000000088500000, 0x0000000088600000|  0%| F|  |TAMS 0x0000000088500000, 0x0000000088500000| Untracked 
| 134|0x0000000088600000, 0x0000000088600000, 0x0000000088700000|  0%| F|  |TAMS 0x0000000088600000, 0x0000000088600000| Untracked 
| 135|0x0000000088700000, 0x0000000088700000, 0x0000000088800000|  0%| F|  |TAMS 0x0000000088700000, 0x0000000088700000| Untracked 
| 136|0x0000000088800000, 0x0000000088800000, 0x0000000088900000|  0%| F|  |TAMS 0x0000000088800000, 0x0000000088800000| Untracked 
| 137|0x0000000088900000, 0x0000000088900000, 0x0000000088a00000|  0%| F|  |TAMS 0x0000000088900000, 0x0000000088900000| Untracked 
| 138|0x0000000088a00000, 0x0000000088b00000, 0x0000000088b00000|100%| E|  |TAMS 0x0000000088a00000, 0x0000000088a00000| Complete 
| 139|0x0000000088b00000, 0x0000000088c00000, 0x0000000088c00000|100%| E|CS|TAMS 0x0000000088b00000, 0x0000000088b00000| Complete 
| 140|0x0000000088c00000, 0x0000000088d00000, 0x0000000088d00000|100%| E|CS|TAMS 0x0000000088c00000, 0x0000000088c00000| Complete 
| 141|0x0000000088d00000, 0x0000000088e00000, 0x0000000088e00000|100%| E|CS|TAMS 0x0000000088d00000, 0x0000000088d00000| Complete 
| 142|0x0000000088e00000, 0x0000000088f00000, 0x0000000088f00000|100%| E|CS|TAMS 0x0000000088e00000, 0x0000000088e00000| Complete 
| 143|0x0000000088f00000, 0x0000000089000000, 0x0000000089000000|100%| E|CS|TAMS 0x0000000088f00000, 0x0000000088f00000| Complete 
| 144|0x0000000089000000, 0x0000000089100000, 0x0000000089100000|100%| E|CS|TAMS 0x0000000089000000, 0x0000000089000000| Complete 
| 145|0x0000000089100000, 0x0000000089200000, 0x0000000089200000|100%| E|CS|TAMS 0x0000000089100000, 0x0000000089100000| Complete 
| 146|0x0000000089200000, 0x0000000089300000, 0x0000000089300000|100%| E|CS|TAMS 0x0000000089200000, 0x0000000089200000| Complete 
| 147|0x0000000089300000, 0x0000000089400000, 0x0000000089400000|100%| E|CS|TAMS 0x0000000089300000, 0x0000000089300000| Complete 
| 148|0x0000000089400000, 0x0000000089500000, 0x0000000089500000|100%| E|CS|TAMS 0x0000000089400000, 0x0000000089400000| Complete 
| 149|0x0000000089500000, 0x0000000089600000, 0x0000000089600000|100%| E|CS|TAMS 0x0000000089500000, 0x0000000089500000| Complete 
| 150|0x0000000089600000, 0x0000000089700000, 0x0000000089700000|100%| E|CS|TAMS 0x0000000089600000, 0x0000000089600000| Complete 
| 151|0x0000000089700000, 0x0000000089800000, 0x0000000089800000|100%| E|CS|TAMS 0x0000000089700000, 0x0000000089700000| Complete 

Card table byte_map: [0x0000026e3e620000,0x0000026e3ea20000] _byte_map_base: 0x0000026e3e220000

Marking Bits (Prev, Next): (CMBitMap*) 0x0000026e2acfedc8, (CMBitMap*) 0x0000026e2acfee00
 Prev Bits: [0x0000026e3ee20000, 0x0000026e40e20000)
 Next Bits: [0x0000026e40e20000, 0x0000026e42e20000)

Polling page: 0x0000026e29420000

Metaspace:

Usage:
  Non-class:     34.54 MB capacity,    33.92 MB ( 98%) used,   536.87 KB (  2%) free+waste,    91.75 KB ( <1%) overhead. 
      Class:      5.33 MB capacity,     4.99 MB ( 94%) used,   303.13 KB (  6%) free+waste,    44.06 KB ( <1%) overhead. 
       Both:     39.86 MB capacity,    38.91 MB ( 98%) used,   840.00 KB (  2%) free+waste,   135.81 KB ( <1%) overhead. 

Virtual space:
  Non-class space:       36.00 MB reserved,      34.75 MB ( 97%) committed 
      Class space:        1.00 GB reserved,       5.45 MB ( <1%) committed 
             Both:        1.04 GB reserved,      40.20 MB (  4%) committed 

Chunk freelists:
   Non-Class:  27.00 KB
       Class:  16.00 KB
        Both:  43.00 KB

MaxMetaspaceSize: 17179869184.00 GB
CompressedClassSpaceSize: 1.00 GB

CodeHeap 'non-profiled nmethods': size=120000Kb used=1928Kb max_used=1928Kb free=118071Kb
 bounds [0x0000026e36280000, 0x0000026e364f0000, 0x0000026e3d7b0000]
CodeHeap 'profiled nmethods': size=120000Kb used=7463Kb max_used=7463Kb free=112537Kb
 bounds [0x0000026e2ed50000, 0x0000026e2f4a0000, 0x0000026e36280000]
CodeHeap 'non-nmethods': size=5760Kb used=2198Kb max_used=2233Kb free=3561Kb
 bounds [0x0000026e2e7b0000, 0x0000026e2ea20000, 0x0000026e2ed50000]
 total_blobs=4333 nmethods=3570 adapters=674
 compilation: enabled
              stopped_count=0, restarted_count=0
 full_count=0

Compilation events (20 events):
Event: 7.154 Thread 0x0000026e4588f800 nmethod 3557 0x0000026e3645d310 code [0x0000026e3645d4c0, 0x0000026e3645d5b8]
Event: 7.155 Thread 0x0000026e4588f800 3558       3       java.nio.HeapByteBuffer::get (14 bytes)
Event: 7.155 Thread 0x0000026e4588f800 nmethod 3558 0x0000026e2f490c90 code [0x0000026e2f490e60, 0x0000026e2f491128]
Event: 7.155 Thread 0x0000026e4588f800 3559       1       com.google.common.collect.LinkedHashMultimap$ValueSet::access$000 (5 bytes)
Event: 7.155 Thread 0x0000026e4588f800 nmethod 3559 0x0000026e3645d610 code [0x0000026e3645d7c0, 0x0000026e3645d858]
Event: 7.157 Thread 0x0000026e48a98800 3560       4       org.objectweb.asm.Frame::push (109 bytes)
Event: 7.158 Thread 0x0000026e4588f800 3562       3       com.google.common.collect.ImmutableList$Builder::add (8 bytes)
Event: 7.159 Thread 0x0000026e4588f800 nmethod 3562 0x0000026e2f491290 code [0x0000026e2f491480, 0x0000026e2f491918]
Event: 7.165 Thread 0x0000026e48a98800 nmethod 3560 0x0000026e3645d910 code [0x0000026e3645dac0, 0x0000026e3645e058]
Event: 7.165 Thread 0x0000026e48a98800 3561       4       org.objectweb.asm.SymbolTable::addConstantUtf8 (98 bytes)
Event: 7.167 Thread 0x0000026e4588f800 3563       3       org.gradle.internal.service.RelevantMethods::toServiceMethodList (61 bytes)
Event: 7.168 Thread 0x0000026e4588f800 nmethod 3563 0x0000026e2f491b10 code [0x0000026e2f491da0, 0x0000026e2f492a18]
Event: 7.168 Thread 0x0000026e4588f800 3564       3       org.gradle.internal.service.DefaultServiceRegistry$InstanceUnpackingVisitor::visit (39 bytes)
Event: 7.168 Thread 0x0000026e4588f800 nmethod 3564 0x0000026e2f492e90 code [0x0000026e2f4930a0, 0x0000026e2f493648]
Event: 7.175 Thread 0x0000026e4588f800 3566       3       java.util.Arrays$ArrayList::toArray (15 bytes)
Event: 7.176 Thread 0x0000026e4588f800 nmethod 3566 0x0000026e2f493890 code [0x0000026e2f493a40, 0x0000026e2f493b88]
Event: 7.181 Thread 0x0000026e4588f800 3567       3       java.util.concurrent.TimeUnit::toNanos (45 bytes)
Event: 7.182 Thread 0x0000026e4588f800 nmethod 3567 0x0000026e2f493c90 code [0x0000026e2f493e40, 0x0000026e2f494058]
Event: 7.199 Thread 0x0000026e4588f800 3568       2       java.util.Collections$SetFromMap::remove (19 bytes)
Event: 7.199 Thread 0x0000026e4588f800 nmethod 3568 0x0000026e2f494110 code [0x0000026e2f4942c0, 0x0000026e2f4943e8]

GC Heap History (14 events):
Event: 0.652 GC heap before
{Heap before GC invocations=0 (full 0):
 garbage-first heap   total 129024K, used 29696K [0x0000000080000000, 0x0000000100000000)
  region size 1024K, 24 young (24576K), 0 survivors (0K)
 Metaspace       used 9796K, capacity 9986K, committed 10112K, reserved 1058816K
  class space    used 1022K, capacity 1102K, committed 1152K, reserved 1048576K
}
Event: 0.658 GC heap after
{Heap after GC invocations=1 (full 0):
 garbage-first heap   total 129024K, used 8977K [0x0000000080000000, 0x0000000100000000)
  region size 1024K, 3 young (3072K), 3 survivors (3072K)
 Metaspace       used 9796K, capacity 9986K, committed 10112K, reserved 1058816K
  class space    used 1022K, capacity 1102K, committed 1152K, reserved 1048576K
}
Event: 2.301 GC heap before
{Heap before GC invocations=1 (full 0):
 garbage-first heap   total 129024K, used 83729K [0x0000000080000000, 0x0000000100000000)
  region size 1024K, 75 young (76800K), 3 survivors (3072K)
 Metaspace       used 17737K, capacity 18155K, committed 18432K, reserved 1064960K
  class space    used 2101K, capacity 2238K, committed 2304K, reserved 1048576K
}
Event: 2.308 GC heap after
{Heap after GC invocations=2 (full 0):
 garbage-first heap   total 129024K, used 16084K [0x0000000080000000, 0x0000000100000000)
  region size 1024K, 10 young (10240K), 10 survivors (10240K)
 Metaspace       used 17737K, capacity 18155K, committed 18432K, reserved 1064960K
  class space    used 2101K, capacity 2238K, committed 2304K, reserved 1048576K
}
Event: 2.714 GC heap before
{Heap before GC invocations=2 (full 0):
 garbage-first heap   total 129024K, used 38612K [0x0000000080000000, 0x0000000100000000)
  region size 1024K, 33 young (33792K), 10 survivors (10240K)
 Metaspace       used 20612K, capacity 21118K, committed 21248K, reserved 1067008K
  class space    used 2520K, capacity 2720K, committed 2816K, reserved 1048576K
}
Event: 2.723 GC heap after
{Heap after GC invocations=3 (full 0):
 garbage-first heap   total 129024K, used 16841K [0x0000000080000000, 0x0000000100000000)
  region size 1024K, 1 young (1024K), 1 survivors (1024K)
 Metaspace       used 20612K, capacity 21118K, committed 21248K, reserved 1067008K
  class space    used 2520K, capacity 2720K, committed 2816K, reserved 1048576K
}
Event: 3.601 GC heap before
{Heap before GC invocations=4 (full 0):
 garbage-first heap   total 129024K, used 67017K [0x0000000080000000, 0x0000000100000000)
  region size 1024K, 50 young (51200K), 1 survivors (1024K)
 Metaspace       used 25679K, capacity 26226K, committed 26496K, reserved 1073152K
  class space    used 3362K, capacity 3598K, committed 3712K, reserved 1048576K
}
Event: 3.605 GC heap after
{Heap after GC invocations=5 (full 0):
 garbage-first heap   total 129024K, used 18318K [0x0000000080000000, 0x0000000100000000)
  region size 1024K, 3 young (3072K), 3 survivors (3072K)
 Metaspace       used 25679K, capacity 26226K, committed 26496K, reserved 1073152K
  class space    used 3362K, capacity 3598K, committed 3712K, reserved 1048576K
}
Event: 4.823 GC heap before
{Heap before GC invocations=5 (full 0):
 garbage-first heap   total 129024K, used 73614K [0x0000000080000000, 0x0000000100000000)
  region size 1024K, 57 young (58368K), 3 survivors (3072K)
 Metaspace       used 34055K, capacity 34833K, committed 34944K, reserved 1079296K
  class space    used 4426K, capacity 4724K, committed 4736K, reserved 1048576K
}
Event: 4.834 GC heap after
{Heap after GC invocations=6 (full 0):
 garbage-first heap   total 129024K, used 21594K [0x0000000080000000, 0x0000000100000000)
  region size 1024K, 6 young (6144K), 6 survivors (6144K)
 Metaspace       used 34055K, capacity 34833K, committed 34944K, reserved 1079296K
  class space    used 4426K, capacity 4724K, committed 4736K, reserved 1048576K
}
Event: 5.038 GC heap before
{Heap before GC invocations=6 (full 0):
 garbage-first heap   total 129024K, used 24666K [0x0000000080000000, 0x0000000100000000)
  region size 1024K, 11 young (11264K), 6 survivors (6144K)
 Metaspace       used 35043K, capacity 35830K, committed 35840K, reserved 1081344K
  class space    used 4537K, capacity 4864K, committed 4864K, reserved 1048576K
}
Event: 5.048 GC heap after
{Heap after GC invocations=7 (full 0):
 garbage-first heap   total 129024K, used 21931K [0x0000000080000000, 0x0000000100000000)
  region size 1024K, 4 young (4096K), 4 survivors (4096K)
 Metaspace       used 35043K, capacity 35830K, committed 35840K, reserved 1081344K
  class space    used 4537K, capacity 4864K, committed 4864K, reserved 1048576K
}
Event: 6.782 GC heap before
{Heap before GC invocations=8 (full 0):
 garbage-first heap   total 129024K, used 76203K [0x0000000080000000, 0x0000000100000000)
  region size 1024K, 55 young (56320K), 4 survivors (4096K)
 Metaspace       used 38683K, capacity 39632K, committed 39884K, reserved 1083392K
  class space    used 4927K, capacity 5251K, committed 5324K, reserved 1048576K
}
Event: 6.798 GC heap after
{Heap after GC invocations=9 (full 0):
 garbage-first heap   total 155648K, used 26108K [0x0000000080000000, 0x0000000100000000)
  region size 1024K, 7 young (7168K), 7 survivors (7168K)
 Metaspace       used 38683K, capacity 39632K, committed 39884K, reserved 1083392K
  class space    used 4927K, capacity 5251K, committed 5324K, reserved 1048576K
}

Deoptimization events (20 events):
Event: 6.557 Thread 0x0000026e4636e800 Uncommon trap: trap_request=0xffffffbe fr.pc=0x0000026e364312ac relative=0x0000000000003c8c
Event: 6.557 Thread 0x0000026e4636e800 Uncommon trap: reason=profile_predicate action=maybe_recompile pc=0x0000026e364312ac method=java.util.AbstractCollection.addAll(Ljava/util/Collection;)Z @ 15 c2
Event: 6.557 Thread 0x0000026e4636e800 DEOPT PACKING pc=0x0000026e364312ac sp=0x00000098380f8420
Event: 6.557 Thread 0x0000026e4636e800 DEOPT UNPACKING pc=0x0000026e2e7d78af sp=0x00000098380f8438 mode 2
Event: 7.081 Thread 0x0000026e4636e800 Uncommon trap: trap_request=0xffffff4d fr.pc=0x0000026e363c3c34 relative=0x0000000000000114
Event: 7.081 Thread 0x0000026e4636e800 Uncommon trap: reason=unstable_if action=reinterpret pc=0x0000026e363c3c34 method=java.util.Arrays.hashCode([Ljava/lang/Object;)I @ 34 c2
Event: 7.081 Thread 0x0000026e4636e800 DEOPT PACKING pc=0x0000026e363c3c34 sp=0x00000098380f95a0
Event: 7.081 Thread 0x0000026e4636e800 DEOPT UNPACKING pc=0x0000026e2e7d78af sp=0x00000098380f9518 mode 2
Event: 7.081 Thread 0x0000026e4636e800 Uncommon trap: trap_request=0xffffffde fr.pc=0x0000026e3636f728 relative=0x00000000000002e8
Event: 7.081 Thread 0x0000026e4636e800 Uncommon trap: reason=class_check action=maybe_recompile pc=0x0000026e3636f728 method=java.util.Collections$SetFromMap.remove(Ljava/lang/Object;)Z @ 5 c2
Event: 7.081 Thread 0x0000026e4636e800 DEOPT PACKING pc=0x0000026e3636f728 sp=0x00000098380fabf0
Event: 7.081 Thread 0x0000026e4636e800 DEOPT UNPACKING pc=0x0000026e2e7d78af sp=0x00000098380fabe8 mode 2
Event: 7.081 Thread 0x0000026e4636e800 Uncommon trap: trap_request=0xffffffde fr.pc=0x0000026e3636f728 relative=0x00000000000002e8
Event: 7.081 Thread 0x0000026e4636e800 Uncommon trap: reason=class_check action=maybe_recompile pc=0x0000026e3636f728 method=java.util.Collections$SetFromMap.remove(Ljava/lang/Object;)Z @ 5 c2
Event: 7.081 Thread 0x0000026e4636e800 DEOPT PACKING pc=0x0000026e3636f728 sp=0x00000098380fab70
Event: 7.081 Thread 0x0000026e4636e800 DEOPT UNPACKING pc=0x0000026e2e7d78af sp=0x00000098380fab68 mode 2
Event: 7.129 Thread 0x0000026e4636e800 Uncommon trap: trap_request=0xffffffde fr.pc=0x0000026e36415370 relative=0x0000000000003130
Event: 7.129 Thread 0x0000026e4636e800 Uncommon trap: reason=class_check action=maybe_recompile pc=0x0000026e36415370 method=java.util.regex.Pattern$CharProperty.study(Ljava/util/regex/Pattern$TreeInfo;)Z @ 25 c2
Event: 7.129 Thread 0x0000026e4636e800 DEOPT PACKING pc=0x0000026e36415370 sp=0x00000098380fa9f0
Event: 7.129 Thread 0x0000026e4636e800 DEOPT UNPACKING pc=0x0000026e2e7d78af sp=0x00000098380fa8e8 mode 2

Classes redefined (0 events):
No events

Internal exceptions (20 events):
Event: 6.443 Thread 0x0000026e4636e800 Exception <a 'java/lang/ClassNotFoundException'{0x0000000084f43348}: org/gradle/api/internal/provider/AbstractMinimalProviderCustomizer> (0x0000000084f43348) thrown at [./src/hotspot/share/classfile/systemDictionary.cpp, line 231]
Event: 6.453 Thread 0x0000026e4636e800 Exception <a 'java/lang/ClassNotFoundException'{0x0000000084fa3070}: org/gradle/api/internal/provider/AbstractPropertyCustomizer> (0x0000000084fa3070) thrown at [./src/hotspot/share/classfile/systemDictionary.cpp, line 231]
Event: 6.456 Thread 0x0000026e4636e800 Exception <a 'java/lang/ClassNotFoundException'{0x0000000084fd5808}: org/gradle/api/internal/provider/DefaultPropertyCustomizer> (0x0000000084fd5808) thrown at [./src/hotspot/share/classfile/systemDictionary.cpp, line 231]
Event: 6.585 Thread 0x0000026e4636e800 Exception <a 'java/lang/ClassNotFoundException'{0x00000000849a9b90}: org/gradle/api/internal/artifacts/dsl/DefaultRepositoryHandler_DecoratedBeanInfo> (0x00000000849a9b90) thrown at [./src/hotspot/share/classfile/systemDictionary.cpp, line 231]
Event: 6.585 Thread 0x0000026e4636e800 Exception <a 'java/lang/ClassNotFoundException'{0x00000000849e2808}: org/gradle/api/internal/artifacts/dsl/DefaultRepositoryHandlerBeanInfo> (0x00000000849e2808) thrown at [./src/hotspot/share/classfile/systemDictionary.cpp, line 231]
Event: 6.586 Thread 0x0000026e4636e800 Exception <a 'java/lang/ClassNotFoundException'{0x000000008481df08}: org/gradle/api/internal/artifacts/DefaultArtifactRepositoryContainerBeanInfo> (0x000000008481df08) thrown at [./src/hotspot/share/classfile/systemDictionary.cpp, line 231]
Event: 6.587 Thread 0x0000026e4636e800 Exception <a 'java/lang/ClassNotFoundException'{0x0000000084847f98}: org/gradle/api/internal/DefaultNamedDomainObjectListBeanInfo> (0x0000000084847f98) thrown at [./src/hotspot/share/classfile/systemDictionary.cpp, line 231]
Event: 6.587 Thread 0x0000026e4636e800 Exception <a 'java/lang/ClassNotFoundException'{0x0000000084873948}: org/gradle/api/internal/DefaultNamedDomainObjectCollectionBeanInfo> (0x0000000084873948) thrown at [./src/hotspot/share/classfile/systemDictionary.cpp, line 231]
Event: 6.588 Thread 0x0000026e4636e800 Exception <a 'java/lang/ClassNotFoundException'{0x000000008489ed80}: org/gradle/api/internal/DefaultDomainObjectCollectionBeanInfo> (0x000000008489ed80) thrown at [./src/hotspot/share/classfile/systemDictionary.cpp, line 231]
Event: 6.589 Thread 0x0000026e4636e800 Exception <a 'java/lang/ClassNotFoundException'{0x00000000848a4fb8}: java/util/AbstractCollectionBeanInfo> (0x00000000848a4fb8) thrown at [./src/hotspot/share/classfile/systemDictionary.cpp, line 231]
Event: 6.589 Thread 0x0000026e4636e800 Exception <a 'java/lang/ClassNotFoundException'{0x00000000848ab738}: java/util/AbstractCollectionCustomizer> (0x00000000848ab738) thrown at [./src/hotspot/share/classfile/systemDictionary.cpp, line 231]
Event: 6.606 Thread 0x0000026e4636e800 Exception <a 'java/lang/ClassNotFoundException'{0x00000000848df378}: org/gradle/api/internal/DefaultDomainObjectCollectionCustomizer> (0x00000000848df378) thrown at [./src/hotspot/share/classfile/systemDictionary.cpp, line 231]
Event: 6.639 Thread 0x0000026e4636e800 Exception <a 'java/lang/ClassNotFoundException'{0x00000000847281b8}: org/gradle/api/internal/DefaultNamedDomainObjectCollectionCustomizer> (0x00000000847281b8) thrown at [./src/hotspot/share/classfile/systemDictionary.cpp, line 231]
Event: 6.770 Thread 0x0000026e4636e800 Exception <a 'java/lang/ClassNotFoundException'{0x00000000847a03f8}: org/gradle/api/internal/DefaultNamedDomainObjectListCustomizer> (0x00000000847a03f8) thrown at [./src/hotspot/share/classfile/systemDictionary.cpp, line 231]
Event: 6.780 Thread 0x0000026e4636e800 Exception <a 'java/lang/ClassNotFoundException'{0x00000000847f4f50}: org/gradle/api/internal/artifacts/DefaultArtifactRepositoryContainerCustomizer> (0x00000000847f4f50) thrown at [./src/hotspot/share/classfile/systemDictionary.cpp, line 231]
Event: 6.833 Thread 0x0000026e4636e800 Exception <a 'java/lang/ClassNotFoundException'{0x000000008974f7a8}: org/gradle/api/internal/artifacts/dsl/DefaultRepositoryHandlerCustomizer> (0x000000008974f7a8) thrown at [./src/hotspot/share/classfile/systemDictionary.cpp, line 231]
Event: 6.838 Thread 0x0000026e4636e800 Exception <a 'java/lang/ClassNotFoundException'{0x00000000897acb38}: org/gradle/api/internal/artifacts/dsl/DefaultRepositoryHandler_DecoratedCustomizer> (0x00000000897acb38) thrown at [./src/hotspot/share/classfile/systemDictionary.cpp, line 231]
Event: 7.072 Thread 0x0000026e4636e800 Exception <a 'java/lang/ClassNotFoundException'{0x00000000892a5f60}: org/gradle/initialization/DefaultProjectDescriptorBeanInfo> (0x00000000892a5f60) thrown at [./src/hotspot/share/classfile/systemDictionary.cpp, line 231]
Event: 7.073 Thread 0x0000026e4636e800 Exception <a 'java/lang/ClassNotFoundException'{0x00000000892cb098}: org/gradle/initialization/DefaultProjectDescriptorCustomizer> (0x00000000892cb098) thrown at [./src/hotspot/share/classfile/systemDictionary.cpp, line 231]
Event: 7.081 Thread 0x0000026e4636e800 Implicit null exception at 0x0000026e363c3b6f to 0x0000026e363c3c18

Events (20 events):
Event: 7.195 loading class org/gradle/api/plugins/jvm/internal/JvmEcosystemUtilities
Event: 7.195 loading class org/gradle/api/plugins/jvm/internal/JvmEcosystemUtilities done
Event: 7.195 loading class org/gradle/api/plugins/jvm/internal/JvmModelingServices
Event: 7.195 loading class org/gradle/api/plugins/jvm/internal/JvmModelingServices done
Event: 7.196 loading class org/gradle/buildinit/plugins/internal/services/BuildInitServices$ProjectScopeBuildInitServices
Event: 7.196 loading class org/gradle/buildinit/plugins/internal/services/BuildInitServices$ProjectScopeBuildInitServices done
Event: 7.197 loading class org/gradle/buildinit/plugins/internal/ProjectLayoutSetupRegistry
Event: 7.197 loading class org/gradle/buildinit/plugins/internal/ProjectLayoutSetupRegistry done
Event: 7.198 loading class org/gradle/internal/snapshot/impl/DefaultSnapshottingService
Event: 7.198 loading class org/gradle/internal/snapshot/impl/DefaultSnapshottingService done
Event: 7.199 loading class org/gradle/internal/snapshot/SnapshottingService
Event: 7.199 loading class org/gradle/internal/snapshot/SnapshottingService done
Event: 7.200 loading class org/gradle/internal/snapshot/Snapshot
Event: 7.200 loading class org/gradle/internal/snapshot/Snapshot done
Event: 7.200 loading class org/gradle/plugins/ide/internal/DefaultIdeArtifactRegistry
Event: 7.200 loading class org/gradle/plugins/ide/internal/DefaultIdeArtifactRegistry done
Event: 7.201 loading class org/gradle/plugins/ide/internal/IdeArtifactRegistry
Event: 7.201 loading class org/gradle/plugins/ide/internal/IdeArtifactRegistry done
Event: 7.202 loading class org/gradle/language/nativeplatform/internal/incremental/DefaultIncrementalCompilerBuilder
Event: 7.202 loading class org/gradle/language/nativeplatform/internal/incremental/DefaultIncrementalCompilerBuilder done


Dynamic libraries:
0x00007ff78f9a0000 - 0x00007ff78f9aa000 	C:\Program Files\Android\Android Studio\jre\bin\java.exe
0x00007ffd2c810000 - 0x00007ffd2ca05000 	C:\WINDOWS\SYSTEM32\ntdll.dll
0x00007ffd2b9d0000 - 0x00007ffd2ba8e000 	C:\WINDOWS\System32\KERNEL32.DLL
0x00007ffd2a1f0000 - 0x00007ffd2a4b9000 	C:\WINDOWS\System32\KERNELBASE.dll
0x00007ffd29f60000 - 0x00007ffd2a060000 	C:\WINDOWS\System32\ucrtbase.dll
0x00007ffcfdbf0000 - 0x00007ffcfdc07000 	C:\Program Files\Android\Android Studio\jre\bin\VCRUNTIME140.dll
0x00007ffcfdfe0000 - 0x00007ffcfdff9000 	C:\Program Files\Android\Android Studio\jre\bin\jli.dll
0x00007ffd2b200000 - 0x00007ffd2b3a1000 	C:\WINDOWS\System32\USER32.dll
0x00007ffd0cd80000 - 0x00007ffd0d01a000 	C:\WINDOWS\WinSxS\amd64_microsoft.windows.common-controls_6595b64144ccf1df_6.0.19041.1110_none_60b5254171f9507e\COMCTL32.dll
0x00007ffd2a1c0000 - 0x00007ffd2a1e2000 	C:\WINDOWS\System32\win32u.dll
0x00007ffd2b100000 - 0x00007ffd2b19e000 	C:\WINDOWS\System32\msvcrt.dll
0x00007ffd2bc90000 - 0x00007ffd2bcbb000 	C:\WINDOWS\System32\GDI32.dll
0x00007ffd2a620000 - 0x00007ffd2a72b000 	C:\WINDOWS\System32\gdi32full.dll
0x00007ffd2a4c0000 - 0x00007ffd2a55d000 	C:\WINDOWS\System32\msvcp_win.dll
0x00007ffd2bc60000 - 0x00007ffd2bc90000 	C:\WINDOWS\System32\IMM32.DLL
0x00007ffcf1f60000 - 0x00007ffcf1ffd000 	C:\Program Files\Android\Android Studio\jre\bin\msvcp140.dll
0x00007ffccb640000 - 0x00007ffccc10f000 	C:\Program Files\Android\Android Studio\jre\bin\server\jvm.dll
0x00007ffd2a830000 - 0x00007ffd2a8dc000 	C:\WINDOWS\System32\ADVAPI32.dll
0x00007ffd2bf80000 - 0x00007ffd2c01b000 	C:\WINDOWS\System32\sechost.dll
0x00007ffd2b420000 - 0x00007ffd2b54a000 	C:\WINDOWS\System32\RPCRT4.dll
0x00007ffd2ba90000 - 0x00007ffd2ba98000 	C:\WINDOWS\System32\PSAPI.DLL
0x00007ffd153b0000 - 0x00007ffd153b9000 	C:\WINDOWS\SYSTEM32\WSOCK32.dll
0x00007ffd23240000 - 0x00007ffd2324a000 	C:\WINDOWS\SYSTEM32\VERSION.dll
0x00007ffd2b3b0000 - 0x00007ffd2b41b000 	C:\WINDOWS\System32\WS2_32.dll
0x00007ffd18810000 - 0x00007ffd18837000 	C:\WINDOWS\SYSTEM32\WINMM.dll
0x00007ffd27e00000 - 0x00007ffd27e12000 	C:\WINDOWS\SYSTEM32\kernel.appcore.dll
0x00007ffd27650000 - 0x00007ffd27661000 	C:\Program Files\Android\Android Studio\jre\bin\verify.dll
0x00007ffd147d0000 - 0x00007ffd149b4000 	C:\WINDOWS\SYSTEM32\DBGHELP.DLL
0x00007ffd14740000 - 0x00007ffd1476c000 	C:\WINDOWS\SYSTEM32\dbgcore.DLL
0x00007ffd2a560000 - 0x00007ffd2a5e3000 	C:\WINDOWS\System32\bcryptPrimitives.dll
0x00007ffd14eb0000 - 0x00007ffd14ed9000 	C:\Program Files\Android\Android Studio\jre\bin\java.dll
0x00007ffd25a90000 - 0x00007ffd25a9b000 	C:\Program Files\Android\Android Studio\jre\bin\jimage.dll
0x00007ffd0bef0000 - 0x00007ffd0bf08000 	C:\Program Files\Android\Android Studio\jre\bin\zip.dll
0x00007ffd2a9c0000 - 0x00007ffd2b0ff000 	C:\WINDOWS\System32\SHELL32.dll
0x00007ffd28000000 - 0x00007ffd28790000 	C:\WINDOWS\SYSTEM32\windows.storage.dll
0x00007ffd2c150000 - 0x00007ffd2c4a5000 	C:\WINDOWS\System32\combase.dll
0x00007ffd298e0000 - 0x00007ffd2990c000 	C:\WINDOWS\SYSTEM32\Wldp.dll
0x00007ffd2bed0000 - 0x00007ffd2bf7e000 	C:\WINDOWS\System32\SHCORE.dll
0x00007ffd2a960000 - 0x00007ffd2a9b5000 	C:\WINDOWS\System32\shlwapi.dll
0x00007ffd29e40000 - 0x00007ffd29e5f000 	C:\WINDOWS\SYSTEM32\profapi.dll
0x00007ffd04bb0000 - 0x00007ffd04bca000 	C:\Program Files\Android\Android Studio\jre\bin\net.dll
0x00007ffd23fd0000 - 0x00007ffd240d8000 	C:\WINDOWS\SYSTEM32\WINHTTP.dll
0x00007ffd295e0000 - 0x00007ffd2964a000 	C:\WINDOWS\system32\mswsock.dll
0x00007ffd04b90000 - 0x00007ffd04ba4000 	C:\Program Files\Android\Android Studio\jre\bin\nio.dll
0x00007ffcfc410000 - 0x00007ffcfc437000 	C:\Users\Dutlitha\.gradle\native\8bec1ad78214c89d9ad589b4d07fe93259594b29d510b10fafb7a158f7737e5d\windows-amd64\native-platform.dll
0x00007ffcf1070000 - 0x00007ffcf11ad000 	C:\Users\Dutlitha\.gradle\native\53dbd7edfb1c66fb8903c78663c9afc45aea4f116125fa6feffd364cf09443e8\windows-amd64\native-platform-file-events.dll
0x00007ffd25a60000 - 0x00007ffd25a6a000 	C:\Program Files\Android\Android Studio\jre\bin\management.dll
0x00007ffd187b0000 - 0x00007ffd187bc000 	C:\Program Files\Android\Android Studio\jre\bin\management_ext.dll
0x00007ffd297d0000 - 0x00007ffd297e8000 	C:\WINDOWS\SYSTEM32\CRYPTSP.dll
0x00007ffd28f60000 - 0x00007ffd28f94000 	C:\WINDOWS\system32\rsaenh.dll
0x00007ffd2a5f0000 - 0x00007ffd2a617000 	C:\WINDOWS\System32\bcrypt.dll
0x00007ffd29dc0000 - 0x00007ffd29dee000 	C:\WINDOWS\SYSTEM32\USERENV.dll
0x00007ffd297f0000 - 0x00007ffd297fc000 	C:\WINDOWS\SYSTEM32\CRYPTBASE.dll
0x00007ffd292d0000 - 0x00007ffd2930b000 	C:\WINDOWS\SYSTEM32\IPHLPAPI.DLL
0x00007ffd2bec0000 - 0x00007ffd2bec8000 	C:\WINDOWS\System32\NSI.dll
0x00007ffd225f0000 - 0x00007ffd22607000 	C:\WINDOWS\SYSTEM32\dhcpcsvc6.DLL
0x00007ffd22f90000 - 0x00007ffd22fad000 	C:\WINDOWS\SYSTEM32\dhcpcsvc.DLL
0x00007ffd29310000 - 0x00007ffd293dc000 	C:\WINDOWS\SYSTEM32\DNSAPI.dll

dbghelp: loaded successfully - version: 4.0.5 - missing functions: none
symbol engine: initialized successfully - sym options: 0x614 - pdb path: .;C:\Program Files\Android\Android Studio\jre\bin;C:\WINDOWS\SYSTEM32;C:\WINDOWS\WinSxS\amd64_microsoft.windows.common-controls_6595b64144ccf1df_6.0.19041.1110_none_60b5254171f9507e;C:\Program Files\Android\Android Studio\jre\bin\server;C:\Users\Dutlitha\.gradle\native\8bec1ad78214c89d9ad589b4d07fe93259594b29d510b10fafb7a158f7737e5d\windows-amd64;C:\Users\Dutlitha\.gradle\native\53dbd7edfb1c66fb8903c78663c9afc45aea4f116125fa6feffd364cf09443e8\windows-amd64

VM Arguments:
jvm_args: --add-opens=java.base/java.util=ALL-UNNAMED --add-opens=java.base/java.lang=ALL-UNNAMED --add-opens=java.base/java.lang.invoke=ALL-UNNAMED --add-opens=java.base/java.util=ALL-UNNAMED --add-opens=java.prefs/java.util.prefs=ALL-UNNAMED --add-opens=java.prefs/java.util.prefs=ALL-UNNAMED --add-opens=java.base/java.nio.charset=ALL-UNNAMED --add-opens=java.base/java.net=ALL-UNNAMED --add-opens=java.base/java.util.concurrent.atomic=ALL-UNNAMED -Xmx2048m -Dfile.encoding=UTF-8 -Duser.country=US -Duser.language=en -Duser.variant 
java_command: org.gradle.launcher.daemon.bootstrap.GradleDaemon 7.0.2
java_class_path (initial): C:\Users\Dutlitha\.gradle\wrapper\dists\gradle-7.0.2-bin\857tjihv64xamwrf0h14cai3r\gradle-7.0.2\lib\gradle-launcher-7.0.2.jar
Launcher Type: SUN_STANDARD

[Global flags]
     intx CICompilerCount                          = 4                                         {product} {ergonomic}
     uint ConcGCThreads                            = 2                                         {product} {ergonomic}
     uint G1ConcRefinementThreads                  = 8                                         {product} {ergonomic}
   size_t G1HeapRegionSize                         = 1048576                                   {product} {ergonomic}
    uintx GCDrainStackTargetSize                   = 64                                        {product} {ergonomic}
   size_t InitialHeapSize                          = 132120576                                 {product} {ergonomic}
   size_t MarkStackSize                            = 4194304                                   {product} {ergonomic}
   size_t MaxHeapSize                              = 2147483648                                {product} {command line}
   size_t MaxNewSize                               = 1287651328                                {product} {ergonomic}
   size_t MinHeapDeltaBytes                        = 1048576                                   {product} {ergonomic}
    uintx NonNMethodCodeHeapSize                   = 5836300                                {pd product} {ergonomic}
    uintx NonProfiledCodeHeapSize                  = 122910970                              {pd product} {ergonomic}
    uintx ProfiledCodeHeapSize                     = 122910970                              {pd product} {ergonomic}
    uintx ReservedCodeCacheSize                    = 251658240                              {pd product} {ergonomic}
     bool SegmentedCodeCache                       = true                                      {product} {ergonomic}
     bool UseCompressedClassPointers               = true                                 {lp64_product} {ergonomic}
     bool UseCompressedOops                        = true                                 {lp64_product} {ergonomic}
     bool UseG1GC                                  = true                                      {product} {ergonomic}
     bool UseLargePagesIndividualAllocation        = false                                  {pd product} {ergonomic}

Logging:
Log output configuration:
 #0: stdout all=warning uptime,level,tags
 #1: stderr all=off uptime,level,tags

Environment Variables:
PATH=C:\Program Files\Common Files\Oracle\Java\javapath;C:\Program Files (x86)\Common Files\Oracle\Java\javapath;C:\WINDOWS\system32;C:\WINDOWS;C:\WINDOWS\System32\Wbem;C:\WINDOWS\System32\WindowsPowerShell\v1.0\;C:\WINDOWS\System32\OpenSSH\;C:\Program Files\Microsoft SQL Server\Client SDK\ODBC\170\Tools\Binn\;C:\Program Files (x86)\Microsoft SQL Server\150\Tools\Binn\;C:\Program Files\Microsoft SQL Server\150\Tools\Binn\;C:\Program Files\Microsoft SQL Server\150\DTS\Binn\;C:\Program Files (x86)\Microsoft SQL Server\150\DTS\Binn\;C:\Program Files\Git\cmd;C:\Users\Dutlitha\AppData\Local\Microsoft\WindowsApps;
USERNAME=Dutlitha
OS=Windows_NT
PROCESSOR_IDENTIFIER=Intel64 Family 6 Model 142 Stepping 12, GenuineIntel



---------------  S Y S T E M  ---------------

OS: Windows 10 , 64 bit Build 19041 (10.0.19041.1202)
OS uptime: 0 days 2:45 hours

CPU:total 8 (initial active 8) (4 cores per cpu, 2 threads per core) family 6 model 142 stepping 12 microcode 0xbe, cmov, cx8, fxsr, mmx, sse, sse2, sse3, ssse3, sse4.1, sse4.2, popcnt, avx, avx2, aes, clmul, erms, 3dnowpref, lzcnt, ht, tsc, tscinvbit, bmi1, bmi2, adx, fma

Memory: 4k page, system-wide physical 8033M (182M free)
TotalPageFile size 12129M (AvailPageFile size 1M)
current process WorkingSet (physical memory assigned to process): 215M, peak: 249M
current process commit charge ("private bytes"): 336M, peak: 339M

vm_info: OpenJDK 64-Bit Server VM (11.0.10+0-b96-7249189) for windows-amd64 JRE (11.0.10+0-b96-7249189), built on Mar 31 2021 21:44:00 by "builder" with MS VC++ 14.0 (VS2015)

END.
