#
# There is insufficient memory for the Java Runtime Environment to continue.
# Native memory allocation (malloc) failed to allocate 304976 bytes for Chunk::new
# Possible reasons:
#   The system is out of physical RAM or swap space
#   The process is running with CompressedOops enabled, and the Java Heap may be blocking the growth of the native heap
# Possible solutions:
#   Reduce memory load on the system
#   Increase physical memory or swap space
#   Check if swap backing store is full
#   Decrease Java heap size (-Xmx/-Xms)
#   Decrease number of Java threads
#   Decrease Java thread stack sizes (-Xss)
#   Set larger code cache with -XX:ReservedCodeCacheSize=
#   JVM is running with Unscaled Compressed Oops mode in which the Java heap is
#     placed in the first 4GB address space. The Java Heap base address is the
#     maximum limit for the native heap growth. Please use -XX:HeapBaseMinAddress
#     to set the Java Heap base and to place the Java Heap above 4GB virtual address.
# This output file may be truncated or incomplete.
#
#  Out of Memory Error (./src/hotspot/share/memory/arena.cpp:197), pid=17664, tid=21744
#
# JRE version: OpenJDK Runtime Environment (11.0.10) (build 11.0.10+0-b96-7249189)
# Java VM: OpenJDK 64-Bit Server VM (11.0.10+0-b96-7249189, mixed mode, tiered, compressed oops, g1 gc, windows-amd64)
# No core dump will be written. Minidumps are not enabled by default on client versions of Windows
#

---------------  S U M M A R Y ------------

Command Line: --add-opens=java.base/java.util=ALL-UNNAMED --add-opens=java.base/java.lang=ALL-UNNAMED --add-opens=java.base/java.lang.invoke=ALL-UNNAMED --add-opens=java.base/java.util=ALL-UNNAMED --add-opens=java.prefs/java.util.prefs=ALL-UNNAMED --add-opens=java.prefs/java.util.prefs=ALL-UNNAMED --add-opens=java.base/java.nio.charset=ALL-UNNAMED --add-opens=java.base/java.net=ALL-UNNAMED --add-opens=java.base/java.util.concurrent.atomic=ALL-UNNAMED -Xmx2048m -Dfile.encoding=UTF-8 -Duser.country=US -Duser.language=en -Duser.variant org.gradle.launcher.daemon.bootstrap.GradleDaemon 7.0.2

Host: Intel(R) Core(TM) i5-10210U CPU @ 1.60GHz, 8 cores, 7G,  Windows 10 , 64 bit Build 19041 (10.0.19041.1202)
Time: Wed Sep 29 22:25:27 2021 Sri Lanka Standard Time elapsed time: 3130.988071 seconds (0d 0h 52m 10s)

---------------  T H R E A D  ---------------

Current thread (0x000001b1e9d97800):  JavaThread "C2 CompilerThread0" daemon [_thread_in_native, id=21744, stack(0x0000004cfd200000,0x0000004cfd300000)]


Current CompileTask:
C2:3130988 12128       4       org.gradle.api.internal.attributes.DefaultImmutableAttributesFactory::concat (126 bytes)

Stack: [0x0000004cfd200000,0x0000004cfd300000]
Native frames: (J=compiled Java code, j=interpreted, Vv=VM code, C=native code)
V  [jvm.dll+0x5ecfaa]
V  [jvm.dll+0x722bd5]
V  [jvm.dll+0x72412d]
V  [jvm.dll+0x7247e3]
V  [jvm.dll+0x242928]
V  [jvm.dll+0xbc4fc]
V  [jvm.dll+0xbca0c]
V  [jvm.dll+0x352d7d]
V  [jvm.dll+0x320ad3]
V  [jvm.dll+0x31ffca]
V  [jvm.dll+0x1fb602]
V  [jvm.dll+0x1fa7f4]
V  [jvm.dll+0x18354c]
V  [jvm.dll+0x208ee7]
V  [jvm.dll+0x207731]
V  [jvm.dll+0x6eb1cf]
V  [jvm.dll+0x6e3d45]
V  [jvm.dll+0x5ebe96]
C  [ucrtbase.dll+0x21bb2]
C  [KERNEL32.DLL+0x17034]
C  [ntdll.dll+0x52651]


---------------  P R O C E S S  ---------------

Threads class SMR info:
_java_thread_list=0x000001b1f2f1c4f0, length=44, elements={
0x000001b1cf90e800, 0x000001b1e9d6e000, 0x000001b1e9d73800, 0x000001b1e9d8b800,
0x000001b1e9d8c800, 0x000001b1e9d8e800, 0x000001b1e9d97800, 0x000001b1e9d9e000,
0x000001b1e9da3800, 0x000001b1ea847800, 0x000001b1ece7d800, 0x000001b1ed020000,
0x000001b1eaada000, 0x000001b1ed0ad800, 0x000001b1ed0b3000, 0x000001b1ed0b0000,
0x000001b1ed0b0800, 0x000001b1ed0af000, 0x000001b1efa0e800, 0x000001b1efa09000,
0x000001b1efa0f800, 0x000001b1efa0c000, 0x000001b1efa0b800, 0x000001b1efa13800,
0x000001b1f132b000, 0x000001b1f132c000, 0x000001b1f1327000, 0x000001b1f1326800,
0x000001b1f132a800, 0x000001b1f132e800, 0x000001b1efa15000, 0x000001b1f1329800,
0x000001b1f132d800, 0x000001b1f1328800, 0x000001b1f1328000, 0x000001b1f1330000,
0x000001b1f132f800, 0x000001b1f1334000, 0x000001b1f1333800, 0x000001b1f1335000,
0x000001b1f1331800, 0x000001b1f1331000, 0x000001b1f1332800, 0x000001b1efa10000
}

Java Threads: ( => current thread )
  0x000001b1cf90e800 JavaThread "main" [_thread_blocked, id=3496, stack(0x0000004cfc600000,0x0000004cfc700000)]
  0x000001b1e9d6e000 JavaThread "Reference Handler" daemon [_thread_blocked, id=1524, stack(0x0000004cfcd00000,0x0000004cfce00000)]
  0x000001b1e9d73800 JavaThread "Finalizer" daemon [_thread_blocked, id=18996, stack(0x0000004cfce00000,0x0000004cfcf00000)]
  0x000001b1e9d8b800 JavaThread "Signal Dispatcher" daemon [_thread_blocked, id=17384, stack(0x0000004cfcf00000,0x0000004cfd000000)]
  0x000001b1e9d8c800 JavaThread "Attach Listener" daemon [_thread_blocked, id=10284, stack(0x0000004cfd000000,0x0000004cfd100000)]
  0x000001b1e9d8e800 JavaThread "Service Thread" daemon [_thread_blocked, id=10576, stack(0x0000004cfd100000,0x0000004cfd200000)]
=>0x000001b1e9d97800 JavaThread "C2 CompilerThread0" daemon [_thread_in_native, id=21744, stack(0x0000004cfd200000,0x0000004cfd300000)]
  0x000001b1e9d9e000 JavaThread "C1 CompilerThread0" daemon [_thread_blocked, id=3864, stack(0x0000004cfd300000,0x0000004cfd400000)]
  0x000001b1e9da3800 JavaThread "Sweeper thread" daemon [_thread_blocked, id=21020, stack(0x0000004cfd400000,0x0000004cfd500000)]
  0x000001b1ea847800 JavaThread "Common-Cleaner" daemon [_thread_blocked, id=23216, stack(0x0000004cfd500000,0x0000004cfd600000)]
  0x000001b1ece7d800 JavaThread "Daemon health stats" [_thread_blocked, id=17780, stack(0x0000004cfdb00000,0x0000004cfdc00000)]
  0x000001b1ed020000 JavaThread "Incoming local TCP Connector on port 52630" [_thread_in_native, id=9772, stack(0x0000004cfd700000,0x0000004cfd800000)]
  0x000001b1eaada000 JavaThread "Daemon periodic checks" [_thread_blocked, id=8840, stack(0x0000004cfd800000,0x0000004cfd900000)]
  0x000001b1ed0ad800 JavaThread "Cache worker for file hash cache (C:\Users\Dutlitha\.gradle\caches\7.0.2\fileHashes)" [_thread_blocked, id=11640, stack(0x0000004cfe800000,0x0000004cfe900000)]
  0x000001b1ed0b3000 JavaThread "File lock request listener" [_thread_in_native, id=23224, stack(0x0000004cfe900000,0x0000004cfea00000)]
  0x000001b1ed0b0000 JavaThread "Cache worker for journal cache (C:\Users\Dutlitha\.gradle\caches\journal-1)" [_thread_blocked, id=2684, stack(0x0000004cfeb00000,0x0000004cfec00000)]
  0x000001b1ed0b0800 JavaThread "File watcher server" daemon [_thread_in_native, id=21948, stack(0x0000004cfee00000,0x0000004cfef00000)]
  0x000001b1ed0af000 JavaThread "File watcher consumer" daemon [_thread_blocked, id=16976, stack(0x0000004cfef00000,0x0000004cff000000)]
  0x000001b1efa0e800 JavaThread "Cache worker for execution history cache (C:\Users\Dutlitha\.gradle\caches\7.0.2\executionHistory)" [_thread_blocked, id=15856, stack(0x0000004cff400000,0x0000004cff500000)]
  0x000001b1efa09000 JavaThread "jar transforms" [_thread_blocked, id=15512, stack(0x0000004cff500000,0x0000004cff600000)]
  0x000001b1efa0f800 JavaThread "jar transforms Thread 2" [_thread_blocked, id=21608, stack(0x0000004cff600000,0x0000004cff700000)]
  0x000001b1efa0c000 JavaThread "Cache worker for file content cache (C:\Users\Dutlitha\.gradle\caches\7.0.2\fileContent)" [_thread_blocked, id=23064, stack(0x0000004cff700000,0x0000004cff800000)]
  0x000001b1efa0b800 JavaThread "jar transforms Thread 3" [_thread_blocked, id=21564, stack(0x0000004cff900000,0x0000004cffa00000)]
  0x000001b1efa13800 JavaThread "jar transforms Thread 4" [_thread_blocked, id=6808, stack(0x0000004c80300000,0x0000004c80400000)]
  0x000001b1f132b000 JavaThread "jar transforms Thread 5" [_thread_blocked, id=15364, stack(0x0000004c80400000,0x0000004c80500000)]
  0x000001b1f132c000 JavaThread "jar transforms Thread 6" [_thread_blocked, id=17776, stack(0x0000004c80500000,0x0000004c80600000)]
  0x000001b1f1327000 JavaThread "jar transforms Thread 7" [_thread_blocked, id=6540, stack(0x0000004c80600000,0x0000004c80700000)]
  0x000001b1f1326800 JavaThread "jar transforms Thread 8" [_thread_blocked, id=2136, stack(0x0000004c80700000,0x0000004c80800000)]
  0x000001b1f132a800 JavaThread "Memory manager" [_thread_blocked, id=20896, stack(0x0000004c80a00000,0x0000004c80b00000)]
  0x000001b1f132e800 JavaThread "pool-3-thread-1" [_thread_blocked, id=5324, stack(0x0000004c80c00000,0x0000004c80d00000)]
  0x000001b1efa15000 JavaThread "pool-6-thread-1" [_thread_blocked, id=22104, stack(0x0000004c81e00000,0x0000004c81f00000)]
  0x000001b1f1329800 JavaThread "Daemon Thread 2" [_thread_blocked, id=13364, stack(0x0000004c80000000,0x0000004c80100000)]
  0x000001b1f132d800 JavaThread "Handler for socket connection from /127.0.0.1:52630 to /127.0.0.1:52083" [_thread_in_native, id=23304, stack(0x0000004c80100000,0x0000004c80200000)]
  0x000001b1f1328800 JavaThread "Cancel handler" [_thread_blocked, id=16000, stack(0x0000004c80200000,0x0000004c80300000)]
  0x000001b1f1328000 JavaThread "Daemon worker Thread 2" [_thread_in_Java, id=22160, stack(0x0000004c80800000,0x0000004c80900000)]
  0x000001b1f1330000 JavaThread "Asynchronous log dispatcher for DefaultDaemonConnection: socket connection from /127.0.0.1:52630 to /127.0.0.1:52083" [_thread_blocked, id=16820, stack(0x0000004c80900000,0x0000004c80a00000)]
  0x000001b1f132f800 JavaThread "Stdin handler" [_thread_blocked, id=22928, stack(0x0000004c80b00000,0x0000004c80c00000)]
  0x000001b1f1334000 JavaThread "Daemon client event forwarder" [_thread_blocked, id=7636, stack(0x0000004c80d00000,0x0000004c80e00000)]
  0x000001b1f1333800 JavaThread "Cache worker for file hash cache (C:\Users\Dutlitha\AndroidStudioProjects\Wartersy\.gradle\7.0.2\fileHashes)" [_thread_blocked, id=21572, stack(0x0000004c80e00000,0x0000004c80f00000)]
  0x000001b1f1335000 JavaThread "Cache worker for checksums cache (C:\Users\Dutlitha\AndroidStudioProjects\Wartersy\.gradle\checksums)" [_thread_blocked, id=8252, stack(0x0000004c80f00000,0x0000004c81000000)]
  0x000001b1f1331800 JavaThread "Cache worker for cache directory md-supplier (C:\Users\Dutlitha\.gradle\caches\7.0.2\md-supplier)" [_thread_blocked, id=17044, stack(0x0000004c81000000,0x0000004c81100000)]
  0x000001b1f1331000 JavaThread "Cache worker for cache directory md-rule (C:\Users\Dutlitha\.gradle\caches\7.0.2\md-rule)" [_thread_blocked, id=14428, stack(0x0000004c81100000,0x0000004c81200000)]
  0x000001b1f1332800 JavaThread "Cache worker for dependencies-accessors (C:\Users\Dutlitha\AndroidStudioProjects\Wartersy\.gradle\7.0.2\dependencies-accessors)" [_thread_blocked, id=15492, stack(0x0000004c81200000,0x0000004c81300000)]
  0x000001b1efa10000 JavaThread "Cache worker for Build Output Cleanup Cache (C:\Users\Dutlitha\AndroidStudioProjects\Wartersy\.gradle\buildOutputCleanup)" [_thread_blocked, id=13704, stack(0x0000004c81300000,0x0000004c81400000)]

Other Threads:
  0x000001b1e9d6b800 VMThread "VM Thread" [stack: 0x0000004cfcc00000,0x0000004cfcd00000] [id=19056]
  0x000001b1ea848800 WatcherThread [stack: 0x0000004cfd600000,0x0000004cfd700000] [id=3824]
  0x000001b1cf926800 GCTaskThread "GC Thread#0" [stack: 0x0000004cfc700000,0x0000004cfc800000] [id=7444]
  0x000001b1eb557800 GCTaskThread "GC Thread#1" [stack: 0x0000004cfd900000,0x0000004cfda00000] [id=13056]
  0x000001b1eb466800 GCTaskThread "GC Thread#2" [stack: 0x0000004cfda00000,0x0000004cfdb00000] [id=18024]
  0x000001b1eba84000 GCTaskThread "GC Thread#3" [stack: 0x0000004cfe300000,0x0000004cfe400000] [id=18124]
  0x000001b1ebf35000 GCTaskThread "GC Thread#4" [stack: 0x0000004cfe400000,0x0000004cfe500000] [id=21880]
  0x000001b1ec0b8000 GCTaskThread "GC Thread#5" [stack: 0x0000004cfe500000,0x0000004cfe600000] [id=19504]
  0x000001b1ec71b000 GCTaskThread "GC Thread#6" [stack: 0x0000004cfe600000,0x0000004cfe700000] [id=15472]
  0x000001b1ec241000 GCTaskThread "GC Thread#7" [stack: 0x0000004cfe700000,0x0000004cfe800000] [id=21516]
  0x000001b1cf959000 ConcurrentGCThread "G1 Main Marker" [stack: 0x0000004cfc800000,0x0000004cfc900000] [id=9812]
  0x000001b1cf95a000 ConcurrentGCThread "G1 Conc#0" [stack: 0x0000004cfc900000,0x0000004cfca00000] [id=4340]
  0x000001b1eccc9800 ConcurrentGCThread "G1 Conc#1" [stack: 0x0000004cfea00000,0x0000004cfeb00000] [id=23436]
  0x000001b1cf9e8000 ConcurrentGCThread "G1 Refine#0" [stack: 0x0000004cfca00000,0x0000004cfcb00000] [id=13304]
  0x000001b1e9bc0800 ConcurrentGCThread "G1 Young RemSet Sampling" [stack: 0x0000004cfcb00000,0x0000004cfcc00000] [id=14340]

Threads with active compile tasks:
C2 CompilerThread03131028 12128       4       org.gradle.api.internal.attributes.DefaultImmutableAttributesFactory::concat (126 bytes)

VM state:not at safepoint (normal execution)

VM Mutex/Monitor currently owned by a thread: None

Heap address: 0x0000000080000000, size: 2048 MB, Compressed Oops mode: 32-bit
Narrow klass base: 0x0000000000000000, Narrow klass shift: 3
Compressed class space size: 1073741824 Address: 0x0000000100000000

Heap:
 garbage-first heap   total 187392K, used 82174K [0x0000000080000000, 0x0000000100000000)
  region size 1024K, 6 young (6144K), 2 survivors (2048K)
 Metaspace       used 88081K, capacity 90412K, committed 90572K, reserved 1128448K
  class space    used 11024K, capacity 11856K, committed 11980K, reserved 1048576K
Heap Regions: E=young(eden), S=young(survivor), O=old, HS=humongous(starts), HC=humongous(continues), CS=collection set, F=free, A=archive, TAMS=top-at-mark-start (previous, next)
|   0|0x0000000080000000, 0x0000000080100000, 0x0000000080100000|100%| O|  |TAMS 0x0000000080100000, 0x0000000080000000| Untracked 
|   1|0x0000000080100000, 0x0000000080200000, 0x0000000080200000|100%| O|  |TAMS 0x0000000080200000, 0x0000000080100000| Untracked 
|   2|0x0000000080200000, 0x0000000080300000, 0x0000000080300000|100%| O|  |TAMS 0x0000000080300000, 0x0000000080200000| Untracked 
|   3|0x0000000080300000, 0x0000000080400000, 0x0000000080400000|100%|HS|  |TAMS 0x0000000080400000, 0x0000000080300000| Complete 
|   4|0x0000000080400000, 0x0000000080500000, 0x0000000080500000|100%|HC|  |TAMS 0x0000000080500000, 0x0000000080400000| Complete 
|   5|0x0000000080500000, 0x0000000080600000, 0x0000000080600000|100%|HC|  |TAMS 0x0000000080600000, 0x0000000080500000| Complete 
|   6|0x0000000080600000, 0x0000000080700000, 0x0000000080700000|100%| O|  |TAMS 0x0000000080700000, 0x0000000080600000| Untracked 
|   7|0x0000000080700000, 0x0000000080800000, 0x0000000080800000|100%| O|  |TAMS 0x0000000080800000, 0x0000000080700000| Untracked 
|   8|0x0000000080800000, 0x0000000080900000, 0x0000000080900000|100%| O|  |TAMS 0x0000000080900000, 0x0000000080800000| Untracked 
|   9|0x0000000080900000, 0x0000000080a00000, 0x0000000080a00000|100%| O|  |TAMS 0x0000000080a00000, 0x0000000080900000| Untracked 
|  10|0x0000000080a00000, 0x0000000080b00000, 0x0000000080b00000|100%| O|  |TAMS 0x0000000080b00000, 0x0000000080a00000| Untracked 
|  11|0x0000000080b00000, 0x0000000080c00000, 0x0000000080c00000|100%| O|  |TAMS 0x0000000080c00000, 0x0000000080b00000| Untracked 
|  12|0x0000000080c00000, 0x0000000080d00000, 0x0000000080d00000|100%| O|  |TAMS 0x0000000080d00000, 0x0000000080c00000| Untracked 
|  13|0x0000000080d00000, 0x0000000080e00000, 0x0000000080e00000|100%| O|  |TAMS 0x0000000080e00000, 0x0000000080d00000| Untracked 
|  14|0x0000000080e00000, 0x0000000080f00000, 0x0000000080f00000|100%| O|  |TAMS 0x0000000080f00000, 0x0000000080e00000| Untracked 
|  15|0x0000000080f00000, 0x0000000081000000, 0x0000000081000000|100%| O|  |TAMS 0x0000000081000000, 0x0000000080f00000| Untracked 
|  16|0x0000000081000000, 0x0000000081100000, 0x0000000081100000|100%| O|  |TAMS 0x0000000081100000, 0x0000000081000000| Untracked 
|  17|0x0000000081100000, 0x0000000081200000, 0x0000000081200000|100%|HS|  |TAMS 0x0000000081200000, 0x0000000081100000| Complete 
|  18|0x0000000081200000, 0x0000000081300000, 0x0000000081300000|100%| O|  |TAMS 0x0000000081300000, 0x0000000081200000| Untracked 
|  19|0x0000000081300000, 0x0000000081400000, 0x0000000081400000|100%| O|  |TAMS 0x0000000081400000, 0x0000000081300000| Untracked 
|  20|0x0000000081400000, 0x0000000081500000, 0x0000000081500000|100%| O|  |TAMS 0x0000000081500000, 0x0000000081400000| Untracked 
|  21|0x0000000081500000, 0x0000000081600000, 0x0000000081600000|100%| O|  |TAMS 0x0000000081600000, 0x0000000081500000| Untracked 
|  22|0x0000000081600000, 0x0000000081700000, 0x0000000081700000|100%| O|  |TAMS 0x0000000081700000, 0x0000000081600000| Untracked 
|  23|0x0000000081700000, 0x0000000081800000, 0x0000000081800000|100%| O|  |TAMS 0x0000000081800000, 0x0000000081700000| Untracked 
|  24|0x0000000081800000, 0x0000000081900000, 0x0000000081900000|100%|HS|  |TAMS 0x0000000081900000, 0x0000000081800000| Complete 
|  25|0x0000000081900000, 0x0000000081a00000, 0x0000000081a00000|100%|HS|  |TAMS 0x0000000081a00000, 0x0000000081900000| Complete 
|  26|0x0000000081a00000, 0x0000000081b00000, 0x0000000081b00000|100%|HC|  |TAMS 0x0000000081b00000, 0x0000000081a00000| Complete 
|  27|0x0000000081b00000, 0x0000000081c00000, 0x0000000081c00000|100%| O|  |TAMS 0x0000000081c00000, 0x0000000081b00000| Untracked 
|  28|0x0000000081c00000, 0x0000000081d00000, 0x0000000081d00000|100%| O|  |TAMS 0x0000000081d00000, 0x0000000081c00000| Untracked 
|  29|0x0000000081d00000, 0x0000000081e00000, 0x0000000081e00000|100%| O|  |TAMS 0x0000000081e00000, 0x0000000081d00000| Untracked 
|  30|0x0000000081e00000, 0x0000000081f00000, 0x0000000081f00000|100%| O|  |TAMS 0x0000000081f00000, 0x0000000081e00000| Untracked 
|  31|0x0000000081f00000, 0x0000000082000000, 0x0000000082000000|100%| O|  |TAMS 0x0000000082000000, 0x0000000081f00000| Untracked 
|  32|0x0000000082000000, 0x0000000082100000, 0x0000000082100000|100%| O|  |TAMS 0x0000000082100000, 0x0000000082000000| Untracked 
|  33|0x0000000082100000, 0x0000000082200000, 0x0000000082200000|100%| O|  |TAMS 0x0000000082200000, 0x0000000082100000| Untracked 
|  34|0x0000000082200000, 0x0000000082300000, 0x0000000082300000|100%| O|  |TAMS 0x0000000082300000, 0x0000000082200000| Untracked 
|  35|0x0000000082300000, 0x0000000082400000, 0x0000000082400000|100%| O|  |TAMS 0x0000000082400000, 0x0000000082300000| Untracked 
|  36|0x0000000082400000, 0x0000000082500000, 0x0000000082500000|100%| O|  |TAMS 0x0000000082500000, 0x0000000082400000| Untracked 
|  37|0x0000000082500000, 0x0000000082600000, 0x0000000082600000|100%| O|  |TAMS 0x0000000082600000, 0x0000000082500000| Untracked 
|  38|0x0000000082600000, 0x0000000082700000, 0x0000000082700000|100%| O|  |TAMS 0x0000000082700000, 0x0000000082600000| Untracked 
|  39|0x0000000082700000, 0x0000000082800000, 0x0000000082800000|100%| O|  |TAMS 0x00000000827c5800, 0x0000000082700000| Untracked 
|  40|0x0000000082800000, 0x0000000082900000, 0x0000000082900000|100%| O|  |TAMS 0x0000000082800000, 0x0000000082800000| Untracked 
|  41|0x0000000082900000, 0x0000000082a00000, 0x0000000082a00000|100%| O|  |TAMS 0x0000000082900000, 0x0000000082900000| Untracked 
|  42|0x0000000082a00000, 0x0000000082b00000, 0x0000000082b00000|100%| O|  |TAMS 0x0000000082a00000, 0x0000000082a00000| Untracked 
|  43|0x0000000082b00000, 0x0000000082c00000, 0x0000000082c00000|100%| O|  |TAMS 0x0000000082b00000, 0x0000000082b00000| Untracked 
|  44|0x0000000082c00000, 0x0000000082d00000, 0x0000000082d00000|100%| O|  |TAMS 0x0000000082c00000, 0x0000000082c00000| Untracked 
|  45|0x0000000082d00000, 0x0000000082e00000, 0x0000000082e00000|100%| O|  |TAMS 0x0000000082d00000, 0x0000000082d00000| Untracked 
|  46|0x0000000082e00000, 0x0000000082f00000, 0x0000000082f00000|100%| O|  |TAMS 0x0000000082e00000, 0x0000000082e00000| Untracked 
|  47|0x0000000082f00000, 0x0000000083000000, 0x0000000083000000|100%| O|  |TAMS 0x0000000082f00000, 0x0000000082f00000| Untracked 
|  48|0x0000000083000000, 0x0000000083100000, 0x0000000083100000|100%| O|  |TAMS 0x0000000083000000, 0x0000000083000000| Untracked 
|  49|0x0000000083100000, 0x0000000083200000, 0x0000000083200000|100%| O|  |TAMS 0x0000000083100000, 0x0000000083100000| Untracked 
|  50|0x0000000083200000, 0x0000000083300000, 0x0000000083300000|100%| O|  |TAMS 0x0000000083200000, 0x0000000083200000| Untracked 
|  51|0x0000000083300000, 0x0000000083400000, 0x0000000083400000|100%| O|  |TAMS 0x0000000083300000, 0x0000000083300000| Untracked 
|  52|0x0000000083400000, 0x0000000083500000, 0x0000000083500000|100%| O|  |TAMS 0x0000000083400000, 0x0000000083400000| Untracked 
|  53|0x0000000083500000, 0x0000000083600000, 0x0000000083600000|100%| O|  |TAMS 0x0000000083500000, 0x0000000083500000| Untracked 
|  54|0x0000000083600000, 0x0000000083700000, 0x0000000083700000|100%| O|  |TAMS 0x0000000083600000, 0x0000000083600000| Untracked 
|  55|0x0000000083700000, 0x0000000083800000, 0x0000000083800000|100%| O|  |TAMS 0x0000000083700000, 0x0000000083700000| Untracked 
|  56|0x0000000083800000, 0x0000000083900000, 0x0000000083900000|100%| O|  |TAMS 0x0000000083800000, 0x0000000083800000| Untracked 
|  57|0x0000000083900000, 0x0000000083a00000, 0x0000000083a00000|100%| O|  |TAMS 0x0000000083900000, 0x0000000083900000| Untracked 
|  58|0x0000000083a00000, 0x0000000083b00000, 0x0000000083b00000|100%| O|  |TAMS 0x0000000083a00000, 0x0000000083a00000| Untracked 
|  59|0x0000000083b00000, 0x0000000083c00000, 0x0000000083c00000|100%| O|  |TAMS 0x0000000083b00000, 0x0000000083b00000| Untracked 
|  60|0x0000000083c00000, 0x0000000083d00000, 0x0000000083d00000|100%| O|  |TAMS 0x0000000083c00000, 0x0000000083c00000| Untracked 
|  61|0x0000000083d00000, 0x0000000083e00000, 0x0000000083e00000|100%| O|  |TAMS 0x0000000083d00000, 0x0000000083d00000| Untracked 
|  62|0x0000000083e00000, 0x0000000083f00000, 0x0000000083f00000|100%| O|  |TAMS 0x0000000083e00000, 0x0000000083e00000| Untracked 
|  63|0x0000000083f00000, 0x0000000084000000, 0x0000000084000000|100%| O|  |TAMS 0x0000000083f00000, 0x0000000083f00000| Untracked 
|  64|0x0000000084000000, 0x0000000084100000, 0x0000000084100000|100%| O|  |TAMS 0x0000000084000000, 0x0000000084000000| Untracked 
|  65|0x0000000084100000, 0x0000000084200000, 0x0000000084200000|100%| O|  |TAMS 0x0000000084100000, 0x0000000084100000| Untracked 
|  66|0x0000000084200000, 0x0000000084300000, 0x0000000084300000|100%| O|  |TAMS 0x0000000084200000, 0x0000000084200000| Untracked 
|  67|0x0000000084300000, 0x0000000084400000, 0x0000000084400000|100%| O|  |TAMS 0x0000000084300000, 0x0000000084300000| Untracked 
|  68|0x0000000084400000, 0x0000000084500000, 0x0000000084500000|100%| O|  |TAMS 0x0000000084400000, 0x0000000084400000| Untracked 
|  69|0x0000000084500000, 0x0000000084600000, 0x0000000084600000|100%| O|  |TAMS 0x0000000084500000, 0x0000000084500000| Untracked 
|  70|0x0000000084600000, 0x0000000084700000, 0x0000000084700000|100%| O|  |TAMS 0x0000000084600000, 0x0000000084600000| Untracked 
|  71|0x0000000084700000, 0x0000000084800000, 0x0000000084800000|100%| O|  |TAMS 0x0000000084700000, 0x0000000084700000| Untracked 
|  72|0x0000000084800000, 0x0000000084900000, 0x0000000084900000|100%| O|  |TAMS 0x0000000084800000, 0x0000000084800000| Untracked 
|  73|0x0000000084900000, 0x0000000084a00000, 0x0000000084a00000|100%| O|  |TAMS 0x0000000084900000, 0x0000000084900000| Untracked 
|  74|0x0000000084a00000, 0x0000000084b00000, 0x0000000084b00000|100%| O|  |TAMS 0x0000000084a00000, 0x0000000084a00000| Untracked 
|  75|0x0000000084b00000, 0x0000000084b6f000, 0x0000000084c00000| 43%| O|  |TAMS 0x0000000084b00000, 0x0000000084b00000| Untracked 
|  76|0x0000000084c00000, 0x0000000084c00000, 0x0000000084d00000|  0%| F|  |TAMS 0x0000000084c00000, 0x0000000084c00000| Untracked 
|  77|0x0000000084d00000, 0x0000000084d00000, 0x0000000084e00000|  0%| F|  |TAMS 0x0000000084d00000, 0x0000000084d00000| Untracked 
|  78|0x0000000084e00000, 0x0000000084e00000, 0x0000000084f00000|  0%| F|  |TAMS 0x0000000084e00000, 0x0000000084e00000| Untracked 
|  79|0x0000000084f00000, 0x0000000084f00000, 0x0000000085000000|  0%| F|  |TAMS 0x0000000084f00000, 0x0000000084f00000| Untracked 
|  80|0x0000000085000000, 0x0000000085000000, 0x0000000085100000|  0%| F|  |TAMS 0x0000000085000000, 0x0000000085000000| Untracked 
|  81|0x0000000085100000, 0x0000000085100000, 0x0000000085200000|  0%| F|  |TAMS 0x0000000085100000, 0x0000000085100000| Untracked 
|  82|0x0000000085200000, 0x0000000085200000, 0x0000000085300000|  0%| F|  |TAMS 0x0000000085200000, 0x0000000085200000| Untracked 
|  83|0x0000000085300000, 0x0000000085300000, 0x0000000085400000|  0%| F|  |TAMS 0x0000000085300000, 0x0000000085300000| Untracked 
|  84|0x0000000085400000, 0x0000000085400000, 0x0000000085500000|  0%| F|  |TAMS 0x0000000085400000, 0x0000000085400000| Untracked 
|  85|0x0000000085500000, 0x0000000085500000, 0x0000000085600000|  0%| F|  |TAMS 0x0000000085500000, 0x0000000085500000| Untracked 
|  86|0x0000000085600000, 0x0000000085600000, 0x0000000085700000|  0%| F|  |TAMS 0x0000000085600000, 0x0000000085600000| Untracked 
|  87|0x0000000085700000, 0x0000000085700000, 0x0000000085800000|  0%| F|  |TAMS 0x0000000085700000, 0x0000000085700000| Untracked 
|  88|0x0000000085800000, 0x0000000085800000, 0x0000000085900000|  0%| F|  |TAMS 0x0000000085800000, 0x0000000085800000| Untracked 
|  89|0x0000000085900000, 0x0000000085900000, 0x0000000085a00000|  0%| F|  |TAMS 0x0000000085900000, 0x0000000085900000| Untracked 
|  90|0x0000000085a00000, 0x0000000085a00000, 0x0000000085b00000|  0%| F|  |TAMS 0x0000000085a00000, 0x0000000085a00000| Untracked 
|  91|0x0000000085b00000, 0x0000000085b00000, 0x0000000085c00000|  0%| F|  |TAMS 0x0000000085b00000, 0x0000000085b00000| Untracked 
|  92|0x0000000085c00000, 0x0000000085c00000, 0x0000000085d00000|  0%| F|  |TAMS 0x0000000085c00000, 0x0000000085c00000| Untracked 
|  93|0x0000000085d00000, 0x0000000085d00000, 0x0000000085e00000|  0%| F|  |TAMS 0x0000000085d00000, 0x0000000085d00000| Untracked 
|  94|0x0000000085e00000, 0x0000000085e00000, 0x0000000085f00000|  0%| F|  |TAMS 0x0000000085e00000, 0x0000000085e00000| Untracked 
|  95|0x0000000085f00000, 0x0000000085f00000, 0x0000000086000000|  0%| F|  |TAMS 0x0000000085f00000, 0x0000000085f00000| Untracked 
|  96|0x0000000086000000, 0x0000000086000000, 0x0000000086100000|  0%| F|  |TAMS 0x0000000086000000, 0x0000000086000000| Untracked 
|  97|0x0000000086100000, 0x0000000086100000, 0x0000000086200000|  0%| F|  |TAMS 0x0000000086100000, 0x0000000086100000| Untracked 
|  98|0x0000000086200000, 0x0000000086200000, 0x0000000086300000|  0%| F|  |TAMS 0x0000000086200000, 0x0000000086200000| Untracked 
|  99|0x0000000086300000, 0x0000000086300000, 0x0000000086400000|  0%| F|  |TAMS 0x0000000086300000, 0x0000000086300000| Untracked 
| 100|0x0000000086400000, 0x0000000086400000, 0x0000000086500000|  0%| F|  |TAMS 0x0000000086400000, 0x0000000086400000| Untracked 
| 101|0x0000000086500000, 0x0000000086500000, 0x0000000086600000|  0%| F|  |TAMS 0x0000000086500000, 0x0000000086500000| Untracked 
| 102|0x0000000086600000, 0x0000000086600000, 0x0000000086700000|  0%| F|  |TAMS 0x0000000086600000, 0x0000000086600000| Untracked 
| 103|0x0000000086700000, 0x0000000086700000, 0x0000000086800000|  0%| F|  |TAMS 0x0000000086700000, 0x0000000086700000| Untracked 
| 104|0x0000000086800000, 0x0000000086800000, 0x0000000086900000|  0%| F|  |TAMS 0x0000000086800000, 0x0000000086800000| Untracked 
| 105|0x0000000086900000, 0x0000000086900000, 0x0000000086a00000|  0%| F|  |TAMS 0x0000000086900000, 0x0000000086900000| Untracked 
| 106|0x0000000086a00000, 0x0000000086a00000, 0x0000000086b00000|  0%| F|  |TAMS 0x0000000086a00000, 0x0000000086a00000| Untracked 
| 107|0x0000000086b00000, 0x0000000086b00000, 0x0000000086c00000|  0%| F|  |TAMS 0x0000000086b00000, 0x0000000086b00000| Untracked 
| 108|0x0000000086c00000, 0x0000000086c00000, 0x0000000086d00000|  0%| F|  |TAMS 0x0000000086c00000, 0x0000000086c00000| Untracked 
| 109|0x0000000086d00000, 0x0000000086d00000, 0x0000000086e00000|  0%| F|  |TAMS 0x0000000086d00000, 0x0000000086d00000| Untracked 
| 110|0x0000000086e00000, 0x0000000086e00000, 0x0000000086f00000|  0%| F|  |TAMS 0x0000000086e00000, 0x0000000086e00000| Untracked 
| 111|0x0000000086f00000, 0x0000000086f00000, 0x0000000087000000|  0%| F|  |TAMS 0x0000000086f00000, 0x0000000086f00000| Untracked 
| 112|0x0000000087000000, 0x0000000087000000, 0x0000000087100000|  0%| F|  |TAMS 0x0000000087000000, 0x0000000087000000| Untracked 
| 113|0x0000000087100000, 0x0000000087100000, 0x0000000087200000|  0%| F|  |TAMS 0x0000000087100000, 0x0000000087100000| Untracked 
| 114|0x0000000087200000, 0x0000000087200000, 0x0000000087300000|  0%| F|  |TAMS 0x0000000087200000, 0x0000000087200000| Untracked 
| 115|0x0000000087300000, 0x0000000087300000, 0x0000000087400000|  0%| F|  |TAMS 0x0000000087300000, 0x0000000087300000| Untracked 
| 116|0x0000000087400000, 0x00000000874d0980, 0x0000000087500000| 81%| S|CS|TAMS 0x0000000087400000, 0x0000000087400000| Complete 
| 117|0x0000000087500000, 0x0000000087600000, 0x0000000087600000|100%| S|CS|TAMS 0x0000000087500000, 0x0000000087500000| Complete 
| 118|0x0000000087600000, 0x0000000087600000, 0x0000000087700000|  0%| F|  |TAMS 0x0000000087600000, 0x0000000087600000| Untracked 
| 119|0x0000000087700000, 0x0000000087700000, 0x0000000087800000|  0%| F|  |TAMS 0x0000000087700000, 0x0000000087700000| Untracked 
| 120|0x0000000087800000, 0x0000000087800000, 0x0000000087900000|  0%| F|  |TAMS 0x0000000087800000, 0x0000000087800000| Untracked 
| 121|0x0000000087900000, 0x0000000087900000, 0x0000000087a00000|  0%| F|  |TAMS 0x0000000087900000, 0x0000000087900000| Untracked 
| 122|0x0000000087a00000, 0x0000000087a00000, 0x0000000087b00000|  0%| F|  |TAMS 0x0000000087a00000, 0x0000000087a00000| Untracked 
| 123|0x0000000087b00000, 0x0000000087b00000, 0x0000000087c00000|  0%| F|  |TAMS 0x0000000087b00000, 0x0000000087b00000| Untracked 
| 124|0x0000000087c00000, 0x0000000087c00000, 0x0000000087d00000|  0%| F|  |TAMS 0x0000000087c00000, 0x0000000087c00000| Untracked 
| 125|0x0000000087d00000, 0x0000000087d00000, 0x0000000087e00000|  0%| F|  |TAMS 0x0000000087d00000, 0x0000000087d00000| Untracked 
| 126|0x0000000087e00000, 0x0000000087e00000, 0x0000000087f00000|  0%| F|  |TAMS 0x0000000087e00000, 0x0000000087e00000| Untracked 
| 127|0x0000000087f00000, 0x0000000087f00000, 0x0000000088000000|  0%| F|  |TAMS 0x0000000087f00000, 0x0000000087f00000| Untracked 
| 128|0x0000000088000000, 0x0000000088000000, 0x0000000088100000|  0%| F|  |TAMS 0x0000000088000000, 0x0000000088000000| Untracked 
| 129|0x0000000088100000, 0x0000000088100000, 0x0000000088200000|  0%| F|  |TAMS 0x0000000088100000, 0x0000000088100000| Untracked 
| 130|0x0000000088200000, 0x0000000088200000, 0x0000000088300000|  0%| F|  |TAMS 0x0000000088200000, 0x0000000088200000| Untracked 
| 131|0x0000000088300000, 0x0000000088300000, 0x0000000088400000|  0%| F|  |TAMS 0x0000000088300000, 0x0000000088300000| Untracked 
| 132|0x0000000088400000, 0x0000000088400000, 0x0000000088500000|  0%| F|  |TAMS 0x0000000088400000, 0x0000000088400000| Untracked 
| 133|0x0000000088500000, 0x0000000088500000, 0x0000000088600000|  0%| F|  |TAMS 0x0000000088500000, 0x0000000088500000| Untracked 
| 134|0x0000000088600000, 0x0000000088600000, 0x0000000088700000|  0%| F|  |TAMS 0x0000000088600000, 0x0000000088600000| Untracked 
| 135|0x0000000088700000, 0x0000000088700000, 0x0000000088800000|  0%| F|  |TAMS 0x0000000088700000, 0x0000000088700000| Untracked 
| 136|0x0000000088800000, 0x0000000088800000, 0x0000000088900000|  0%| F|  |TAMS 0x0000000088800000, 0x0000000088800000| Untracked 
| 137|0x0000000088900000, 0x0000000088900000, 0x0000000088a00000|  0%| F|  |TAMS 0x0000000088900000, 0x0000000088900000| Untracked 
| 138|0x0000000088a00000, 0x0000000088a00000, 0x0000000088b00000|  0%| F|  |TAMS 0x0000000088a00000, 0x0000000088a00000| Untracked 
| 139|0x0000000088b00000, 0x0000000088b00000, 0x0000000088c00000|  0%| F|  |TAMS 0x0000000088b00000, 0x0000000088b00000| Untracked 
| 140|0x0000000088c00000, 0x0000000088c00000, 0x0000000088d00000|  0%| F|  |TAMS 0x0000000088c00000, 0x0000000088c00000| Untracked 
| 141|0x0000000088d00000, 0x0000000088d00000, 0x0000000088e00000|  0%| F|  |TAMS 0x0000000088d00000, 0x0000000088d00000| Untracked 
| 142|0x0000000088e00000, 0x0000000088e00000, 0x0000000088f00000|  0%| F|  |TAMS 0x0000000088e00000, 0x0000000088e00000| Untracked 
| 143|0x0000000088f00000, 0x0000000088f00000, 0x0000000089000000|  0%| F|  |TAMS 0x0000000088f00000, 0x0000000088f00000| Untracked 
| 144|0x0000000089000000, 0x0000000089000000, 0x0000000089100000|  0%| F|  |TAMS 0x0000000089000000, 0x0000000089000000| Untracked 
| 145|0x0000000089100000, 0x0000000089100000, 0x0000000089200000|  0%| F|  |TAMS 0x0000000089100000, 0x0000000089100000| Untracked 
| 146|0x0000000089200000, 0x0000000089200000, 0x0000000089300000|  0%| F|  |TAMS 0x0000000089200000, 0x0000000089200000| Untracked 
| 147|0x0000000089300000, 0x0000000089300000, 0x0000000089400000|  0%| F|  |TAMS 0x0000000089300000, 0x0000000089300000| Untracked 
| 148|0x0000000089400000, 0x0000000089400000, 0x0000000089500000|  0%| F|  |TAMS 0x0000000089400000, 0x0000000089400000| Untracked 
| 149|0x0000000089500000, 0x0000000089500000, 0x0000000089600000|  0%| F|  |TAMS 0x0000000089500000, 0x0000000089500000| Untracked 
| 150|0x0000000089600000, 0x0000000089600000, 0x0000000089700000|  0%| F|  |TAMS 0x0000000089600000, 0x0000000089600000| Untracked 
| 151|0x0000000089700000, 0x0000000089700000, 0x0000000089800000|  0%| F|  |TAMS 0x0000000089700000, 0x0000000089700000| Untracked 
| 152|0x0000000089800000, 0x0000000089800000, 0x0000000089900000|  0%| F|  |TAMS 0x0000000089800000, 0x0000000089800000| Untracked 
| 153|0x0000000089900000, 0x0000000089900000, 0x0000000089a00000|  0%| F|  |TAMS 0x0000000089900000, 0x0000000089900000| Untracked 
| 154|0x0000000089a00000, 0x0000000089a00000, 0x0000000089b00000|  0%| F|  |TAMS 0x0000000089a00000, 0x0000000089a00000| Untracked 
| 155|0x0000000089b00000, 0x0000000089b00000, 0x0000000089c00000|  0%| F|  |TAMS 0x0000000089b00000, 0x0000000089b00000| Untracked 
| 156|0x0000000089c00000, 0x0000000089c00000, 0x0000000089d00000|  0%| F|  |TAMS 0x0000000089c00000, 0x0000000089c00000| Untracked 
| 157|0x0000000089d00000, 0x0000000089d00000, 0x0000000089e00000|  0%| F|  |TAMS 0x0000000089d00000, 0x0000000089d00000| Untracked 
| 158|0x0000000089e00000, 0x0000000089e00000, 0x0000000089f00000|  0%| F|  |TAMS 0x0000000089e00000, 0x0000000089e00000| Untracked 
| 159|0x0000000089f00000, 0x0000000089f00000, 0x000000008a000000|  0%| F|  |TAMS 0x0000000089f00000, 0x0000000089f00000| Untracked 
| 160|0x000000008a000000, 0x000000008a000000, 0x000000008a100000|  0%| F|  |TAMS 0x000000008a000000, 0x000000008a000000| Untracked 
| 161|0x000000008a100000, 0x000000008a100000, 0x000000008a200000|  0%| F|  |TAMS 0x000000008a100000, 0x000000008a100000| Untracked 
| 162|0x000000008a200000, 0x000000008a200000, 0x000000008a300000|  0%| F|  |TAMS 0x000000008a200000, 0x000000008a200000| Untracked 
| 163|0x000000008a300000, 0x000000008a300000, 0x000000008a400000|  0%| F|  |TAMS 0x000000008a300000, 0x000000008a300000| Untracked 
| 164|0x000000008a400000, 0x000000008a400000, 0x000000008a500000|  0%| F|  |TAMS 0x000000008a400000, 0x000000008a400000| Untracked 
| 165|0x000000008a500000, 0x000000008a500000, 0x000000008a600000|  0%| F|  |TAMS 0x000000008a500000, 0x000000008a500000| Untracked 
| 166|0x000000008a600000, 0x000000008a600000, 0x000000008a700000|  0%| F|  |TAMS 0x000000008a600000, 0x000000008a600000| Untracked 
| 167|0x000000008a700000, 0x000000008a700000, 0x000000008a800000|  0%| F|  |TAMS 0x000000008a700000, 0x000000008a700000| Untracked 
| 168|0x000000008a800000, 0x000000008a800000, 0x000000008a900000|  0%| F|  |TAMS 0x000000008a800000, 0x000000008a800000| Untracked 
| 169|0x000000008a900000, 0x000000008a900000, 0x000000008aa00000|  0%| F|  |TAMS 0x000000008a900000, 0x000000008a900000| Untracked 
| 170|0x000000008aa00000, 0x000000008aa00000, 0x000000008ab00000|  0%| F|  |TAMS 0x000000008aa00000, 0x000000008aa00000| Untracked 
| 171|0x000000008ab00000, 0x000000008ab00000, 0x000000008ac00000|  0%| F|  |TAMS 0x000000008ab00000, 0x000000008ab00000| Untracked 
| 172|0x000000008ac00000, 0x000000008ac00000, 0x000000008ad00000|  0%| F|  |TAMS 0x000000008ac00000, 0x000000008ac00000| Untracked 
| 173|0x000000008ad00000, 0x000000008ad00000, 0x000000008ae00000|  0%| F|  |TAMS 0x000000008ad00000, 0x000000008ad00000| Untracked 
| 174|0x000000008ae00000, 0x000000008ae00000, 0x000000008af00000|  0%| F|  |TAMS 0x000000008ae00000, 0x000000008ae00000| Untracked 
| 175|0x000000008af00000, 0x000000008af00000, 0x000000008b000000|  0%| F|  |TAMS 0x000000008af00000, 0x000000008af00000| Untracked 
| 176|0x000000008b000000, 0x000000008b000000, 0x000000008b100000|  0%| F|  |TAMS 0x000000008b000000, 0x000000008b000000| Untracked 
| 177|0x000000008b100000, 0x000000008b100000, 0x000000008b200000|  0%| F|  |TAMS 0x000000008b100000, 0x000000008b100000| Untracked 
| 178|0x000000008b200000, 0x000000008b200000, 0x000000008b300000|  0%| F|  |TAMS 0x000000008b200000, 0x000000008b200000| Untracked 
| 179|0x000000008b300000, 0x000000008b3a1f40, 0x000000008b400000| 63%| E|  |TAMS 0x000000008b300000, 0x000000008b300000| Complete 
| 180|0x000000008b400000, 0x000000008b500000, 0x000000008b500000|100%| E|CS|TAMS 0x000000008b400000, 0x000000008b400000| Complete 
| 181|0x000000008b500000, 0x000000008b600000, 0x000000008b600000|100%| E|CS|TAMS 0x000000008b500000, 0x000000008b500000| Complete 
| 182|0x000000008b600000, 0x000000008b700000, 0x000000008b700000|100%| E|CS|TAMS 0x000000008b600000, 0x000000008b600000| Complete 

Card table byte_map: [0x000001b1e2b30000,0x000001b1e2f30000] _byte_map_base: 0x000001b1e2730000

Marking Bits (Prev, Next): (CMBitMap*) 0x000001b1cf950410, (CMBitMap*) 0x000001b1cf9503d8
 Prev Bits: [0x000001b1e5330000, 0x000001b1e7330000)
 Next Bits: [0x000001b1e3330000, 0x000001b1e5330000)

Polling page: 0x000001b1cd890000

Metaspace:

Usage:
  Non-class:     76.71 MB capacity,    75.25 MB ( 98%) used,     1.21 MB (  2%) free+waste,   259.38 KB ( <1%) overhead. 
      Class:     11.58 MB capacity,    10.77 MB ( 93%) used,   716.68 KB (  6%) free+waste,   114.63 KB ( <1%) overhead. 
       Both:     88.29 MB capacity,    86.02 MB ( 97%) used,     1.91 MB (  2%) free+waste,   374.00 KB ( <1%) overhead. 

Virtual space:
  Non-class space:       78.00 MB reserved,      76.75 MB ( 98%) committed 
      Class space:        1.00 GB reserved,      11.70 MB (  1%) committed 
             Both:        1.08 GB reserved,      88.45 MB (  8%) committed 

Chunk freelists:
   Non-Class:  36.00 KB
       Class:  0 bytes
        Both:  36.00 KB

MaxMetaspaceSize: 17179869184.00 GB
CompressedClassSpaceSize: 1.00 GB

CodeHeap 'non-profiled nmethods': size=120000Kb used=7447Kb max_used=7447Kb free=112552Kb
 bounds [0x000001b1daed0000, 0x000001b1db620000, 0x000001b1e2400000]
CodeHeap 'profiled nmethods': size=120000Kb used=26490Kb max_used=26490Kb free=93509Kb
 bounds [0x000001b1d39a0000, 0x000001b1d5380000, 0x000001b1daed0000]
CodeHeap 'non-nmethods': size=5760Kb used=2277Kb max_used=2349Kb free=3482Kb
 bounds [0x000001b1d3400000, 0x000001b1d3670000, 0x000001b1d39a0000]
 total_blobs=12929 nmethods=12054 adapters=784
 compilation: enabled
              stopped_count=0, restarted_count=0
 full_count=0

Compilation events (20 events):
Event: 3130.837 Thread 0x000001b1e9d9e000 12123       3       org.gradle.internal.component.external.model.maven.DefaultMavenModuleResolveMetadata::withSources (6 bytes)
Event: 3130.837 Thread 0x000001b1e9d9e000 nmethod 12123 0x000001b1d537bd90 code [0x000001b1d537bf60, 0x000001b1d537c288]
Event: 3130.837 Thread 0x000001b1e9d9e000 12124       3       org.gradle.internal.component.external.model.maven.DefaultMavenModuleResolveMetadata::withSources (14 bytes)
Event: 3130.838 Thread 0x000001b1e9d9e000 nmethod 12124 0x000001b1d537c390 code [0x000001b1d537c560, 0x000001b1d537c808]
Event: 3130.838 Thread 0x000001b1e9d9e000 12125       3       org.gradle.api.internal.artifacts.ivyservice.resolveengine.graph.builder.ResolveState$$Lambda$446/0x0000000100604040::apply (24 bytes)
Event: 3130.839 Thread 0x000001b1e9d9e000 nmethod 12125 0x000001b1d537c910 code [0x000001b1d537cb00, 0x000001b1d537cff8]
Event: 3130.854 Thread 0x000001b1e9d9e000 12126       3       org.gradle.api.internal.artifacts.ivyservice.ivyresolve.UserResolverChain$ModuleTransformer::transform (41 bytes)
Event: 3130.854 Thread 0x000001b1e9d9e000 nmethod 12126 0x000001b1d537d190 code [0x000001b1d537d3a0, 0x000001b1d537d9c8]
Event: 3130.854 Thread 0x000001b1e9d9e000 12127       3       org.gradle.internal.component.model.DefaultSelectedByVariantMatchingConfigurationMetadata::isTransitive (10 bytes)
Event: 3130.855 Thread 0x000001b1e9d9e000 nmethod 12127 0x000001b1d537dc10 code [0x000001b1d537ddc0, 0x000001b1d537df88]
Event: 3130.868 Thread 0x000001b1e9d97800 nmethod 12116 0x000001b1db614110 code [0x000001b1db614320, 0x000001b1db6151b8]
Event: 3130.944 Thread 0x000001b1e9d97800 12128       4       org.gradle.api.internal.attributes.DefaultImmutableAttributesFactory::concat (126 bytes)
Event: 3130.966 Thread 0x000001b1e9d9e000 12130       1       org.gradle.internal.component.external.model.AbstractVariantBackedConfigurationMetadata::getVariant (5 bytes)
Event: 3130.966 Thread 0x000001b1e9d9e000 nmethod 12130 0x000001b1db615990 code [0x000001b1db615b40, 0x000001b1db615bf8]
Event: 3130.966 Thread 0x000001b1e9d9e000 12131       1       org.gradle.internal.component.external.model.AbstractVariantBackedConfigurationMetadata::getDependencies (5 bytes)
Event: 3130.966 Thread 0x000001b1e9d9e000 nmethod 12131 0x000001b1db615c90 code [0x000001b1db615e40, 0x000001b1db615ef8]
Event: 3130.971 Thread 0x000001b1e9d9e000 12132       3       org.gradle.internal.snapshot.impl.IntegerValueSnapshot::equals (6 bytes)
Event: 3130.971 Thread 0x000001b1e9d9e000 nmethod 12132 0x000001b1d537e090 code [0x000001b1d537e240, 0x000001b1d537e368]
Event: 3130.971 Thread 0x000001b1e9d9e000 12133       3       org.gradle.internal.component.external.model.AbstractMutableModuleComponentResolveMetadata$ImmutableVariantImpl::<init> (50 bytes)
Event: 3130.972 Thread 0x000001b1e9d9e000 nmethod 12133 0x000001b1d537e410 code [0x000001b1d537e5e0, 0x000001b1d537e9d8]

GC Heap History (20 events):
Event: 7.793 GC heap before
{Heap before GC invocations=13 (full 0):
 garbage-first heap   total 155648K, used 59158K [0x0000000080000000, 0x0000000100000000)
  region size 1024K, 19 young (19456K), 3 survivors (3072K)
 Metaspace       used 58656K, capacity 60145K, committed 60236K, reserved 1101824K
  class space    used 7409K, capacity 7966K, committed 8012K, reserved 1048576K
}
Event: 7.801 GC heap after
{Heap after GC invocations=14 (full 0):
 garbage-first heap   total 155648K, used 44774K [0x0000000080000000, 0x0000000100000000)
  region size 1024K, 4 young (4096K), 4 survivors (4096K)
 Metaspace       used 58656K, capacity 60145K, committed 60236K, reserved 1101824K
  class space    used 7409K, capacity 7966K, committed 8012K, reserved 1048576K
}
Event: 8.493 GC heap before
{Heap before GC invocations=15 (full 0):
 garbage-first heap   total 155648K, used 98022K [0x0000000080000000, 0x0000000100000000)
  region size 1024K, 56 young (57344K), 4 survivors (4096K)
 Metaspace       used 63747K, capacity 65256K, committed 65484K, reserved 1105920K
  class space    used 8029K, capacity 8591K, committed 8652K, reserved 1048576K
}
Event: 8.501 GC heap after
{Heap after GC invocations=16 (full 0):
 garbage-first heap   total 155648K, used 50121K [0x0000000080000000, 0x0000000100000000)
  region size 1024K, 7 young (7168K), 7 survivors (7168K)
 Metaspace       used 63747K, capacity 65256K, committed 65484K, reserved 1105920K
  class space    used 8029K, capacity 8591K, committed 8652K, reserved 1048576K
}
Event: 9.047 GC heap before
{Heap before GC invocations=16 (full 0):
 garbage-first heap   total 155648K, used 103369K [0x0000000080000000, 0x0000000100000000)
  region size 1024K, 59 young (60416K), 7 survivors (7168K)
 Metaspace       used 66311K, capacity 67921K, committed 68172K, reserved 1107968K
  class space    used 8394K, capacity 8965K, committed 9036K, reserved 1048576K
}
Event: 9.056 GC heap after
{Heap after GC invocations=17 (full 0):
 garbage-first heap   total 155648K, used 53661K [0x0000000080000000, 0x0000000100000000)
  region size 1024K, 5 young (5120K), 5 survivors (5120K)
 Metaspace       used 66311K, capacity 67921K, committed 68172K, reserved 1107968K
  class space    used 8394K, capacity 8965K, committed 9036K, reserved 1048576K
}
Event: 9.721 GC heap before
{Heap before GC invocations=17 (full 0):
 garbage-first heap   total 155648K, used 107933K [0x0000000080000000, 0x0000000100000000)
  region size 1024K, 58 young (59392K), 5 survivors (5120K)
 Metaspace       used 70324K, capacity 72019K, committed 72268K, reserved 1112064K
  class space    used 9057K, capacity 9682K, committed 9804K, reserved 1048576K
}
Event: 9.730 GC heap after
{Heap after GC invocations=18 (full 0):
 garbage-first heap   total 187392K, used 57565K [0x0000000080000000, 0x0000000100000000)
  region size 1024K, 4 young (4096K), 4 survivors (4096K)
 Metaspace       used 70324K, capacity 72019K, committed 72268K, reserved 1112064K
  class space    used 9057K, capacity 9682K, committed 9804K, reserved 1048576K
}
Event: 10.783 GC heap before
{Heap before GC invocations=18 (full 0):
 garbage-first heap   total 187392K, used 126173K [0x0000000080000000, 0x0000000100000000)
  region size 1024K, 71 young (72704K), 4 survivors (4096K)
 Metaspace       used 77392K, capacity 79233K, committed 79436K, reserved 1118208K
  class space    used 10042K, capacity 10699K, committed 10828K, reserved 1048576K
}
Event: 10.790 GC heap after
{Heap after GC invocations=19 (full 0):
 garbage-first heap   total 187392K, used 61589K [0x0000000080000000, 0x0000000100000000)
  region size 1024K, 8 young (8192K), 8 survivors (8192K)
 Metaspace       used 77392K, capacity 79233K, committed 79436K, reserved 1118208K
  class space    used 10042K, capacity 10699K, committed 10828K, reserved 1048576K
}
Event: 11.859 GC heap before
{Heap before GC invocations=19 (full 0):
 garbage-first heap   total 187392K, used 130197K [0x0000000080000000, 0x0000000100000000)
  region size 1024K, 76 young (77824K), 8 survivors (8192K)
 Metaspace       used 81729K, capacity 83958K, committed 84172K, reserved 1122304K
  class space    used 10599K, capacity 11417K, committed 11468K, reserved 1048576K
}
Event: 11.874 GC heap after
{Heap after GC invocations=20 (full 0):
 garbage-first heap   total 187392K, used 67992K [0x0000000080000000, 0x0000000100000000)
  region size 1024K, 10 young (10240K), 10 survivors (10240K)
 Metaspace       used 81729K, capacity 83958K, committed 84172K, reserved 1122304K
  class space    used 10599K, capacity 11417K, committed 11468K, reserved 1048576K
}
Event: 12.635 GC heap before
{Heap before GC invocations=20 (full 0):
 garbage-first heap   total 187392K, used 135576K [0x0000000080000000, 0x0000000100000000)
  region size 1024K, 77 young (78848K), 10 survivors (10240K)
 Metaspace       used 82584K, capacity 84791K, committed 85068K, reserved 1122304K
  class space    used 10653K, capacity 11476K, committed 11596K, reserved 1048576K
}
Event: 12.646 GC heap after
{Heap after GC invocations=21 (full 0):
 garbage-first heap   total 187392K, used 73270K [0x0000000080000000, 0x0000000100000000)
  region size 1024K, 5 young (5120K), 5 survivors (5120K)
 Metaspace       used 82584K, capacity 84791K, committed 85068K, reserved 1122304K
  class space    used 10653K, capacity 11476K, committed 11596K, reserved 1048576K
}
Event: 13.528 GC heap before
{Heap before GC invocations=21 (full 0):
 garbage-first heap   total 187392K, used 139830K [0x0000000080000000, 0x0000000100000000)
  region size 1024K, 71 young (72704K), 5 survivors (5120K)
 Metaspace       used 83114K, capacity 85361K, committed 85580K, reserved 1124352K
  class space    used 10692K, capacity 11498K, committed 11596K, reserved 1048576K
}
Event: 13.538 GC heap after
{Heap after GC invocations=22 (full 0):
 garbage-first heap   total 187392K, used 76283K [0x0000000080000000, 0x0000000100000000)
  region size 1024K, 8 young (8192K), 8 survivors (8192K)
 Metaspace       used 83114K, capacity 85361K, committed 85580K, reserved 1124352K
  class space    used 10692K, capacity 11498K, committed 11596K, reserved 1048576K
}
Event: 70.418 GC heap before
{Heap before GC invocations=22 (full 0):
 garbage-first heap   total 187392K, used 143867K [0x0000000080000000, 0x0000000100000000)
  region size 1024K, 75 young (76800K), 8 survivors (8192K)
 Metaspace       used 87584K, capacity 89842K, committed 89932K, reserved 1128448K
  class space    used 11016K, capacity 11845K, committed 11852K, reserved 1048576K
}
Event: 70.443 GC heap after
{Heap after GC invocations=23 (full 0):
 garbage-first heap   total 187392K, used 81707K [0x0000000080000000, 0x0000000100000000)
  region size 1024K, 9 young (9216K), 9 survivors (9216K)
 Metaspace       used 87584K, capacity 89842K, committed 89932K, reserved 1128448K
  class space    used 11016K, capacity 11845K, committed 11852K, reserved 1048576K
}
Event: 3129.269 GC heap before
{Heap before GC invocations=23 (full 0):
 garbage-first heap   total 187392K, used 147243K [0x0000000080000000, 0x0000000100000000)
  region size 1024K, 74 young (75776K), 9 survivors (9216K)
 Metaspace       used 88051K, capacity 90346K, committed 90572K, reserved 1128448K
  class space    used 11024K, capacity 11856K, committed 11980K, reserved 1048576K
}
Event: 3129.433 GC heap after
{Heap after GC invocations=24 (full 0):
 garbage-first heap   total 187392K, used 79102K [0x0000000080000000, 0x0000000100000000)
  region size 1024K, 2 young (2048K), 2 survivors (2048K)
 Metaspace       used 88051K, capacity 90346K, committed 90572K, reserved 1128448K
  class space    used 11024K, capacity 11856K, committed 11980K, reserved 1048576K
}

Deoptimization events (20 events):
Event: 3128.407 Thread 0x000001b1f1328000 Uncommon trap: trap_request=0xffffffde fr.pc=0x000001b1db5ea360 relative=0x00000000000010c0
Event: 3128.407 Thread 0x000001b1f1328000 Uncommon trap: reason=class_check action=maybe_recompile pc=0x000001b1db5ea360 method=org.gradle.internal.logging.sink.LogEventDispatcher.onOutput(Lorg/gradle/internal/logging/events/OutputEvent;)V @ 1 c2
Event: 3128.407 Thread 0x000001b1f1328000 DEOPT PACKING pc=0x000001b1db5ea360 sp=0x0000004c808fe170
Event: 3128.407 Thread 0x000001b1f1328000 DEOPT UNPACKING pc=0x000001b1d34278af sp=0x0000004c808fe0f8 mode 2
Event: 3128.407 Thread 0x000001b1f1328000 Uncommon trap: trap_request=0xffffffde fr.pc=0x000001b1db5ea360 relative=0x00000000000010c0
Event: 3128.407 Thread 0x000001b1f1328000 Uncommon trap: reason=class_check action=maybe_recompile pc=0x000001b1db5ea360 method=org.gradle.internal.logging.sink.LogEventDispatcher.onOutput(Lorg/gradle/internal/logging/events/OutputEvent;)V @ 1 c2
Event: 3128.407 Thread 0x000001b1f1328000 DEOPT PACKING pc=0x000001b1db5ea360 sp=0x0000004c808fe170
Event: 3128.407 Thread 0x000001b1f1328000 DEOPT UNPACKING pc=0x000001b1d34278af sp=0x0000004c808fe0f8 mode 2
Event: 3128.615 Thread 0x000001b1f1328000 Uncommon trap: trap_request=0xffffffc6 fr.pc=0x000001b1db44f678 relative=0x0000000000000298
Event: 3128.615 Thread 0x000001b1f1328000 Uncommon trap: reason=bimorphic_or_optimized_type_check action=maybe_recompile pc=0x000001b1db44f678 method=java.util.stream.ReduceOps$ReduceOp.evaluateSequential(Ljava/util/stream/PipelineHelper;Ljava/util/Spliterator;)Ljava/lang/Object; @ 2 c2
Event: 3128.615 Thread 0x000001b1f1328000 DEOPT PACKING pc=0x000001b1db44f678 sp=0x0000004c808fc710
Event: 3128.615 Thread 0x000001b1f1328000 DEOPT UNPACKING pc=0x000001b1d34278af sp=0x0000004c808fc690 mode 2
Event: 3128.672 Thread 0x000001b1f1328000 Uncommon trap: trap_request=0xffffffde fr.pc=0x000001b1db5ea360 relative=0x00000000000010c0
Event: 3128.672 Thread 0x000001b1f1328000 Uncommon trap: reason=class_check action=maybe_recompile pc=0x000001b1db5ea360 method=org.gradle.internal.logging.sink.LogEventDispatcher.onOutput(Lorg/gradle/internal/logging/events/OutputEvent;)V @ 1 c2
Event: 3128.672 Thread 0x000001b1f1328000 DEOPT PACKING pc=0x000001b1db5ea360 sp=0x0000004c808fd070
Event: 3128.672 Thread 0x000001b1f1328000 DEOPT UNPACKING pc=0x000001b1d34278af sp=0x0000004c808fcff8 mode 2
Event: 3128.672 Thread 0x000001b1f1328000 Uncommon trap: trap_request=0xffffffde fr.pc=0x000001b1db5ea360 relative=0x00000000000010c0
Event: 3128.672 Thread 0x000001b1f1328000 Uncommon trap: reason=class_check action=maybe_recompile pc=0x000001b1db5ea360 method=org.gradle.internal.logging.sink.LogEventDispatcher.onOutput(Lorg/gradle/internal/logging/events/OutputEvent;)V @ 1 c2
Event: 3128.672 Thread 0x000001b1f1328000 DEOPT PACKING pc=0x000001b1db5ea360 sp=0x0000004c808fd070
Event: 3128.672 Thread 0x000001b1f1328000 DEOPT UNPACKING pc=0x000001b1d34278af sp=0x0000004c808fcff8 mode 2

Classes redefined (0 events):
No events

Internal exceptions (20 events):
Event: 12.672 Thread 0x000001b1f1334000 Exception <a 'java/lang/NoSuchMethodError'{0x000000008b562f90}: <clinit>> (0x000000008b562f90) thrown at [./src/hotspot/share/prims/jni.cpp, line 1362]
Event: 12.674 Thread 0x000001b1f1334000 Exception <a 'java/lang/NoSuchMethodError'{0x000000008b57c630}: <clinit>> (0x000000008b57c630) thrown at [./src/hotspot/share/prims/jni.cpp, line 1362]
Event: 12.674 Thread 0x000001b1f1334000 Exception <a 'java/lang/NoSuchMethodError'{0x000000008b57db10}: <clinit>> (0x000000008b57db10) thrown at [./src/hotspot/share/prims/jni.cpp, line 1362]
Event: 12.812 Thread 0x000001b1f1334000 Exception <a 'java/lang/NoSuchMethodError'{0x000000008a91f950}: 'int java.lang.invoke.DirectMethodHandle$Holder.invokeSpecial(java.lang.Object, java.lang.Object, java.lang.Object, java.lang.Object, java.lang.Object)'> (0x000000008a91f950) thrown at [./src/hotspot/share/interpreter/linkResolver.cpp, line 773]
Event: 13.404 Thread 0x000001b1efa17800 Implicit null exception at 0x000001b1db493322 to 0x000001b1db493bb0
Event: 13.661 Thread 0x000001b1f1328800 Exception <a 'sun/nio/fs/WindowsException'{0x000000008b1ef368}> (0x000000008b1ef368) thrown at [./src/hotspot/share/prims/jni.cpp, line 615]
Event: 13.702 Thread 0x000001b1ec218000 Exception <a 'java/lang/NoSuchMethodError'{0x000000008afc9fe8}: 'int java.lang.invoke.DirectMethodHandle$Holder.invokeVirtual(java.lang.Object, java.lang.Object, java.lang.Object)'> (0x000000008afc9fe8) thrown at [./src/hotspot/share/interpreter/linkResolver.cpp, line 773]
Event: 22.459 Thread 0x000001b1eaada000 Implicit null exception at 0x000001b1daf035f7 to 0x000001b1daf03af0
Event: 22.460 Thread 0x000001b1eaada000 Implicit null exception at 0x000001b1db2886f4 to 0x000001b1db288d10
Event: 68.621 Thread 0x000001b1ec218000 Implicit null exception at 0x000001b1db4aafe2 to 0x000001b1db4abb90
Event: 69.138 Thread 0x000001b1ec218000 Exception <a 'sun/nio/fs/WindowsException'{0x0000000088e6e1a0}> (0x0000000088e6e1a0) thrown at [./src/hotspot/share/prims/jni.cpp, line 615]
Event: 69.244 Thread 0x000001b1ec218000 Exception <a 'java/lang/NoClassDefFoundError'{0x0000000088bad938}: org/jetbrains/kotlin/gradle/plugin/KotlinBasePluginWrapper> (0x0000000088bad938) thrown at [./src/hotspot/share/oops/constantPool.cpp, line 775]
Event: 69.250 Thread 0x000001b1ec218000 Implicit null exception at 0x000001b1db4f23d2 to 0x000001b1db4f27d4
Event: 69.289 Thread 0x000001b1ec218000 Exception <a 'sun/nio/fs/WindowsException'{0x0000000088aca090}> (0x0000000088aca090) thrown at [./src/hotspot/share/prims/jni.cpp, line 615]
Event: 69.304 Thread 0x000001b1ec218000 Exception <a 'sun/nio/fs/WindowsException'{0x00000000889667e8}> (0x00000000889667e8) thrown at [./src/hotspot/share/prims/jni.cpp, line 615]
Event: 69.304 Thread 0x000001b1ec218000 Exception <a 'sun/nio/fs/WindowsException'{0x00000000889678c8}> (0x00000000889678c8) thrown at [./src/hotspot/share/prims/jni.cpp, line 615]
Event: 69.304 Thread 0x000001b1ec218000 Exception <a 'sun/nio/fs/WindowsException'{0x00000000889689f8}> (0x00000000889689f8) thrown at [./src/hotspot/share/prims/jni.cpp, line 615]
Event: 69.304 Thread 0x000001b1ec218000 Exception <a 'sun/nio/fs/WindowsException'{0x0000000088969b28}> (0x0000000088969b28) thrown at [./src/hotspot/share/prims/jni.cpp, line 615]
Event: 69.440 Thread 0x000001b1ec218000 Exception <a 'sun/nio/fs/WindowsException'{0x000000008850bfd0}> (0x000000008850bfd0) thrown at [./src/hotspot/share/prims/jni.cpp, line 615]
Event: 70.753 Thread 0x000001b1f49f9000 Exception <a 'sun/nio/fs/WindowsException'{0x000000008b0a25d8}> (0x000000008b0a25d8) thrown at [./src/hotspot/share/prims/jni.cpp, line 615]

Events (20 events):
Event: 3128.657 Executing VM operation: BulkRevokeBias done
Event: 3128.662 Executing VM operation: RevokeBias
Event: 3128.663 Executing VM operation: RevokeBias done
Event: 3128.789 Thread 0x000001b1f1335000 Thread added: 0x000001b1f1335000
Event: 3128.803 Thread 0x000001b1f1331800 Thread added: 0x000001b1f1331800
Event: 3128.834 Thread 0x000001b1f1331000 Thread added: 0x000001b1f1331000
Event: 3129.025 Thread 0x000001b1f1332800 Thread added: 0x000001b1f1332800
Event: 3129.110 Executing VM operation: RevokeBias
Event: 3129.112 Executing VM operation: RevokeBias done
Event: 3129.116 Executing VM operation: RevokeBias
Event: 3129.117 Executing VM operation: RevokeBias done
Event: 3129.143 Executing VM operation: RevokeBias
Event: 3129.145 Executing VM operation: RevokeBias done
Event: 3129.170 Executing VM operation: RevokeBias
Event: 3129.170 Executing VM operation: RevokeBias done
Event: 3129.172 Executing VM operation: RevokeBias
Event: 3129.172 Executing VM operation: RevokeBias done
Event: 3129.267 Thread 0x000001b1efa10000 Thread added: 0x000001b1efa10000
Event: 3129.268 Executing VM operation: G1CollectForAllocation
Event: 3129.433 Executing VM operation: G1CollectForAllocation done


Dynamic libraries:
0x00007ff6c0540000 - 0x00007ff6c054a000 	C:\Program Files\Android\Android Studio\jre\bin\java.exe
0x00007fffd4310000 - 0x00007fffd4505000 	C:\WINDOWS\SYSTEM32\ntdll.dll
0x00007fffd36d0000 - 0x00007fffd378e000 	C:\WINDOWS\System32\KERNEL32.DLL
0x00007fffd1bc0000 - 0x00007fffd1e89000 	C:\WINDOWS\System32\KERNELBASE.dll
0x00007fffd2140000 - 0x00007fffd2240000 	C:\WINDOWS\System32\ucrtbase.dll
0x00007fffa6870000 - 0x00007fffa6887000 	C:\Program Files\Android\Android Studio\jre\bin\VCRUNTIME140.dll
0x00007fffa5fe0000 - 0x00007fffa5ff9000 	C:\Program Files\Android\Android Studio\jre\bin\jli.dll
0x00007fffd3870000 - 0x00007fffd3a11000 	C:\WINDOWS\System32\USER32.dll
0x00007fffc0470000 - 0x00007fffc070a000 	C:\WINDOWS\WinSxS\amd64_microsoft.windows.common-controls_6595b64144ccf1df_6.0.19041.1110_none_60b5254171f9507e\COMCTL32.dll
0x00007fffd1a00000 - 0x00007fffd1a22000 	C:\WINDOWS\System32\win32u.dll
0x00007fffd2e80000 - 0x00007fffd2f1e000 	C:\WINDOWS\System32\msvcrt.dll
0x00007fffd3c10000 - 0x00007fffd3c3b000 	C:\WINDOWS\System32\GDI32.dll
0x00007fffd1f30000 - 0x00007fffd203b000 	C:\WINDOWS\System32\gdi32full.dll
0x00007fffd1e90000 - 0x00007fffd1f2d000 	C:\WINDOWS\System32\msvcp_win.dll
0x00007fffd4270000 - 0x00007fffd42a0000 	C:\WINDOWS\System32\IMM32.DLL
0x00007fff96010000 - 0x00007fff960ad000 	C:\Program Files\Android\Android Studio\jre\bin\msvcp140.dll
0x00007fff96350000 - 0x00007fff96e1f000 	C:\Program Files\Android\Android Studio\jre\bin\server\jvm.dll
0x00007fffd40f0000 - 0x00007fffd419c000 	C:\WINDOWS\System32\ADVAPI32.dll
0x00007fffd3b60000 - 0x00007fffd3bfb000 	C:\WINDOWS\System32\sechost.dll
0x00007fffd2be0000 - 0x00007fffd2d0a000 	C:\WINDOWS\System32\RPCRT4.dll
0x00007fffd2490000 - 0x00007fffd2498000 	C:\WINDOWS\System32\PSAPI.DLL
0x00007fffbe090000 - 0x00007fffbe0b7000 	C:\WINDOWS\SYSTEM32\WINMM.dll
0x00007fffbc310000 - 0x00007fffbc319000 	C:\WINDOWS\SYSTEM32\WSOCK32.dll
0x00007fffca4d0000 - 0x00007fffca4da000 	C:\WINDOWS\SYSTEM32\VERSION.dll
0x00007fffd3d20000 - 0x00007fffd3d8b000 	C:\WINDOWS\System32\WS2_32.dll
0x00007fffcf820000 - 0x00007fffcf832000 	C:\WINDOWS\SYSTEM32\kernel.appcore.dll
0x00007fffbf630000 - 0x00007fffbf641000 	C:\Program Files\Android\Android Studio\jre\bin\verify.dll
0x00007fffc0c70000 - 0x00007fffc0e54000 	C:\WINDOWS\SYSTEM32\DBGHELP.DLL
0x00007fffc0c40000 - 0x00007fffc0c6c000 	C:\WINDOWS\SYSTEM32\dbgcore.DLL
0x00007fffd22a0000 - 0x00007fffd2323000 	C:\WINDOWS\System32\bcryptPrimitives.dll
0x00007fffbf600000 - 0x00007fffbf629000 	C:\Program Files\Android\Android Studio\jre\bin\java.dll
0x00007fffcb380000 - 0x00007fffcb38b000 	C:\Program Files\Android\Android Studio\jre\bin\jimage.dll
0x00007fffbf5e0000 - 0x00007fffbf5f8000 	C:\Program Files\Android\Android Studio\jre\bin\zip.dll
0x00007fffd24a0000 - 0x00007fffd2bdf000 	C:\WINDOWS\System32\SHELL32.dll
0x00007fffcfb00000 - 0x00007fffd0290000 	C:\WINDOWS\SYSTEM32\windows.storage.dll
0x00007fffd3d90000 - 0x00007fffd40e5000 	C:\WINDOWS\System32\combase.dll
0x00007fffd13e0000 - 0x00007fffd140c000 	C:\WINDOWS\SYSTEM32\Wldp.dll
0x00007fffd23e0000 - 0x00007fffd248e000 	C:\WINDOWS\System32\SHCORE.dll
0x00007fffd3cc0000 - 0x00007fffd3d15000 	C:\WINDOWS\System32\shlwapi.dll
0x00007fffd1940000 - 0x00007fffd195f000 	C:\WINDOWS\SYSTEM32\profapi.dll
0x00007fffaa350000 - 0x00007fffaa36a000 	C:\Program Files\Android\Android Studio\jre\bin\net.dll
0x00007fffc76a0000 - 0x00007fffc77a8000 	C:\WINDOWS\SYSTEM32\WINHTTP.dll
0x00007fffd10e0000 - 0x00007fffd114a000 	C:\WINDOWS\system32\mswsock.dll
0x00007fffaa330000 - 0x00007fffaa344000 	C:\Program Files\Android\Android Studio\jre\bin\nio.dll
0x00007fffa3ed0000 - 0x00007fffa3ef7000 	C:\Users\Dutlitha\.gradle\native\8bec1ad78214c89d9ad589b4d07fe93259594b29d510b10fafb7a158f7737e5d\windows-amd64\native-platform.dll
0x00007fff96210000 - 0x00007fff9634d000 	C:\Users\Dutlitha\.gradle\native\53dbd7edfb1c66fb8903c78663c9afc45aea4f116125fa6feffd364cf09443e8\windows-amd64\native-platform-file-events.dll
0x00007fffcb0f0000 - 0x00007fffcb0fa000 	C:\Program Files\Android\Android Studio\jre\bin\management.dll
0x00007fffcb0d0000 - 0x00007fffcb0dc000 	C:\Program Files\Android\Android Studio\jre\bin\management_ext.dll
0x00007fffd12d0000 - 0x00007fffd12e8000 	C:\WINDOWS\SYSTEM32\CRYPTSP.dll
0x00007fffd0a60000 - 0x00007fffd0a94000 	C:\WINDOWS\system32\rsaenh.dll
0x00007fffd1b90000 - 0x00007fffd1bb7000 	C:\WINDOWS\System32\bcrypt.dll
0x00007fffd18c0000 - 0x00007fffd18ee000 	C:\WINDOWS\SYSTEM32\USERENV.dll
0x00007fffd12f0000 - 0x00007fffd12fc000 	C:\WINDOWS\SYSTEM32\CRYPTBASE.dll
0x00007fffd0dd0000 - 0x00007fffd0e0b000 	C:\WINDOWS\SYSTEM32\IPHLPAPI.DLL
0x00007fffd3c00000 - 0x00007fffd3c08000 	C:\WINDOWS\System32\NSI.dll
0x00007fffc7270000 - 0x00007fffc7287000 	C:\WINDOWS\SYSTEM32\dhcpcsvc6.DLL
0x00007fffc92d0000 - 0x00007fffc92ed000 	C:\WINDOWS\SYSTEM32\dhcpcsvc.DLL
0x00007fffd0e10000 - 0x00007fffd0edc000 	C:\WINDOWS\SYSTEM32\DNSAPI.dll

dbghelp: loaded successfully - version: 4.0.5 - missing functions: none
symbol engine: initialized successfully - sym options: 0x614 - pdb path: .;C:\Program Files\Android\Android Studio\jre\bin;C:\WINDOWS\SYSTEM32;C:\WINDOWS\WinSxS\amd64_microsoft.windows.common-controls_6595b64144ccf1df_6.0.19041.1110_none_60b5254171f9507e;C:\Program Files\Android\Android Studio\jre\bin\server;C:\Users\Dutlitha\.gradle\native\8bec1ad78214c89d9ad589b4d07fe93259594b29d510b10fafb7a158f7737e5d\windows-amd64;C:\Users\Dutlitha\.gradle\native\53dbd7edfb1c66fb8903c78663c9afc45aea4f116125fa6feffd364cf09443e8\windows-amd64

VM Arguments:
jvm_args: --add-opens=java.base/java.util=ALL-UNNAMED --add-opens=java.base/java.lang=ALL-UNNAMED --add-opens=java.base/java.lang.invoke=ALL-UNNAMED --add-opens=java.base/java.util=ALL-UNNAMED --add-opens=java.prefs/java.util.prefs=ALL-UNNAMED --add-opens=java.prefs/java.util.prefs=ALL-UNNAMED --add-opens=java.base/java.nio.charset=ALL-UNNAMED --add-opens=java.base/java.net=ALL-UNNAMED --add-opens=java.base/java.util.concurrent.atomic=ALL-UNNAMED -Xmx2048m -Dfile.encoding=UTF-8 -Duser.country=US -Duser.language=en -Duser.variant 
java_command: org.gradle.launcher.daemon.bootstrap.GradleDaemon 7.0.2
java_class_path (initial): C:\Users\Dutlitha\.gradle\wrapper\dists\gradle-7.0.2-bin\857tjihv64xamwrf0h14cai3r\gradle-7.0.2\lib\gradle-launcher-7.0.2.jar
Launcher Type: SUN_STANDARD

[Global flags]
     intx CICompilerCount                          = 4                                         {product} {ergonomic}
     uint ConcGCThreads                            = 2                                         {product} {ergonomic}
     uint G1ConcRefinementThreads                  = 8                                         {product} {ergonomic}
   size_t G1HeapRegionSize                         = 1048576                                   {product} {ergonomic}
    uintx GCDrainStackTargetSize                   = 64                                        {product} {ergonomic}
   size_t InitialHeapSize                          = 132120576                                 {product} {ergonomic}
   size_t MarkStackSize                            = 4194304                                   {product} {ergonomic}
   size_t MaxHeapSize                              = 2147483648                                {product} {command line}
   size_t MaxNewSize                               = 1287651328                                {product} {ergonomic}
   size_t MinHeapDeltaBytes                        = 1048576                                   {product} {ergonomic}
    uintx NonNMethodCodeHeapSize                   = 5836300                                {pd product} {ergonomic}
    uintx NonProfiledCodeHeapSize                  = 122910970                              {pd product} {ergonomic}
    uintx ProfiledCodeHeapSize                     = 122910970                              {pd product} {ergonomic}
    uintx ReservedCodeCacheSize                    = 251658240                              {pd product} {ergonomic}
     bool SegmentedCodeCache                       = true                                      {product} {ergonomic}
     bool UseCompressedClassPointers               = true                                 {lp64_product} {ergonomic}
     bool UseCompressedOops                        = true                                 {lp64_product} {ergonomic}
     bool UseG1GC                                  = true                                      {product} {ergonomic}
     bool UseLargePagesIndividualAllocation        = false                                  {pd product} {ergonomic}

Logging:
Log output configuration:
 #0: stdout all=warning uptime,level,tags
 #1: stderr all=off uptime,level,tags

Environment Variables:
PATH=C:\Program Files\Common Files\Oracle\Java\javapath;C:\Program Files (x86)\Common Files\Oracle\Java\javapath;C:\WINDOWS\system32;C:\WINDOWS;C:\WINDOWS\System32\Wbem;C:\WINDOWS\System32\WindowsPowerShell\v1.0\;C:\WINDOWS\System32\OpenSSH\;C:\Program Files\Microsoft SQL Server\Client SDK\ODBC\170\Tools\Binn\;C:\Program Files (x86)\Microsoft SQL Server\150\Tools\Binn\;C:\Program Files\Microsoft SQL Server\150\Tools\Binn\;C:\Program Files\Microsoft SQL Server\150\DTS\Binn\;C:\Program Files (x86)\Microsoft SQL Server\150\DTS\Binn\;C:\Program Files\Git\cmd;C:\Users\Dutlitha\AppData\Local\Microsoft\WindowsApps;
USERNAME=Dutlitha
OS=Windows_NT
PROCESSOR_IDENTIFIER=Intel64 Family 6 Model 142 Stepping 12, GenuineIntel



---------------  S Y S T E M  ---------------

OS: Windows 10 , 64 bit Build 19041 (10.0.19041.1202)
OS uptime: 5 days 0:16 hours

CPU:total 8 (initial active 8) (4 cores per cpu, 2 threads per core) family 6 model 142 stepping 12 microcode 0xbe, cmov, cx8, fxsr, mmx, sse, sse2, sse3, ssse3, sse4.1, sse4.2, popcnt, avx, avx2, aes, clmul, erms, 3dnowpref, lzcnt, ht, tsc, tscinvbit, bmi1, bmi2, adx, fma

Memory: 4k page, system-wide physical 8033M (214M free)
TotalPageFile size 12129M (AvailPageFile size 1M)
current process WorkingSet (physical memory assigned to process): 145M, peak: 460M
current process commit charge ("private bytes"): 443M, peak: 498M

vm_info: OpenJDK 64-Bit Server VM (11.0.10+0-b96-7249189) for windows-amd64 JRE (11.0.10+0-b96-7249189), built on Mar 31 2021 21:44:00 by "builder" with MS VC++ 14.0 (VS2015)

END.
